-------------------------------------------------------------------------------
Test set: io.cloudboost.CloudTableTest
-------------------------------------------------------------------------------
Tests run: 40, Failures: 2, Errors: 4, Skipped: 0, Time elapsed: 160.61 sec <<< FAILURE!
sequentialTests(io.cloudboost.CloudTableTest)  Time elapsed: 13.179 sec  <<< FAILURE!
junit.framework.AssertionFailedError: null
	at junit.framework.Assert.fail(Assert.java:47)
	at io.cloudboost.CloudTableTest$1$1$1.done(CloudTableTest.java:48)
	at io.cloudboost.CloudTable.save(CloudTable.java:372)
	at io.cloudboost.CloudTableTest$1$1.done(CloudTableTest.java:42)
	at io.cloudboost.CloudTable.save(CloudTable.java:369)
	at io.cloudboost.CloudTableTest$1.done(CloudTableTest.java:34)
	at io.cloudboost.CloudTable.save(CloudTable.java:369)
	at io.cloudboost.CloudTableTest.sequentialTests(CloudTableTest.java:26)
	at sun.reflect.NativeMethodAccessorImpl.invoke0(Native Method)
	at sun.reflect.NativeMethodAccessorImpl.invoke(NativeMethodAccessorImpl.java:62)
	at sun.reflect.DelegatingMethodAccessorImpl.invoke(DelegatingMethodAccessorImpl.java:43)
	at java.lang.reflect.Method.invoke(Method.java:483)
	at org.junit.runners.model.FrameworkMethod$1.runReflectiveCall(FrameworkMethod.java:44)
	at org.junit.internal.runners.model.ReflectiveCallable.run(ReflectiveCallable.java:15)
	at org.junit.runners.model.FrameworkMethod.invokeExplosively(FrameworkMethod.java:41)
	at org.junit.internal.runners.statements.InvokeMethod.evaluate(InvokeMethod.java:20)
	at org.junit.internal.runners.statements.FailOnTimeout$1.run(FailOnTimeout.java:28)

createAndDeleteTable(io.cloudboost.CloudTableTest)  Time elapsed: 10.002 sec  <<< ERROR!
java.lang.NullPointerException
	at io.cloudboost.CloudTableTest$5.done(CloudTableTest.java:266)
	at io.cloudboost.CloudTable.save(CloudTable.java:372)
	at io.cloudboost.CloudTableTest.createAndDeleteTable(CloudTableTest.java:262)
	at sun.reflect.NativeMethodAccessorImpl.invoke0(Native Method)
	at sun.reflect.NativeMethodAccessorImpl.invoke(NativeMethodAccessorImpl.java:62)
	at sun.reflect.DelegatingMethodAccessorImpl.invoke(DelegatingMethodAccessorImpl.java:43)
	at java.lang.reflect.Method.invoke(Method.java:483)
	at org.junit.runners.model.FrameworkMethod$1.runReflectiveCall(FrameworkMethod.java:44)
	at org.junit.internal.runners.model.ReflectiveCallable.run(ReflectiveCallable.java:15)
	at org.junit.runners.model.FrameworkMethod.invokeExplosively(FrameworkMethod.java:41)
	at org.junit.internal.runners.statements.InvokeMethod.evaluate(InvokeMethod.java:20)
	at org.junit.internal.runners.statements.FailOnTimeout$1.run(FailOnTimeout.java:28)

shouldGetAllTable(io.cloudboost.CloudTableTest)  Time elapsed: 10.004 sec  <<< FAILURE!
junit.framework.AssertionFailedError: null
	at junit.framework.Assert.fail(Assert.java:47)
	at io.cloudboost.CloudTableTest$7.done(CloudTableTest.java:329)
	at io.cloudboost.CloudTable.getAll(CloudTable.java:299)
	at io.cloudboost.CloudTableTest.shouldGetAllTable(CloudTableTest.java:323)
	at sun.reflect.NativeMethodAccessorImpl.invoke0(Native Method)
	at sun.reflect.NativeMethodAccessorImpl.invoke(NativeMethodAccessorImpl.java:62)
	at sun.reflect.DelegatingMethodAccessorImpl.invoke(DelegatingMethodAccessorImpl.java:43)
	at java.lang.reflect.Method.invoke(Method.java:483)
	at org.junit.runners.model.FrameworkMethod$1.runReflectiveCall(FrameworkMethod.java:44)
	at org.junit.internal.runners.model.ReflectiveCallable.run(ReflectiveCallable.java:15)
	at org.junit.runners.model.FrameworkMethod.invokeExplosively(FrameworkMethod.java:41)
	at org.junit.internal.runners.statements.InvokeMethod.evaluate(InvokeMethod.java:20)
	at org.junit.internal.runners.statements.FailOnTimeout$1.run(FailOnTimeout.java:28)

updateNewColumnIntoTable(io.cloudboost.CloudTableTest)  Time elapsed: 11.751 sec  <<< ERROR!
java.lang.NullPointerException
	at io.cloudboost.Column.setRelatedTo(Column.java:181)
	at io.cloudboost.CloudTableTest$9$1$1.done(CloudTableTest.java:379)
	at io.cloudboost.CloudTable.get(CloudTable.java:337)
	at io.cloudboost.CloudTableTest$9$1.done(CloudTableTest.java:373)
	at io.cloudboost.CloudTable.save(CloudTable.java:369)
	at io.cloudboost.CloudTableTest$9.done(CloudTableTest.java:369)
	at io.cloudboost.CloudTable.save(CloudTable.java:369)
	at io.cloudboost.CloudTableTest.updateNewColumnIntoTable(CloudTableTest.java:365)
	at sun.reflect.NativeMethodAccessorImpl.invoke0(Native Method)
	at sun.reflect.NativeMethodAccessorImpl.invoke(NativeMethodAccessorImpl.java:62)
	at sun.reflect.DelegatingMethodAccessorImpl.invoke(DelegatingMethodAccessorImpl.java:43)
	at java.lang.reflect.Method.invoke(Method.java:483)
	at org.junit.runners.model.FrameworkMethod$1.runReflectiveCall(FrameworkMethod.java:44)
	at org.junit.internal.runners.model.ReflectiveCallable.run(ReflectiveCallable.java:15)
	at org.junit.runners.model.FrameworkMethod.invokeExplosively(FrameworkMethod.java:41)
	at org.junit.internal.runners.statements.InvokeMethod.evaluate(InvokeMethod.java:20)
	at org.junit.internal.runners.statements.FailOnTimeout$1.run(FailOnTimeout.java:28)

shouldNotDeleteDefaultColumn(io.cloudboost.CloudTableTest)  Time elapsed: 10.002 sec  <<< ERROR!
java.lang.NullPointerException
	at io.cloudboost.CloudTableTest$19.done(CloudTableTest.java:761)
	at io.cloudboost.CloudTable.save(CloudTable.java:372)
	at io.cloudboost.CloudTableTest.shouldNotDeleteDefaultColumn(CloudTableTest.java:755)
	at sun.reflect.NativeMethodAccessorImpl.invoke0(Native Method)
	at sun.reflect.NativeMethodAccessorImpl.invoke(NativeMethodAccessorImpl.java:62)
	at sun.reflect.DelegatingMethodAccessorImpl.invoke(DelegatingMethodAccessorImpl.java:43)
	at java.lang.reflect.Method.invoke(Method.java:483)
	at org.junit.runners.model.FrameworkMethod$1.runReflectiveCall(FrameworkMethod.java:44)
	at org.junit.internal.runners.model.ReflectiveCallable.run(ReflectiveCallable.java:15)
	at org.junit.runners.model.FrameworkMethod.invokeExplosively(FrameworkMethod.java:41)
	at org.junit.internal.runners.statements.InvokeMethod.evaluate(InvokeMethod.java:20)
	at org.junit.internal.runners.statements.FailOnTimeout$1.run(FailOnTimeout.java:28)

shouldCreateAndDeleteTable(io.cloudboost.CloudTableTest)  Time elapsed: 11.309 sec  <<< ERROR!
java.lang.NullPointerException
	at io.cloudboost.CloudTableTest$10.done(CloudTableTest.java:426)
	at io.cloudboost.CloudTable.save(CloudTable.java:372)
	at io.cloudboost.CloudTableTest.shouldCreateAndDeleteTable(CloudTableTest.java:422)
	at sun.reflect.NativeMethodAccessorImpl.invoke0(Native Method)
	at sun.reflect.NativeMethodAccessorImpl.invoke(NativeMethodAccessorImpl.java:62)
	at sun.reflect.DelegatingMethodAccessorImpl.invoke(DelegatingMethodAccessorImpl.java:43)
	at java.lang.reflect.Method.invoke(Method.java:483)
	at org.junit.runners.model.FrameworkMethod$1.runReflectiveCall(FrameworkMethod.java:44)
	at org.junit.internal.runners.model.ReflectiveCallable.run(ReflectiveCallable.java:15)
	at org.junit.runners.model.FrameworkMethod.invokeExplosively(FrameworkMethod.java:41)
	at org.junit.internal.runners.statements.InvokeMethod.evaluate(InvokeMethod.java:20)
	at org.junit.internal.runners.statements.FailOnTimeout$1.run(FailOnTimeout.java:28)

