-------------------------------------------------------------------------------
Test set: io.cloudboost.CloudQueueTest
-------------------------------------------------------------------------------
Tests run: 40, Failures: 2, Errors: 0, Skipped: 0, Time elapsed: 147.512 sec <<< FAILURE!
pushDuplicateMessages(io.cloudboost.CloudQueueTest)  Time elapsed: 11.024 sec  <<< FAILURE!
junit.framework.AssertionFailedError: null
	at junit.framework.Assert.fail(Assert.java:47)
	at io.cloudboost.CloudQueueTest$4$1.done(CloudQueueTest.java:113)
	at io.cloudboost.CloudQueue.push(CloudQueue.java:549)
	at io.cloudboost.CloudQueueTest$4.done(CloudQueueTest.java:107)
	at io.cloudboost.CloudQueue.push(CloudQueue.java:547)
	at io.cloudboost.CloudQueueTest.pushDuplicateMessages(CloudQueueTest.java:98)
	at sun.reflect.NativeMethodAccessorImpl.invoke0(Native Method)
	at sun.reflect.NativeMethodAccessorImpl.invoke(NativeMethodAccessorImpl.java:62)
	at sun.reflect.DelegatingMethodAccessorImpl.invoke(DelegatingMethodAccessorImpl.java:43)
	at java.lang.reflect.Method.invoke(Method.java:483)
	at org.junit.runners.model.FrameworkMethod$1.runReflectiveCall(FrameworkMethod.java:44)
	at org.junit.internal.runners.model.ReflectiveCallable.run(ReflectiveCallable.java:15)
	at org.junit.runners.model.FrameworkMethod.invokeExplosively(FrameworkMethod.java:41)
	at org.junit.internal.runners.statements.InvokeMethod.evaluate(InvokeMethod.java:20)
	at org.junit.internal.runners.statements.FailOnTimeout$1.run(FailOnTimeout.java:28)

shouldUpdateQueue(io.cloudboost.CloudQueueTest)  Time elapsed: 11.954 sec  <<< FAILURE!
junit.framework.AssertionFailedError: null
	at junit.framework.Assert.fail(Assert.java:47)
	at io.cloudboost.CloudQueueTest$40$1$1.done(CloudQueueTest.java:1492)
	at io.cloudboost.CloudQueue.update(CloudQueue.java:716)
	at io.cloudboost.CloudQueueTest$40$1.done(CloudQueueTest.java:1483)
	at io.cloudboost.CloudQueue.addSubscriber(CloudQueue.java:421)
	at io.cloudboost.CloudQueueTest$40.done(CloudQueueTest.java:1475)
	at io.cloudboost.CloudQueue.push(CloudQueue.java:547)
	at io.cloudboost.CloudQueueTest.shouldUpdateQueue(CloudQueueTest.java:1466)
	at sun.reflect.NativeMethodAccessorImpl.invoke0(Native Method)
	at sun.reflect.NativeMethodAccessorImpl.invoke(NativeMethodAccessorImpl.java:62)
	at sun.reflect.DelegatingMethodAccessorImpl.invoke(DelegatingMethodAccessorImpl.java:43)
	at java.lang.reflect.Method.invoke(Method.java:483)
	at org.junit.runners.model.FrameworkMethod$1.runReflectiveCall(FrameworkMethod.java:44)
	at org.junit.internal.runners.model.ReflectiveCallable.run(ReflectiveCallable.java:15)
	at org.junit.runners.model.FrameworkMethod.invokeExplosively(FrameworkMethod.java:41)
	at org.junit.internal.runners.statements.InvokeMethod.evaluate(InvokeMethod.java:20)
	at org.junit.internal.runners.statements.FailOnTimeout$1.run(FailOnTimeout.java:28)

