-------------------------------------------------------------------------------
Test set: io.cloudboost.TestFileAcl
-------------------------------------------------------------------------------
Tests run: 3, Failures: 0, Errors: 1, Skipped: 0, Time elapsed: 16.124 sec <<< FAILURE!
shouldNotGetFileContentWithNoAccess(io.cloudboost.TestFileAcl)  Time elapsed: 10.401 sec  <<< ERROR!
java.lang.NullPointerException
	at io.cloudboost.TestFileAcl$2.done(TestFileAcl.java:53)
	at io.cloudboost.CloudFile.save(CloudFile.java:343)
	at io.cloudboost.TestFileAcl.shouldNotGetFileContentWithNoAccess(TestFileAcl.java:49)
	at sun.reflect.NativeMethodAccessorImpl.invoke0(Native Method)
	at sun.reflect.NativeMethodAccessorImpl.invoke(NativeMethodAccessorImpl.java:62)
	at sun.reflect.DelegatingMethodAccessorImpl.invoke(DelegatingMethodAccessorImpl.java:43)
	at java.lang.reflect.Method.invoke(Method.java:483)
	at org.junit.runners.model.FrameworkMethod$1.runReflectiveCall(FrameworkMethod.java:44)
	at org.junit.internal.runners.model.ReflectiveCallable.run(ReflectiveCallable.java:15)
	at org.junit.runners.model.FrameworkMethod.invokeExplosively(FrameworkMethod.java:41)
	at org.junit.internal.runners.statements.InvokeMethod.evaluate(InvokeMethod.java:20)
	at org.junit.internal.runners.statements.FailOnTimeout$1.run(FailOnTimeout.java:28)

