-------------------------------------------------------------------------------
Test set: io.cloudboost.CloudTableTest
-------------------------------------------------------------------------------
Tests run: 40, Failures: 0, Errors: 1, Skipped: 0, Time elapsed: 135.967 sec <<< FAILURE!
addColumnToExistingTable(io.cloudboost.CloudTableTest)  Time elapsed: 10.002 sec  <<< ERROR!
java.lang.NullPointerException
	at io.cloudboost.CloudTableTest$13.done(CloudTableTest.java:516)
	at io.cloudboost.CloudTable.save(CloudTable.java:372)
	at io.cloudboost.CloudTableTest.addColumnToExistingTable(CloudTableTest.java:510)
	at sun.reflect.NativeMethodAccessorImpl.invoke0(Native Method)
	at sun.reflect.NativeMethodAccessorImpl.invoke(NativeMethodAccessorImpl.java:62)
	at sun.reflect.DelegatingMethodAccessorImpl.invoke(DelegatingMethodAccessorImpl.java:43)
	at java.lang.reflect.Method.invoke(Method.java:483)
	at org.junit.runners.model.FrameworkMethod$1.runReflectiveCall(FrameworkMethod.java:44)
	at org.junit.internal.runners.model.ReflectiveCallable.run(ReflectiveCallable.java:15)
	at org.junit.runners.model.FrameworkMethod.invokeExplosively(FrameworkMethod.java:41)
	at org.junit.internal.runners.statements.InvokeMethod.evaluate(InvokeMethod.java:20)
	at org.junit.internal.runners.statements.FailOnTimeout$1.run(FailOnTimeout.java:28)

