-------------------------------------------------------------------------------
Test set: io.cloudboost.CloudQueryTest
-------------------------------------------------------------------------------
Tests run: 29, Failures: 7, Errors: 22, Skipped: 0, Time elapsed: 98.528 sec <<< FAILURE!
startsWith(io.cloudboost.CloudQueryTest)  Time elapsed: 2.012 sec  <<< ERROR!
java.lang.NullPointerException
	at io.cloudboost.util.CBParser.callJson(CBParser.java:70)
	at io.cloudboost.CloudQuery.find(CloudQuery.java:1118)
	at io.cloudboost.CloudQueryTest.startsWith(CloudQueryTest.java:218)
	at sun.reflect.NativeMethodAccessorImpl.invoke0(Native Method)
	at sun.reflect.NativeMethodAccessorImpl.invoke(NativeMethodAccessorImpl.java:62)
	at sun.reflect.DelegatingMethodAccessorImpl.invoke(DelegatingMethodAccessorImpl.java:43)
	at java.lang.reflect.Method.invoke(Method.java:483)
	at org.junit.runners.model.FrameworkMethod$1.runReflectiveCall(FrameworkMethod.java:44)
	at org.junit.internal.runners.model.ReflectiveCallable.run(ReflectiveCallable.java:15)
	at org.junit.runners.model.FrameworkMethod.invokeExplosively(FrameworkMethod.java:41)
	at org.junit.internal.runners.statements.InvokeMethod.evaluate(InvokeMethod.java:20)
	at org.junit.internal.runners.statements.FailOnTimeout$1.run(FailOnTimeout.java:28)

containsAll(io.cloudboost.CloudQueryTest)  Time elapsed: 3.59 sec  <<< ERROR!
java.lang.NullPointerException
	at io.cloudboost.util.CBParser.callJson(CBParser.java:70)
	at io.cloudboost.CloudQuery.find(CloudQuery.java:1118)
	at io.cloudboost.CloudQueryTest$7.done(CloudQueryTest.java:191)
	at io.cloudboost.CloudObject.save(CloudObject.java:712)
	at io.cloudboost.CloudQueryTest.containsAll(CloudQueryTest.java:186)
	at sun.reflect.NativeMethodAccessorImpl.invoke0(Native Method)
	at sun.reflect.NativeMethodAccessorImpl.invoke(NativeMethodAccessorImpl.java:62)
	at sun.reflect.DelegatingMethodAccessorImpl.invoke(DelegatingMethodAccessorImpl.java:43)
	at java.lang.reflect.Method.invoke(Method.java:483)
	at org.junit.runners.model.FrameworkMethod$1.runReflectiveCall(FrameworkMethod.java:44)
	at org.junit.internal.runners.model.ReflectiveCallable.run(ReflectiveCallable.java:15)
	at org.junit.runners.model.FrameworkMethod.invokeExplosively(FrameworkMethod.java:41)
	at org.junit.internal.runners.statements.InvokeMethod.evaluate(InvokeMethod.java:20)
	at org.junit.internal.runners.statements.FailOnTimeout$1.run(FailOnTimeout.java:28)

exists(io.cloudboost.CloudQueryTest)  Time elapsed: 4.311 sec  <<< ERROR!
java.lang.NullPointerException
	at io.cloudboost.util.CBParser.callJson(CBParser.java:70)
	at io.cloudboost.CloudQuery.find(CloudQuery.java:1118)
	at io.cloudboost.CloudQueryTest$18.done(CloudQueryTest.java:519)
	at io.cloudboost.CloudObject.save(CloudObject.java:712)
	at io.cloudboost.CloudQueryTest.exists(CloudQueryTest.java:514)
	at sun.reflect.NativeMethodAccessorImpl.invoke0(Native Method)
	at sun.reflect.NativeMethodAccessorImpl.invoke(NativeMethodAccessorImpl.java:62)
	at sun.reflect.DelegatingMethodAccessorImpl.invoke(DelegatingMethodAccessorImpl.java:43)
	at java.lang.reflect.Method.invoke(Method.java:483)
	at org.junit.runners.model.FrameworkMethod$1.runReflectiveCall(FrameworkMethod.java:44)
	at org.junit.internal.runners.model.ReflectiveCallable.run(ReflectiveCallable.java:15)
	at org.junit.runners.model.FrameworkMethod.invokeExplosively(FrameworkMethod.java:41)
	at org.junit.internal.runners.statements.InvokeMethod.evaluate(InvokeMethod.java:20)
	at org.junit.internal.runners.statements.FailOnTimeout$1.run(FailOnTimeout.java:28)

or(io.cloudboost.CloudQueryTest)  Time elapsed: 2.14 sec  <<< ERROR!
java.lang.NullPointerException
	at io.cloudboost.util.CBParser.callJson(CBParser.java:70)
	at io.cloudboost.CloudQuery.find(CloudQuery.java:1118)
	at io.cloudboost.CloudQueryTest.or(CloudQueryTest.java:394)
	at sun.reflect.NativeMethodAccessorImpl.invoke0(Native Method)
	at sun.reflect.NativeMethodAccessorImpl.invoke(NativeMethodAccessorImpl.java:62)
	at sun.reflect.DelegatingMethodAccessorImpl.invoke(DelegatingMethodAccessorImpl.java:43)
	at java.lang.reflect.Method.invoke(Method.java:483)
	at org.junit.runners.model.FrameworkMethod$1.runReflectiveCall(FrameworkMethod.java:44)
	at org.junit.internal.runners.model.ReflectiveCallable.run(ReflectiveCallable.java:15)
	at org.junit.runners.model.FrameworkMethod.invokeExplosively(FrameworkMethod.java:41)
	at org.junit.internal.runners.statements.InvokeMethod.evaluate(InvokeMethod.java:20)
	at org.junit.internal.runners.statements.FailOnTimeout$1.run(FailOnTimeout.java:28)

containedInOverListOfCloudObject(io.cloudboost.CloudQueryTest)  Time elapsed: 2.13 sec  <<< FAILURE!
junit.framework.AssertionFailedError: null
	at junit.framework.Assert.fail(Assert.java:47)
	at io.cloudboost.CloudQueryTest$26.done(CloudQueryTest.java:776)
	at io.cloudboost.CloudObject.save(CloudObject.java:712)
	at io.cloudboost.CloudQueryTest.containedInOverListOfCloudObject(CloudQueryTest.java:772)
	at sun.reflect.NativeMethodAccessorImpl.invoke0(Native Method)
	at sun.reflect.NativeMethodAccessorImpl.invoke(NativeMethodAccessorImpl.java:62)
	at sun.reflect.DelegatingMethodAccessorImpl.invoke(DelegatingMethodAccessorImpl.java:43)
	at java.lang.reflect.Method.invoke(Method.java:483)
	at org.junit.runners.model.FrameworkMethod$1.runReflectiveCall(FrameworkMethod.java:44)
	at org.junit.internal.runners.model.ReflectiveCallable.run(ReflectiveCallable.java:15)
	at org.junit.runners.model.FrameworkMethod.invokeExplosively(FrameworkMethod.java:41)
	at org.junit.internal.runners.statements.InvokeMethod.evaluate(InvokeMethod.java:20)
	at org.junit.internal.runners.statements.FailOnTimeout$1.run(FailOnTimeout.java:28)

includeRelationObjectOnDistinct(io.cloudboost.CloudQueryTest)  Time elapsed: 2.228 sec  <<< FAILURE!
junit.framework.AssertionFailedError: null
	at junit.framework.Assert.fail(Assert.java:47)
	at io.cloudboost.CloudQueryTest$24.done(CloudQueryTest.java:704)
	at io.cloudboost.CloudObject.save(CloudObject.java:712)
	at io.cloudboost.CloudQueryTest.includeRelationObjectOnDistinct(CloudQueryTest.java:700)
	at sun.reflect.NativeMethodAccessorImpl.invoke0(Native Method)
	at sun.reflect.NativeMethodAccessorImpl.invoke(NativeMethodAccessorImpl.java:62)
	at sun.reflect.DelegatingMethodAccessorImpl.invoke(DelegatingMethodAccessorImpl.java:43)
	at java.lang.reflect.Method.invoke(Method.java:483)
	at org.junit.runners.model.FrameworkMethod$1.runReflectiveCall(FrameworkMethod.java:44)
	at org.junit.internal.runners.model.ReflectiveCallable.run(ReflectiveCallable.java:15)
	at org.junit.runners.model.FrameworkMethod.invokeExplosively(FrameworkMethod.java:41)
	at org.junit.internal.runners.statements.InvokeMethod.evaluate(InvokeMethod.java:20)
	at org.junit.internal.runners.statements.FailOnTimeout$1.run(FailOnTimeout.java:28)

getEncryptedPasswordOverQuery(io.cloudboost.CloudQueryTest)  Time elapsed: 2.121 sec  <<< ERROR!
java.lang.NullPointerException
	at io.cloudboost.CloudQueryTest$29.done(CloudQueryTest.java:874)
	at io.cloudboost.CloudObject.save(CloudObject.java:712)
	at io.cloudboost.CloudQueryTest.getEncryptedPasswordOverQuery(CloudQueryTest.java:871)
	at sun.reflect.NativeMethodAccessorImpl.invoke0(Native Method)
	at sun.reflect.NativeMethodAccessorImpl.invoke(NativeMethodAccessorImpl.java:62)
	at sun.reflect.DelegatingMethodAccessorImpl.invoke(DelegatingMethodAccessorImpl.java:43)
	at java.lang.reflect.Method.invoke(Method.java:483)
	at org.junit.runners.model.FrameworkMethod$1.runReflectiveCall(FrameworkMethod.java:44)
	at org.junit.internal.runners.model.ReflectiveCallable.run(ReflectiveCallable.java:15)
	at org.junit.runners.model.FrameworkMethod.invokeExplosively(FrameworkMethod.java:41)
	at org.junit.internal.runners.statements.InvokeMethod.evaluate(InvokeMethod.java:20)
	at org.junit.internal.runners.statements.FailOnTimeout$1.run(FailOnTimeout.java:28)

queryOverLinkedColumnWithEqualTo(io.cloudboost.CloudQueryTest)  Time elapsed: 2.22 sec  <<< FAILURE!
junit.framework.AssertionFailedError: null
	at junit.framework.Assert.fail(Assert.java:47)
	at io.cloudboost.CloudQueryTest$25.done(CloudQueryTest.java:742)
	at io.cloudboost.CloudObject.save(CloudObject.java:712)
	at io.cloudboost.CloudQueryTest.queryOverLinkedColumnWithEqualTo(CloudQueryTest.java:738)
	at sun.reflect.NativeMethodAccessorImpl.invoke0(Native Method)
	at sun.reflect.NativeMethodAccessorImpl.invoke(NativeMethodAccessorImpl.java:62)
	at sun.reflect.DelegatingMethodAccessorImpl.invoke(DelegatingMethodAccessorImpl.java:43)
	at java.lang.reflect.Method.invoke(Method.java:483)
	at org.junit.runners.model.FrameworkMethod$1.runReflectiveCall(FrameworkMethod.java:44)
	at org.junit.internal.runners.model.ReflectiveCallable.run(ReflectiveCallable.java:15)
	at org.junit.runners.model.FrameworkMethod.invokeExplosively(FrameworkMethod.java:41)
	at org.junit.internal.runners.statements.InvokeMethod.evaluate(InvokeMethod.java:20)
	at org.junit.internal.runners.statements.FailOnTimeout$1.run(FailOnTimeout.java:28)

includeRelationlObjectInQuery(io.cloudboost.CloudQueryTest)  Time elapsed: 2.087 sec  <<< FAILURE!
junit.framework.AssertionFailedError: null
	at junit.framework.Assert.fail(Assert.java:47)
	at io.cloudboost.CloudQueryTest$23.done(CloudQueryTest.java:662)
	at io.cloudboost.CloudObject.save(CloudObject.java:712)
	at io.cloudboost.CloudQueryTest.includeRelationlObjectInQuery(CloudQueryTest.java:658)
	at sun.reflect.NativeMethodAccessorImpl.invoke0(Native Method)
	at sun.reflect.NativeMethodAccessorImpl.invoke(NativeMethodAccessorImpl.java:62)
	at sun.reflect.DelegatingMethodAccessorImpl.invoke(DelegatingMethodAccessorImpl.java:43)
	at java.lang.reflect.Method.invoke(Method.java:483)
	at org.junit.runners.model.FrameworkMethod$1.runReflectiveCall(FrameworkMethod.java:44)
	at org.junit.internal.runners.model.ReflectiveCallable.run(ReflectiveCallable.java:15)
	at org.junit.runners.model.FrameworkMethod.invokeExplosively(FrameworkMethod.java:41)
	at org.junit.internal.runners.statements.InvokeMethod.evaluate(InvokeMethod.java:20)
	at org.junit.internal.runners.statements.FailOnTimeout$1.run(FailOnTimeout.java:28)

notContianedIn(io.cloudboost.CloudQueryTest)  Time elapsed: 4.619 sec  <<< ERROR!
java.lang.NullPointerException
	at io.cloudboost.util.CBParser.callJson(CBParser.java:70)
	at io.cloudboost.CloudQuery.find(CloudQuery.java:1118)
	at io.cloudboost.CloudQueryTest$9.done(CloudQueryTest.java:247)
	at io.cloudboost.CloudObject.save(CloudObject.java:712)
	at io.cloudboost.CloudQueryTest.notContianedIn(CloudQueryTest.java:241)
	at sun.reflect.NativeMethodAccessorImpl.invoke0(Native Method)
	at sun.reflect.NativeMethodAccessorImpl.invoke(NativeMethodAccessorImpl.java:62)
	at sun.reflect.DelegatingMethodAccessorImpl.invoke(DelegatingMethodAccessorImpl.java:43)
	at java.lang.reflect.Method.invoke(Method.java:483)
	at org.junit.runners.model.FrameworkMethod$1.runReflectiveCall(FrameworkMethod.java:44)
	at org.junit.internal.runners.model.ReflectiveCallable.run(ReflectiveCallable.java:15)
	at org.junit.runners.model.FrameworkMethod.invokeExplosively(FrameworkMethod.java:41)
	at org.junit.internal.runners.statements.InvokeMethod.evaluate(InvokeMethod.java:20)
	at org.junit.internal.runners.statements.FailOnTimeout$1.run(FailOnTimeout.java:28)

saveRelation(io.cloudboost.CloudQueryTest)  Time elapsed: 2.191 sec  <<< FAILURE!
junit.framework.AssertionFailedError: null
	at junit.framework.Assert.fail(Assert.java:47)
	at io.cloudboost.CloudQueryTest$21.done(CloudQueryTest.java:614)
	at io.cloudboost.CloudObject.save(CloudObject.java:712)
	at io.cloudboost.CloudQueryTest.saveRelation(CloudQueryTest.java:610)
	at sun.reflect.NativeMethodAccessorImpl.invoke0(Native Method)
	at sun.reflect.NativeMethodAccessorImpl.invoke(NativeMethodAccessorImpl.java:62)
	at sun.reflect.DelegatingMethodAccessorImpl.invoke(DelegatingMethodAccessorImpl.java:43)
	at java.lang.reflect.Method.invoke(Method.java:483)
	at org.junit.runners.model.FrameworkMethod$1.runReflectiveCall(FrameworkMethod.java:44)
	at org.junit.internal.runners.model.ReflectiveCallable.run(ReflectiveCallable.java:15)
	at org.junit.runners.model.FrameworkMethod.invokeExplosively(FrameworkMethod.java:41)
	at org.junit.internal.runners.statements.InvokeMethod.evaluate(InvokeMethod.java:20)
	at org.junit.internal.runners.statements.FailOnTimeout$1.run(FailOnTimeout.java:28)

selectColumn(io.cloudboost.CloudQueryTest)  Time elapsed: 2.092 sec  <<< ERROR!
java.lang.NullPointerException
	at io.cloudboost.CloudQueryTest$1.done(CloudQueryTest.java:25)
	at io.cloudboost.CloudObject.save(CloudObject.java:712)
	at io.cloudboost.CloudQueryTest.selectColumn(CloudQueryTest.java:21)
	at sun.reflect.NativeMethodAccessorImpl.invoke0(Native Method)
	at sun.reflect.NativeMethodAccessorImpl.invoke(NativeMethodAccessorImpl.java:62)
	at sun.reflect.DelegatingMethodAccessorImpl.invoke(DelegatingMethodAccessorImpl.java:43)
	at java.lang.reflect.Method.invoke(Method.java:483)
	at org.junit.runners.model.FrameworkMethod$1.runReflectiveCall(FrameworkMethod.java:44)
	at org.junit.internal.runners.model.ReflectiveCallable.run(ReflectiveCallable.java:15)
	at org.junit.runners.model.FrameworkMethod.invokeExplosively(FrameworkMethod.java:41)
	at org.junit.internal.runners.statements.InvokeMethod.evaluate(InvokeMethod.java:20)
	at org.junit.internal.runners.statements.FailOnTimeout$1.run(FailOnTimeout.java:28)

equalToWithNull(io.cloudboost.CloudQueryTest)  Time elapsed: 4.079 sec  <<< ERROR!
java.lang.NullPointerException
	at io.cloudboost.util.CBParser.callJson(CBParser.java:70)
	at io.cloudboost.CloudQuery.find(CloudQuery.java:1118)
	at io.cloudboost.CloudQueryTest$3.done(CloudQueryTest.java:87)
	at io.cloudboost.CloudObject.save(CloudObject.java:712)
	at io.cloudboost.CloudQueryTest.equalToWithNull(CloudQueryTest.java:82)
	at sun.reflect.NativeMethodAccessorImpl.invoke0(Native Method)
	at sun.reflect.NativeMethodAccessorImpl.invoke(NativeMethodAccessorImpl.java:62)
	at sun.reflect.DelegatingMethodAccessorImpl.invoke(DelegatingMethodAccessorImpl.java:43)
	at java.lang.reflect.Method.invoke(Method.java:483)
	at org.junit.runners.model.FrameworkMethod$1.runReflectiveCall(FrameworkMethod.java:44)
	at org.junit.internal.runners.model.ReflectiveCallable.run(ReflectiveCallable.java:15)
	at org.junit.runners.model.FrameworkMethod.invokeExplosively(FrameworkMethod.java:41)
	at org.junit.internal.runners.statements.InvokeMethod.evaluate(InvokeMethod.java:20)
	at org.junit.internal.runners.statements.FailOnTimeout$1.run(FailOnTimeout.java:28)

greaterThan(io.cloudboost.CloudQueryTest)  Time elapsed: 3.82 sec  <<< ERROR!
java.lang.NullPointerException
	at io.cloudboost.util.CBParser.callJson(CBParser.java:70)
	at io.cloudboost.CloudQuery.find(CloudQuery.java:1118)
	at io.cloudboost.CloudQueryTest$10.done(CloudQueryTest.java:281)
	at io.cloudboost.CloudObject.save(CloudObject.java:712)
	at io.cloudboost.CloudQueryTest.greaterThan(CloudQueryTest.java:276)
	at sun.reflect.NativeMethodAccessorImpl.invoke0(Native Method)
	at sun.reflect.NativeMethodAccessorImpl.invoke(NativeMethodAccessorImpl.java:62)
	at sun.reflect.DelegatingMethodAccessorImpl.invoke(DelegatingMethodAccessorImpl.java:43)
	at java.lang.reflect.Method.invoke(Method.java:483)
	at org.junit.runners.model.FrameworkMethod$1.runReflectiveCall(FrameworkMethod.java:44)
	at org.junit.internal.runners.model.ReflectiveCallable.run(ReflectiveCallable.java:15)
	at org.junit.runners.model.FrameworkMethod.invokeExplosively(FrameworkMethod.java:41)
	at org.junit.internal.runners.statements.InvokeMethod.evaluate(InvokeMethod.java:20)
	at org.junit.internal.runners.statements.FailOnTimeout$1.run(FailOnTimeout.java:28)

ascendingOrder(io.cloudboost.CloudQueryTest)  Time elapsed: 4.481 sec  <<< ERROR!
java.lang.NullPointerException
	at io.cloudboost.util.CBParser.callJson(CBParser.java:70)
	at io.cloudboost.CloudQuery.find(CloudQuery.java:1118)
	at io.cloudboost.CloudQueryTest$15.done(CloudQueryTest.java:430)
	at io.cloudboost.CloudObject.save(CloudObject.java:712)
	at io.cloudboost.CloudQueryTest.ascendingOrder(CloudQueryTest.java:425)
	at sun.reflect.NativeMethodAccessorImpl.invoke0(Native Method)
	at sun.reflect.NativeMethodAccessorImpl.invoke(NativeMethodAccessorImpl.java:62)
	at sun.reflect.DelegatingMethodAccessorImpl.invoke(DelegatingMethodAccessorImpl.java:43)
	at java.lang.reflect.Method.invoke(Method.java:483)
	at org.junit.runners.model.FrameworkMethod$1.runReflectiveCall(FrameworkMethod.java:44)
	at org.junit.internal.runners.model.ReflectiveCallable.run(ReflectiveCallable.java:15)
	at org.junit.runners.model.FrameworkMethod.invokeExplosively(FrameworkMethod.java:41)
	at org.junit.internal.runners.statements.InvokeMethod.evaluate(InvokeMethod.java:20)
	at org.junit.internal.runners.statements.FailOnTimeout$1.run(FailOnTimeout.java:28)

saveMultiJoin(io.cloudboost.CloudQueryTest)  Time elapsed: 2.229 sec  <<< FAILURE!
junit.framework.AssertionFailedError: null
	at junit.framework.Assert.fail(Assert.java:47)
	at io.cloudboost.CloudQueryTest$22.done(CloudQueryTest.java:638)
	at io.cloudboost.CloudObject.save(CloudObject.java:712)
	at io.cloudboost.CloudQueryTest.saveMultiJoin(CloudQueryTest.java:634)
	at sun.reflect.NativeMethodAccessorImpl.invoke0(Native Method)
	at sun.reflect.NativeMethodAccessorImpl.invoke(NativeMethodAccessorImpl.java:62)
	at sun.reflect.DelegatingMethodAccessorImpl.invoke(DelegatingMethodAccessorImpl.java:43)
	at java.lang.reflect.Method.invoke(Method.java:483)
	at org.junit.runners.model.FrameworkMethod$1.runReflectiveCall(FrameworkMethod.java:44)
	at org.junit.internal.runners.model.ReflectiveCallable.run(ReflectiveCallable.java:15)
	at org.junit.runners.model.FrameworkMethod.invokeExplosively(FrameworkMethod.java:41)
	at org.junit.internal.runners.statements.InvokeMethod.evaluate(InvokeMethod.java:20)
	at org.junit.internal.runners.statements.FailOnTimeout$1.run(FailOnTimeout.java:28)

descendingOrder(io.cloudboost.CloudQueryTest)  Time elapsed: 3.68 sec  <<< ERROR!
java.lang.NullPointerException
	at io.cloudboost.util.CBParser.callJson(CBParser.java:70)
	at io.cloudboost.CloudQuery.find(CloudQuery.java:1118)
	at io.cloudboost.CloudQueryTest$16.done(CloudQueryTest.java:460)
	at io.cloudboost.CloudObject.save(CloudObject.java:712)
	at io.cloudboost.CloudQueryTest.descendingOrder(CloudQueryTest.java:455)
	at sun.reflect.NativeMethodAccessorImpl.invoke0(Native Method)
	at sun.reflect.NativeMethodAccessorImpl.invoke(NativeMethodAccessorImpl.java:62)
	at sun.reflect.DelegatingMethodAccessorImpl.invoke(DelegatingMethodAccessorImpl.java:43)
	at java.lang.reflect.Method.invoke(Method.java:483)
	at org.junit.runners.model.FrameworkMethod$1.runReflectiveCall(FrameworkMethod.java:44)
	at org.junit.internal.runners.model.ReflectiveCallable.run(ReflectiveCallable.java:15)
	at org.junit.runners.model.FrameworkMethod.invokeExplosively(FrameworkMethod.java:41)
	at org.junit.internal.runners.statements.InvokeMethod.evaluate(InvokeMethod.java:20)
	at org.junit.internal.runners.statements.FailOnTimeout$1.run(FailOnTimeout.java:28)

lessThanEqualTo(io.cloudboost.CloudQueryTest)  Time elapsed: 4.221 sec  <<< ERROR!
java.lang.NullPointerException
	at io.cloudboost.util.CBParser.callJson(CBParser.java:70)
	at io.cloudboost.CloudQuery.find(CloudQuery.java:1118)
	at io.cloudboost.CloudQueryTest$13.done(CloudQueryTest.java:365)
	at io.cloudboost.CloudObject.save(CloudObject.java:712)
	at io.cloudboost.CloudQueryTest.lessThanEqualTo(CloudQueryTest.java:360)
	at sun.reflect.NativeMethodAccessorImpl.invoke0(Native Method)
	at sun.reflect.NativeMethodAccessorImpl.invoke(NativeMethodAccessorImpl.java:62)
	at sun.reflect.DelegatingMethodAccessorImpl.invoke(DelegatingMethodAccessorImpl.java:43)
	at java.lang.reflect.Method.invoke(Method.java:483)
	at org.junit.runners.model.FrameworkMethod$1.runReflectiveCall(FrameworkMethod.java:44)
	at org.junit.internal.runners.model.ReflectiveCallable.run(ReflectiveCallable.java:15)
	at org.junit.runners.model.FrameworkMethod.invokeExplosively(FrameworkMethod.java:41)
	at org.junit.internal.runners.statements.InvokeMethod.evaluate(InvokeMethod.java:20)
	at org.junit.internal.runners.statements.FailOnTimeout$1.run(FailOnTimeout.java:28)

doesNotExists(io.cloudboost.CloudQueryTest)  Time elapsed: 4.199 sec  <<< ERROR!
java.lang.NullPointerException
	at io.cloudboost.util.CBParser.callJson(CBParser.java:70)
	at io.cloudboost.CloudQuery.find(CloudQuery.java:1118)
	at io.cloudboost.CloudQueryTest$19.done(CloudQueryTest.java:547)
	at io.cloudboost.CloudObject.save(CloudObject.java:712)
	at io.cloudboost.CloudQueryTest.doesNotExists(CloudQueryTest.java:542)
	at sun.reflect.NativeMethodAccessorImpl.invoke0(Native Method)
	at sun.reflect.NativeMethodAccessorImpl.invoke(NativeMethodAccessorImpl.java:62)
	at sun.reflect.DelegatingMethodAccessorImpl.invoke(DelegatingMethodAccessorImpl.java:43)
	at java.lang.reflect.Method.invoke(Method.java:483)
	at org.junit.runners.model.FrameworkMethod$1.runReflectiveCall(FrameworkMethod.java:44)
	at org.junit.internal.runners.model.ReflectiveCallable.run(ReflectiveCallable.java:15)
	at org.junit.runners.model.FrameworkMethod.invokeExplosively(FrameworkMethod.java:41)
	at org.junit.internal.runners.statements.InvokeMethod.evaluate(InvokeMethod.java:20)
	at org.junit.internal.runners.statements.FailOnTimeout$1.run(FailOnTimeout.java:28)

includeFindById(io.cloudboost.CloudQueryTest)  Time elapsed: 2.199 sec  <<< FAILURE!
junit.framework.AssertionFailedError: null
	at junit.framework.Assert.fail(Assert.java:47)
	at io.cloudboost.CloudQueryTest$27.done(CloudQueryTest.java:811)
	at io.cloudboost.CloudObject.save(CloudObject.java:712)
	at io.cloudboost.CloudQueryTest.includeFindById(CloudQueryTest.java:807)
	at sun.reflect.NativeMethodAccessorImpl.invoke0(Native Method)
	at sun.reflect.NativeMethodAccessorImpl.invoke(NativeMethodAccessorImpl.java:62)
	at sun.reflect.DelegatingMethodAccessorImpl.invoke(DelegatingMethodAccessorImpl.java:43)
	at java.lang.reflect.Method.invoke(Method.java:483)
	at org.junit.runners.model.FrameworkMethod$1.runReflectiveCall(FrameworkMethod.java:44)
	at org.junit.internal.runners.model.ReflectiveCallable.run(ReflectiveCallable.java:15)
	at org.junit.runners.model.FrameworkMethod.invokeExplosively(FrameworkMethod.java:41)
	at org.junit.internal.runners.statements.InvokeMethod.evaluate(InvokeMethod.java:20)
	at org.junit.internal.runners.statements.FailOnTimeout$1.run(FailOnTimeout.java:28)

greaterThanEqualTo(io.cloudboost.CloudQueryTest)  Time elapsed: 3.642 sec  <<< ERROR!
java.lang.NullPointerException
	at io.cloudboost.util.CBParser.callJson(CBParser.java:70)
	at io.cloudboost.CloudQuery.find(CloudQuery.java:1118)
	at io.cloudboost.CloudQueryTest$11.done(CloudQueryTest.java:309)
	at io.cloudboost.CloudObject.save(CloudObject.java:712)
	at io.cloudboost.CloudQueryTest.greaterThanEqualTo(CloudQueryTest.java:304)
	at sun.reflect.NativeMethodAccessorImpl.invoke0(Native Method)
	at sun.reflect.NativeMethodAccessorImpl.invoke(NativeMethodAccessorImpl.java:62)
	at sun.reflect.DelegatingMethodAccessorImpl.invoke(DelegatingMethodAccessorImpl.java:43)
	at java.lang.reflect.Method.invoke(Method.java:483)
	at org.junit.runners.model.FrameworkMethod$1.runReflectiveCall(FrameworkMethod.java:44)
	at org.junit.internal.runners.model.ReflectiveCallable.run(ReflectiveCallable.java:15)
	at org.junit.runners.model.FrameworkMethod.invokeExplosively(FrameworkMethod.java:41)
	at org.junit.internal.runners.statements.InvokeMethod.evaluate(InvokeMethod.java:20)
	at org.junit.internal.runners.statements.FailOnTimeout$1.run(FailOnTimeout.java:28)

selectColumnDistinct(io.cloudboost.CloudQueryTest)  Time elapsed: 1.596 sec  <<< ERROR!
java.lang.NullPointerException
	at io.cloudboost.CloudQueryTest$2.done(CloudQueryTest.java:56)
	at io.cloudboost.CloudObject.save(CloudObject.java:712)
	at io.cloudboost.CloudQueryTest.selectColumnDistinct(CloudQueryTest.java:52)
	at sun.reflect.NativeMethodAccessorImpl.invoke0(Native Method)
	at sun.reflect.NativeMethodAccessorImpl.invoke(NativeMethodAccessorImpl.java:62)
	at sun.reflect.DelegatingMethodAccessorImpl.invoke(DelegatingMethodAccessorImpl.java:43)
	at java.lang.reflect.Method.invoke(Method.java:483)
	at org.junit.runners.model.FrameworkMethod$1.runReflectiveCall(FrameworkMethod.java:44)
	at org.junit.internal.runners.model.ReflectiveCallable.run(ReflectiveCallable.java:15)
	at org.junit.runners.model.FrameworkMethod.invokeExplosively(FrameworkMethod.java:41)
	at org.junit.internal.runners.statements.InvokeMethod.evaluate(InvokeMethod.java:20)
	at org.junit.internal.runners.statements.FailOnTimeout$1.run(FailOnTimeout.java:28)

getElementWithRelation(io.cloudboost.CloudQueryTest)  Time elapsed: 6.361 sec  <<< ERROR!
java.lang.NullPointerException
	at io.cloudboost.util.CBParser.callJson(CBParser.java:70)
	at io.cloudboost.CloudQuery.find(CloudQuery.java:1118)
	at io.cloudboost.CloudQueryTest$20$1.done(CloudQueryTest.java:578)
	at io.cloudboost.CloudObject.save(CloudObject.java:712)
	at io.cloudboost.CloudQueryTest$20.done(CloudQueryTest.java:573)
	at io.cloudboost.CloudObject.save(CloudObject.java:712)
	at io.cloudboost.CloudQueryTest.getElementWithRelation(CloudQueryTest.java:568)
	at sun.reflect.NativeMethodAccessorImpl.invoke0(Native Method)
	at sun.reflect.NativeMethodAccessorImpl.invoke(NativeMethodAccessorImpl.java:62)
	at sun.reflect.DelegatingMethodAccessorImpl.invoke(DelegatingMethodAccessorImpl.java:43)
	at java.lang.reflect.Method.invoke(Method.java:483)
	at org.junit.runners.model.FrameworkMethod$1.runReflectiveCall(FrameworkMethod.java:44)
	at org.junit.internal.runners.model.ReflectiveCallable.run(ReflectiveCallable.java:15)
	at org.junit.runners.model.FrameworkMethod.invokeExplosively(FrameworkMethod.java:41)
	at org.junit.internal.runners.statements.InvokeMethod.evaluate(InvokeMethod.java:20)
	at org.junit.internal.runners.statements.FailOnTimeout$1.run(FailOnTimeout.java:28)

notEqualToWithNull(io.cloudboost.CloudQueryTest)  Time elapsed: 4.847 sec  <<< ERROR!
java.lang.NullPointerException
	at io.cloudboost.util.CBParser.callJson(CBParser.java:70)
	at io.cloudboost.CloudQuery.find(CloudQuery.java:1118)
	at io.cloudboost.CloudQueryTest$4.done(CloudQueryTest.java:116)
	at io.cloudboost.CloudObject.save(CloudObject.java:712)
	at io.cloudboost.CloudQueryTest.notEqualToWithNull(CloudQueryTest.java:111)
	at sun.reflect.NativeMethodAccessorImpl.invoke0(Native Method)
	at sun.reflect.NativeMethodAccessorImpl.invoke(NativeMethodAccessorImpl.java:62)
	at sun.reflect.DelegatingMethodAccessorImpl.invoke(DelegatingMethodAccessorImpl.java:43)
	at java.lang.reflect.Method.invoke(Method.java:483)
	at org.junit.runners.model.FrameworkMethod$1.runReflectiveCall(FrameworkMethod.java:44)
	at org.junit.internal.runners.model.ReflectiveCallable.run(ReflectiveCallable.java:15)
	at org.junit.runners.model.FrameworkMethod.invokeExplosively(FrameworkMethod.java:41)
	at org.junit.internal.runners.statements.InvokeMethod.evaluate(InvokeMethod.java:20)
	at org.junit.internal.runners.statements.FailOnTimeout$1.run(FailOnTimeout.java:28)

getEncryptedPassword(io.cloudboost.CloudQueryTest)  Time elapsed: 4.374 sec  <<< ERROR!
java.lang.NullPointerException
	at io.cloudboost.util.CBParser.callJson(CBParser.java:70)
	at io.cloudboost.CloudQuery.find(CloudQuery.java:1118)
	at io.cloudboost.CloudQueryTest$28.done(CloudQueryTest.java:846)
	at io.cloudboost.CloudObject.save(CloudObject.java:712)
	at io.cloudboost.CloudQueryTest.getEncryptedPassword(CloudQueryTest.java:840)
	at sun.reflect.NativeMethodAccessorImpl.invoke0(Native Method)
	at sun.reflect.NativeMethodAccessorImpl.invoke(NativeMethodAccessorImpl.java:62)
	at sun.reflect.DelegatingMethodAccessorImpl.invoke(DelegatingMethodAccessorImpl.java:43)
	at java.lang.reflect.Method.invoke(Method.java:483)
	at org.junit.runners.model.FrameworkMethod$1.runReflectiveCall(FrameworkMethod.java:44)
	at org.junit.internal.runners.model.ReflectiveCallable.run(ReflectiveCallable.java:15)
	at org.junit.runners.model.FrameworkMethod.invokeExplosively(FrameworkMethod.java:41)
	at org.junit.internal.runners.statements.InvokeMethod.evaluate(InvokeMethod.java:20)
	at org.junit.internal.runners.statements.FailOnTimeout$1.run(FailOnTimeout.java:28)

findById(io.cloudboost.CloudQueryTest)  Time elapsed: 4.22 sec  <<< ERROR!
java.lang.NullPointerException
	at io.cloudboost.util.CBParser.callJson(CBParser.java:70)
	at io.cloudboost.CloudQuery.findById(CloudQuery.java:1169)
	at io.cloudboost.CloudQueryTest$17.done(CloudQueryTest.java:490)
	at io.cloudboost.CloudObject.save(CloudObject.java:712)
	at io.cloudboost.CloudQueryTest.findById(CloudQueryTest.java:485)
	at sun.reflect.NativeMethodAccessorImpl.invoke0(Native Method)
	at sun.reflect.NativeMethodAccessorImpl.invoke(NativeMethodAccessorImpl.java:62)
	at sun.reflect.DelegatingMethodAccessorImpl.invoke(DelegatingMethodAccessorImpl.java:43)
	at java.lang.reflect.Method.invoke(Method.java:483)
	at org.junit.runners.model.FrameworkMethod$1.runReflectiveCall(FrameworkMethod.java:44)
	at org.junit.internal.runners.model.ReflectiveCallable.run(ReflectiveCallable.java:15)
	at org.junit.runners.model.FrameworkMethod.invokeExplosively(FrameworkMethod.java:41)
	at org.junit.internal.runners.statements.InvokeMethod.evaluate(InvokeMethod.java:20)
	at org.junit.internal.runners.statements.FailOnTimeout$1.run(FailOnTimeout.java:28)

lessThan(io.cloudboost.CloudQueryTest)  Time elapsed: 3.686 sec  <<< ERROR!
java.lang.NullPointerException
	at io.cloudboost.util.CBParser.callJson(CBParser.java:70)
	at io.cloudboost.CloudQuery.find(CloudQuery.java:1118)
	at io.cloudboost.CloudQueryTest$12.done(CloudQueryTest.java:337)
	at io.cloudboost.CloudObject.save(CloudObject.java:712)
	at io.cloudboost.CloudQueryTest.lessThan(CloudQueryTest.java:332)
	at sun.reflect.NativeMethodAccessorImpl.invoke0(Native Method)
	at sun.reflect.NativeMethodAccessorImpl.invoke(NativeMethodAccessorImpl.java:62)
	at sun.reflect.DelegatingMethodAccessorImpl.invoke(DelegatingMethodAccessorImpl.java:43)
	at java.lang.reflect.Method.invoke(Method.java:483)
	at org.junit.runners.model.FrameworkMethod$1.runReflectiveCall(FrameworkMethod.java:44)
	at org.junit.internal.runners.model.ReflectiveCallable.run(ReflectiveCallable.java:15)
	at org.junit.runners.model.FrameworkMethod.invokeExplosively(FrameworkMethod.java:41)
	at org.junit.internal.runners.statements.InvokeMethod.evaluate(InvokeMethod.java:20)
	at org.junit.internal.runners.statements.FailOnTimeout$1.run(FailOnTimeout.java:28)

findData(io.cloudboost.CloudQueryTest)  Time elapsed: 7.309 sec  <<< ERROR!
java.lang.NullPointerException
	at io.cloudboost.util.CBParser.callJson(CBParser.java:70)
	at io.cloudboost.CloudQuery.find(CloudQuery.java:1118)
	at io.cloudboost.CloudQueryTest.findData(CloudQueryTest.java:163)
	at sun.reflect.NativeMethodAccessorImpl.invoke0(Native Method)
	at sun.reflect.NativeMethodAccessorImpl.invoke(NativeMethodAccessorImpl.java:62)
	at sun.reflect.DelegatingMethodAccessorImpl.invoke(DelegatingMethodAccessorImpl.java:43)
	at java.lang.reflect.Method.invoke(Method.java:483)
	at org.junit.runners.model.FrameworkMethod$1.runReflectiveCall(FrameworkMethod.java:44)
	at org.junit.internal.runners.model.ReflectiveCallable.run(ReflectiveCallable.java:15)
	at org.junit.runners.model.FrameworkMethod.invokeExplosively(FrameworkMethod.java:41)
	at org.junit.internal.runners.statements.InvokeMethod.evaluate(InvokeMethod.java:20)
	at org.junit.internal.runners.statements.FailOnTimeout$1.run(FailOnTimeout.java:28)

findOne(io.cloudboost.CloudQueryTest)  Time elapsed: 1.838 sec  <<< ERROR!
java.lang.NullPointerException
	at io.cloudboost.util.CBParser.callJson(CBParser.java:70)
	at io.cloudboost.CloudQuery.findOne(CloudQuery.java:1215)
	at io.cloudboost.CloudQueryTest.findOne(CloudQueryTest.java:142)
	at sun.reflect.NativeMethodAccessorImpl.invoke0(Native Method)
	at sun.reflect.NativeMethodAccessorImpl.invoke(NativeMethodAccessorImpl.java:62)
	at sun.reflect.DelegatingMethodAccessorImpl.invoke(DelegatingMethodAccessorImpl.java:43)
	at java.lang.reflect.Method.invoke(Method.java:483)
	at org.junit.runners.model.FrameworkMethod$1.runReflectiveCall(FrameworkMethod.java:44)
	at org.junit.internal.runners.model.ReflectiveCallable.run(ReflectiveCallable.java:15)
	at org.junit.runners.model.FrameworkMethod.invokeExplosively(FrameworkMethod.java:41)
	at org.junit.internal.runners.statements.InvokeMethod.evaluate(InvokeMethod.java:20)
	at org.junit.internal.runners.statements.FailOnTimeout$1.run(FailOnTimeout.java:28)

