-------------------------------------------------------------------------------
Test set: io.cloudboost.CloudSearchTest
-------------------------------------------------------------------------------
Tests run: 27, Failures: 2, Errors: 0, Skipped: 0, Time elapsed: 76.027 sec <<< FAILURE!
indexData(io.cloudboost.CloudSearchTest)  Time elapsed: 12.113 sec  <<< FAILURE!
junit.framework.AssertionFailedError: null
	at junit.framework.Assert.fail(Assert.java:47)
	at io.cloudboost.CloudSearchTest$17$1$1.done(CloudSearchTest.java:622)
	at io.cloudboost.CloudObject.save(CloudObject.java:888)
	at io.cloudboost.CloudSearchTest$17$1.done(CloudSearchTest.java:618)
	at io.cloudboost.CloudObject.save(CloudObject.java:884)
	at io.cloudboost.CloudSearchTest$17.done(CloudSearchTest.java:607)
	at io.cloudboost.CloudObject.save(CloudObject.java:884)
	at io.cloudboost.CloudSearchTest.indexData(CloudSearchTest.java:596)
	at sun.reflect.NativeMethodAccessorImpl.invoke0(Native Method)
	at sun.reflect.NativeMethodAccessorImpl.invoke(NativeMethodAccessorImpl.java:62)
	at sun.reflect.DelegatingMethodAccessorImpl.invoke(DelegatingMethodAccessorImpl.java:43)
	at java.lang.reflect.Method.invoke(Method.java:483)
	at org.junit.runners.model.FrameworkMethod$1.runReflectiveCall(FrameworkMethod.java:44)
	at org.junit.internal.runners.model.ReflectiveCallable.run(ReflectiveCallable.java:15)
	at org.junit.runners.model.FrameworkMethod.invokeExplosively(FrameworkMethod.java:41)
	at org.junit.internal.runners.statements.InvokeMethod.evaluate(InvokeMethod.java:20)
	at org.junit.internal.runners.statements.FailOnTimeout$1.run(FailOnTimeout.java:28)

shouldRunMultiTableSearch(io.cloudboost.CloudSearchTest)  Time elapsed: 11.211 sec  <<< FAILURE!
junit.framework.AssertionFailedError: null
	at junit.framework.Assert.fail(Assert.java:47)
	at io.cloudboost.CloudSearchTest$8$1.done(CloudSearchTest.java:227)
	at io.cloudboost.CloudObject.save(CloudObject.java:888)
	at io.cloudboost.CloudSearchTest$8.done(CloudSearchTest.java:222)
	at io.cloudboost.CloudObject.save(CloudObject.java:884)
	at io.cloudboost.CloudSearchTest.shouldRunMultiTableSearch(CloudSearchTest.java:215)
	at sun.reflect.NativeMethodAccessorImpl.invoke0(Native Method)
	at sun.reflect.NativeMethodAccessorImpl.invoke(NativeMethodAccessorImpl.java:62)
	at sun.reflect.DelegatingMethodAccessorImpl.invoke(DelegatingMethodAccessorImpl.java:43)
	at java.lang.reflect.Method.invoke(Method.java:483)
	at org.junit.runners.model.FrameworkMethod$1.runReflectiveCall(FrameworkMethod.java:44)
	at org.junit.internal.runners.model.ReflectiveCallable.run(ReflectiveCallable.java:15)
	at org.junit.runners.model.FrameworkMethod.invokeExplosively(FrameworkMethod.java:41)
	at org.junit.internal.runners.statements.InvokeMethod.evaluate(InvokeMethod.java:20)
	at org.junit.internal.runners.statements.FailOnTimeout$1.run(FailOnTimeout.java:28)

