-------------------------------------------------------------------------------
Test set: io.cloudboost.CloudQueueTest
-------------------------------------------------------------------------------
Tests run: 40, Failures: 15, Errors: 2, Skipped: 0, Time elapsed: 338.938 sec <<< FAILURE!
pushMessageArray(io.cloudboost.CloudQueueTest)  Time elapsed: 10.003 sec  <<< FAILURE!
junit.framework.AssertionFailedError: null
	at junit.framework.Assert.fail(Assert.java:47)
	at io.cloudboost.CloudQueueTest$3.done(CloudQueueTest.java:80)
	at io.cloudboost.CloudQueue.push(CloudQueue.java:549)
	at io.cloudboost.CloudQueueTest.pushMessageArray(CloudQueueTest.java:75)
	at sun.reflect.NativeMethodAccessorImpl.invoke0(Native Method)
	at sun.reflect.NativeMethodAccessorImpl.invoke(NativeMethodAccessorImpl.java:62)
	at sun.reflect.DelegatingMethodAccessorImpl.invoke(DelegatingMethodAccessorImpl.java:43)
	at java.lang.reflect.Method.invoke(Method.java:483)
	at org.junit.runners.model.FrameworkMethod$1.runReflectiveCall(FrameworkMethod.java:44)
	at org.junit.internal.runners.model.ReflectiveCallable.run(ReflectiveCallable.java:15)
	at org.junit.runners.model.FrameworkMethod.invokeExplosively(FrameworkMethod.java:41)
	at org.junit.internal.runners.statements.InvokeMethod.evaluate(InvokeMethod.java:20)
	at org.junit.internal.runners.statements.FailOnTimeout$1.run(FailOnTimeout.java:28)

shouldPullTwo(io.cloudboost.CloudQueueTest)  Time elapsed: 11.715 sec  <<< FAILURE!
junit.framework.AssertionFailedError: null
	at junit.framework.Assert.fail(Assert.java:47)
	at io.cloudboost.CloudQueueTest$13.done(CloudQueueTest.java:477)
	at io.cloudboost.CloudQueue.push(CloudQueue.java:549)
	at io.cloudboost.CloudQueueTest.shouldPullTwo(CloudQueueTest.java:472)
	at sun.reflect.NativeMethodAccessorImpl.invoke0(Native Method)
	at sun.reflect.NativeMethodAccessorImpl.invoke(NativeMethodAccessorImpl.java:62)
	at sun.reflect.DelegatingMethodAccessorImpl.invoke(DelegatingMethodAccessorImpl.java:43)
	at java.lang.reflect.Method.invoke(Method.java:483)
	at org.junit.runners.model.FrameworkMethod$1.runReflectiveCall(FrameworkMethod.java:44)
	at org.junit.internal.runners.model.ReflectiveCallable.run(ReflectiveCallable.java:15)
	at org.junit.runners.model.FrameworkMethod.invokeExplosively(FrameworkMethod.java:41)
	at org.junit.internal.runners.statements.InvokeMethod.evaluate(InvokeMethod.java:20)
	at org.junit.internal.runners.statements.FailOnTimeout$1.run(FailOnTimeout.java:28)

deleteById(io.cloudboost.CloudQueueTest)  Time elapsed: 11.631 sec  <<< FAILURE!
junit.framework.AssertionFailedError: null
	at junit.framework.Assert.fail(Assert.java:47)
	at io.cloudboost.CloudQueueTest$18.done(CloudQueueTest.java:664)
	at io.cloudboost.CloudQueue.push(CloudQueue.java:549)
	at io.cloudboost.CloudQueueTest.deleteById(CloudQueueTest.java:659)
	at sun.reflect.NativeMethodAccessorImpl.invoke0(Native Method)
	at sun.reflect.NativeMethodAccessorImpl.invoke(NativeMethodAccessorImpl.java:62)
	at sun.reflect.DelegatingMethodAccessorImpl.invoke(DelegatingMethodAccessorImpl.java:43)
	at java.lang.reflect.Method.invoke(Method.java:483)
	at org.junit.runners.model.FrameworkMethod$1.runReflectiveCall(FrameworkMethod.java:44)
	at org.junit.internal.runners.model.ReflectiveCallable.run(ReflectiveCallable.java:15)
	at org.junit.runners.model.FrameworkMethod.invokeExplosively(FrameworkMethod.java:41)
	at org.junit.internal.runners.statements.InvokeMethod.evaluate(InvokeMethod.java:20)
	at org.junit.internal.runners.statements.FailOnTimeout$1.run(FailOnTimeout.java:28)

shouldGetQueue(io.cloudboost.CloudQueueTest)  Time elapsed: 11.101 sec  <<< FAILURE!
junit.framework.AssertionFailedError: null
	at junit.framework.Assert.fail(Assert.java:47)
	at io.cloudboost.CloudQueueTest$30$1.done(CloudQueueTest.java:1102)
	at io.cloudboost.CloudQueue.get(CloudQueue.java:749)
	at io.cloudboost.CloudQueueTest$30.done(CloudQueueTest.java:1097)
	at io.cloudboost.CloudQueue.push(CloudQueue.java:547)
	at io.cloudboost.CloudQueueTest.shouldGetQueue(CloudQueueTest.java:1088)
	at sun.reflect.NativeMethodAccessorImpl.invoke0(Native Method)
	at sun.reflect.NativeMethodAccessorImpl.invoke(NativeMethodAccessorImpl.java:62)
	at sun.reflect.DelegatingMethodAccessorImpl.invoke(DelegatingMethodAccessorImpl.java:43)
	at java.lang.reflect.Method.invoke(Method.java:483)
	at org.junit.runners.model.FrameworkMethod$1.runReflectiveCall(FrameworkMethod.java:44)
	at org.junit.internal.runners.model.ReflectiveCallable.run(ReflectiveCallable.java:15)
	at org.junit.runners.model.FrameworkMethod.invokeExplosively(FrameworkMethod.java:41)
	at org.junit.internal.runners.statements.InvokeMethod.evaluate(InvokeMethod.java:20)
	at org.junit.internal.runners.statements.FailOnTimeout$1.run(FailOnTimeout.java:28)

shouldPeek(io.cloudboost.CloudQueueTest)  Time elapsed: 11.776 sec  <<< FAILURE!
junit.framework.ComparisonFailure: null expected:<null> but was:<Object Validation Failure>
	at junit.framework.Assert.assertEquals(Assert.java:81)
	at junit.framework.Assert.assertEquals(Assert.java:87)
	at io.cloudboost.CloudQueueTest$9.done(CloudQueueTest.java:262)
	at io.cloudboost.CloudQueue.push(CloudQueue.java:549)
	at io.cloudboost.CloudQueueTest.shouldPeek(CloudQueueTest.java:257)
	at sun.reflect.NativeMethodAccessorImpl.invoke0(Native Method)
	at sun.reflect.NativeMethodAccessorImpl.invoke(NativeMethodAccessorImpl.java:62)
	at sun.reflect.DelegatingMethodAccessorImpl.invoke(DelegatingMethodAccessorImpl.java:43)
	at java.lang.reflect.Method.invoke(Method.java:483)
	at org.junit.runners.model.FrameworkMethod$1.runReflectiveCall(FrameworkMethod.java:44)
	at org.junit.internal.runners.model.ReflectiveCallable.run(ReflectiveCallable.java:15)
	at org.junit.runners.model.FrameworkMethod.invokeExplosively(FrameworkMethod.java:41)
	at org.junit.internal.runners.statements.InvokeMethod.evaluate(InvokeMethod.java:20)
	at org.junit.internal.runners.statements.FailOnTimeout$1.run(FailOnTimeout.java:28)

shouldGetNullForWrongMessageById(io.cloudboost.CloudQueueTest)  Time elapsed: 11.027 sec  <<< ERROR!
java.lang.NullPointerException
	at io.cloudboost.CloudQueueTest$17$1.done(CloudQueueTest.java:644)
	at io.cloudboost.CloudQueue.getMessageById(CloudQueue.java:324)
	at io.cloudboost.CloudQueueTest$17.done(CloudQueueTest.java:638)
	at io.cloudboost.CloudQueue.push(CloudQueue.java:547)
	at io.cloudboost.CloudQueueTest.shouldGetNullForWrongMessageById(CloudQueueTest.java:630)
	at sun.reflect.NativeMethodAccessorImpl.invoke0(Native Method)
	at sun.reflect.NativeMethodAccessorImpl.invoke(NativeMethodAccessorImpl.java:62)
	at sun.reflect.DelegatingMethodAccessorImpl.invoke(DelegatingMethodAccessorImpl.java:43)
	at java.lang.reflect.Method.invoke(Method.java:483)
	at org.junit.runners.model.FrameworkMethod$1.runReflectiveCall(FrameworkMethod.java:44)
	at org.junit.internal.runners.model.ReflectiveCallable.run(ReflectiveCallable.java:15)
	at org.junit.runners.model.FrameworkMethod.invokeExplosively(FrameworkMethod.java:41)
	at org.junit.internal.runners.statements.InvokeMethod.evaluate(InvokeMethod.java:20)
	at org.junit.internal.runners.statements.FailOnTimeout$1.run(FailOnTimeout.java:28)

shouldDeleteMultipleSubscribers(io.cloudboost.CloudQueueTest)  Time elapsed: 12.466 sec  <<< ERROR!
java.lang.NullPointerException
	at io.cloudboost.CloudQueueTest$24$1.done(CloudQueueTest.java:875)
	at io.cloudboost.CloudQueue.deleteSubscriber(CloudQueue.java:373)
	at io.cloudboost.CloudQueueTest$24.done(CloudQueueTest.java:869)
	at io.cloudboost.CloudQueue.addSubscriber(CloudQueue.java:421)
	at io.cloudboost.CloudQueueTest.shouldDeleteMultipleSubscribers(CloudQueueTest.java:864)
	at sun.reflect.NativeMethodAccessorImpl.invoke0(Native Method)
	at sun.reflect.NativeMethodAccessorImpl.invoke(NativeMethodAccessorImpl.java:62)
	at sun.reflect.DelegatingMethodAccessorImpl.invoke(DelegatingMethodAccessorImpl.java:43)
	at java.lang.reflect.Method.invoke(Method.java:483)
	at org.junit.runners.model.FrameworkMethod$1.runReflectiveCall(FrameworkMethod.java:44)
	at org.junit.internal.runners.model.ReflectiveCallable.run(ReflectiveCallable.java:15)
	at org.junit.runners.model.FrameworkMethod.invokeExplosively(FrameworkMethod.java:41)
	at org.junit.internal.runners.statements.InvokeMethod.evaluate(InvokeMethod.java:20)
	at org.junit.internal.runners.statements.FailOnTimeout$1.run(FailOnTimeout.java:28)

refreshMessageTimeoutUnSpecifiedTimeout(io.cloudboost.CloudQueueTest)  Time elapsed: 13.824 sec  <<< FAILURE!
junit.framework.AssertionFailedError: null
	at junit.framework.Assert.fail(Assert.java:47)
	at io.cloudboost.CloudQueueTest$38.done(CloudQueueTest.java:1395)
	at io.cloudboost.CloudQueue.push(CloudQueue.java:549)
	at io.cloudboost.CloudQueueTest.refreshMessageTimeoutUnSpecifiedTimeout(CloudQueueTest.java:1390)
	at sun.reflect.NativeMethodAccessorImpl.invoke0(Native Method)
	at sun.reflect.NativeMethodAccessorImpl.invoke(NativeMethodAccessorImpl.java:62)
	at sun.reflect.DelegatingMethodAccessorImpl.invoke(DelegatingMethodAccessorImpl.java:43)
	at java.lang.reflect.Method.invoke(Method.java:483)
	at org.junit.runners.model.FrameworkMethod$1.runReflectiveCall(FrameworkMethod.java:44)
	at org.junit.internal.runners.model.ReflectiveCallable.run(ReflectiveCallable.java:15)
	at org.junit.runners.model.FrameworkMethod.invokeExplosively(FrameworkMethod.java:41)
	at org.junit.internal.runners.statements.InvokeMethod.evaluate(InvokeMethod.java:20)
	at org.junit.internal.runners.statements.FailOnTimeout$1.run(FailOnTimeout.java:28)

shouldPeekTwoMessages(io.cloudboost.CloudQueueTest)  Time elapsed: 21.476 sec  <<< FAILURE!
junit.framework.AssertionFailedError: Bad Request
	at junit.framework.Assert.fail(Assert.java:47)
	at io.cloudboost.CloudQueueTest$12$1$1.done(CloudQueueTest.java:448)
	at io.cloudboost.CloudQueue.peek(CloudQueue.java:180)
	at io.cloudboost.CloudQueueTest$12$1.done(CloudQueueTest.java:443)
	at io.cloudboost.CloudQueue.push(CloudQueue.java:549)
	at io.cloudboost.CloudQueueTest$12.done(CloudQueueTest.java:438)
	at io.cloudboost.CloudQueue.push(CloudQueue.java:547)
	at io.cloudboost.CloudQueueTest.shouldPeekTwoMessages(CloudQueueTest.java:430)
	at sun.reflect.NativeMethodAccessorImpl.invoke0(Native Method)
	at sun.reflect.NativeMethodAccessorImpl.invoke(NativeMethodAccessorImpl.java:62)
	at sun.reflect.DelegatingMethodAccessorImpl.invoke(DelegatingMethodAccessorImpl.java:43)
	at java.lang.reflect.Method.invoke(Method.java:483)
	at org.junit.runners.model.FrameworkMethod$1.runReflectiveCall(FrameworkMethod.java:44)
	at org.junit.internal.runners.model.ReflectiveCallable.run(ReflectiveCallable.java:15)
	at org.junit.runners.model.FrameworkMethod.invokeExplosively(FrameworkMethod.java:41)
	at org.junit.internal.runners.statements.InvokeMethod.evaluate(InvokeMethod.java:20)
	at org.junit.internal.runners.statements.FailOnTimeout$1.run(FailOnTimeout.java:28)

shouldNotGetAfterDelete(io.cloudboost.CloudQueueTest)  Time elapsed: 11.443 sec  <<< FAILURE!
junit.framework.AssertionFailedError: null
	at junit.framework.Assert.fail(Assert.java:47)
	at io.cloudboost.CloudQueueTest$20.done(CloudQueueTest.java:724)
	at io.cloudboost.CloudQueue.push(CloudQueue.java:549)
	at io.cloudboost.CloudQueueTest.shouldNotGetAfterDelete(CloudQueueTest.java:719)
	at sun.reflect.NativeMethodAccessorImpl.invoke0(Native Method)
	at sun.reflect.NativeMethodAccessorImpl.invoke(NativeMethodAccessorImpl.java:62)
	at sun.reflect.DelegatingMethodAccessorImpl.invoke(DelegatingMethodAccessorImpl.java:43)
	at java.lang.reflect.Method.invoke(Method.java:483)
	at org.junit.runners.model.FrameworkMethod$1.runReflectiveCall(FrameworkMethod.java:44)
	at org.junit.internal.runners.model.ReflectiveCallable.run(ReflectiveCallable.java:15)
	at org.junit.runners.model.FrameworkMethod.invokeExplosively(FrameworkMethod.java:41)
	at org.junit.internal.runners.statements.InvokeMethod.evaluate(InvokeMethod.java:20)
	at org.junit.internal.runners.statements.FailOnTimeout$1.run(FailOnTimeout.java:28)

shouldGetQueueByName(io.cloudboost.CloudQueueTest)  Time elapsed: 10.927 sec  <<< FAILURE!
junit.framework.AssertionFailedError: null
	at junit.framework.Assert.fail(Assert.java:47)
	at io.cloudboost.CloudQueueTest$31.done(CloudQueueTest.java:1136)
	at io.cloudboost.CloudQueue.push(CloudQueue.java:549)
	at io.cloudboost.CloudQueueTest.shouldGetQueueByName(CloudQueueTest.java:1130)
	at sun.reflect.NativeMethodAccessorImpl.invoke0(Native Method)
	at sun.reflect.NativeMethodAccessorImpl.invoke(NativeMethodAccessorImpl.java:62)
	at sun.reflect.DelegatingMethodAccessorImpl.invoke(DelegatingMethodAccessorImpl.java:43)
	at java.lang.reflect.Method.invoke(Method.java:483)
	at org.junit.runners.model.FrameworkMethod$1.runReflectiveCall(FrameworkMethod.java:44)
	at org.junit.internal.runners.model.ReflectiveCallable.run(ReflectiveCallable.java:15)
	at org.junit.runners.model.FrameworkMethod.invokeExplosively(FrameworkMethod.java:41)
	at org.junit.internal.runners.statements.InvokeMethod.evaluate(InvokeMethod.java:20)
	at org.junit.internal.runners.statements.FailOnTimeout$1.run(FailOnTimeout.java:28)

shouldDeleteQueueByName(io.cloudboost.CloudQueueTest)  Time elapsed: 11.877 sec  <<< FAILURE!
junit.framework.AssertionFailedError: null
	at junit.framework.Assert.fail(Assert.java:47)
	at io.cloudboost.CloudQueueTest$27.done(CloudQueueTest.java:973)
	at io.cloudboost.CloudQueue.push(CloudQueue.java:549)
	at io.cloudboost.CloudQueueTest.shouldDeleteQueueByName(CloudQueueTest.java:968)
	at sun.reflect.NativeMethodAccessorImpl.invoke0(Native Method)
	at sun.reflect.NativeMethodAccessorImpl.invoke(NativeMethodAccessorImpl.java:62)
	at sun.reflect.DelegatingMethodAccessorImpl.invoke(DelegatingMethodAccessorImpl.java:43)
	at java.lang.reflect.Method.invoke(Method.java:483)
	at org.junit.runners.model.FrameworkMethod$1.runReflectiveCall(FrameworkMethod.java:44)
	at org.junit.internal.runners.model.ReflectiveCallable.run(ReflectiveCallable.java:15)
	at org.junit.runners.model.FrameworkMethod.invokeExplosively(FrameworkMethod.java:41)
	at org.junit.internal.runners.statements.InvokeMethod.evaluate(InvokeMethod.java:20)
	at org.junit.internal.runners.statements.FailOnTimeout$1.run(FailOnTimeout.java:28)

pullMessageAfterTimeout(io.cloudboost.CloudQueueTest)  Time elapsed: 11.469 sec  <<< FAILURE!
junit.framework.AssertionFailedError: null
	at junit.framework.Assert.fail(Assert.java:47)
	at io.cloudboost.CloudQueueTest$36.done(CloudQueueTest.java:1302)
	at io.cloudboost.CloudQueue.push(CloudQueue.java:549)
	at io.cloudboost.CloudQueueTest.pullMessageAfterTimeout(CloudQueueTest.java:1297)
	at sun.reflect.NativeMethodAccessorImpl.invoke0(Native Method)
	at sun.reflect.NativeMethodAccessorImpl.invoke(NativeMethodAccessorImpl.java:62)
	at sun.reflect.DelegatingMethodAccessorImpl.invoke(DelegatingMethodAccessorImpl.java:43)
	at java.lang.reflect.Method.invoke(Method.java:483)
	at org.junit.runners.model.FrameworkMethod$1.runReflectiveCall(FrameworkMethod.java:44)
	at org.junit.internal.runners.model.ReflectiveCallable.run(ReflectiveCallable.java:15)
	at org.junit.runners.model.FrameworkMethod.invokeExplosively(FrameworkMethod.java:41)
	at org.junit.internal.runners.statements.InvokeMethod.evaluate(InvokeMethod.java:20)
	at org.junit.internal.runners.statements.FailOnTimeout$1.run(FailOnTimeout.java:28)

shouldUpdateQueue(io.cloudboost.CloudQueueTest)  Time elapsed: 11.333 sec  <<< FAILURE!
junit.framework.AssertionFailedError: null
	at junit.framework.Assert.fail(Assert.java:47)
	at io.cloudboost.CloudQueueTest$40$1.done(CloudQueueTest.java:1480)
	at io.cloudboost.CloudQueue.addSubscriber(CloudQueue.java:423)
	at io.cloudboost.CloudQueueTest$40.done(CloudQueueTest.java:1475)
	at io.cloudboost.CloudQueue.push(CloudQueue.java:547)
	at io.cloudboost.CloudQueueTest.shouldUpdateQueue(CloudQueueTest.java:1466)
	at sun.reflect.NativeMethodAccessorImpl.invoke0(Native Method)
	at sun.reflect.NativeMethodAccessorImpl.invoke(NativeMethodAccessorImpl.java:62)
	at sun.reflect.DelegatingMethodAccessorImpl.invoke(DelegatingMethodAccessorImpl.java:43)
	at java.lang.reflect.Method.invoke(Method.java:483)
	at org.junit.runners.model.FrameworkMethod$1.runReflectiveCall(FrameworkMethod.java:44)
	at org.junit.internal.runners.model.ReflectiveCallable.run(ReflectiveCallable.java:15)
	at org.junit.runners.model.FrameworkMethod.invokeExplosively(FrameworkMethod.java:41)
	at org.junit.internal.runners.statements.InvokeMethod.evaluate(InvokeMethod.java:20)
	at org.junit.internal.runners.statements.FailOnTimeout$1.run(FailOnTimeout.java:28)

shouldDeleteSubscriber(io.cloudboost.CloudQueueTest)  Time elapsed: 11.879 sec  <<< FAILURE!
junit.framework.AssertionFailedError: null
	at junit.framework.Assert.fail(Assert.java:47)
	at io.cloudboost.CloudQueueTest$23.done(CloudQueueTest.java:850)
	at io.cloudboost.CloudQueue.addSubscriber(CloudQueue.java:423)
	at io.cloudboost.CloudQueueTest.shouldDeleteSubscriber(CloudQueueTest.java:821)
	at sun.reflect.NativeMethodAccessorImpl.invoke0(Native Method)
	at sun.reflect.NativeMethodAccessorImpl.invoke(NativeMethodAccessorImpl.java:62)
	at sun.reflect.DelegatingMethodAccessorImpl.invoke(DelegatingMethodAccessorImpl.java:43)
	at java.lang.reflect.Method.invoke(Method.java:483)
	at org.junit.runners.model.FrameworkMethod$1.runReflectiveCall(FrameworkMethod.java:44)
	at org.junit.internal.runners.model.ReflectiveCallable.run(ReflectiveCallable.java:15)
	at org.junit.runners.model.FrameworkMethod.invokeExplosively(FrameworkMethod.java:41)
	at org.junit.internal.runners.statements.InvokeMethod.evaluate(InvokeMethod.java:20)
	at org.junit.internal.runners.statements.FailOnTimeout$1.run(FailOnTimeout.java:28)

pullMessageAfterDelay(io.cloudboost.CloudQueueTest)  Time elapsed: 10.008 sec  <<< FAILURE!
junit.framework.AssertionFailedError: null
	at junit.framework.Assert.fail(Assert.java:47)
	at io.cloudboost.CloudQueueTest$35.done(CloudQueueTest.java:1259)
	at io.cloudboost.CloudQueue.push(CloudQueue.java:549)
	at io.cloudboost.CloudQueueTest.pullMessageAfterDelay(CloudQueueTest.java:1253)
	at sun.reflect.NativeMethodAccessorImpl.invoke0(Native Method)
	at sun.reflect.NativeMethodAccessorImpl.invoke(NativeMethodAccessorImpl.java:62)
	at sun.reflect.DelegatingMethodAccessorImpl.invoke(DelegatingMethodAccessorImpl.java:43)
	at java.lang.reflect.Method.invoke(Method.java:483)
	at org.junit.runners.model.FrameworkMethod$1.runReflectiveCall(FrameworkMethod.java:44)
	at org.junit.internal.runners.model.ReflectiveCallable.run(ReflectiveCallable.java:15)
	at org.junit.runners.model.FrameworkMethod.invokeExplosively(FrameworkMethod.java:41)
	at org.junit.internal.runners.statements.InvokeMethod.evaluate(InvokeMethod.java:20)
	at org.junit.internal.runners.statements.FailOnTimeout$1.run(FailOnTimeout.java:28)

shouldGetMessageById(io.cloudboost.CloudQueueTest)  Time elapsed: 11.58 sec  <<< FAILURE!
junit.framework.AssertionFailedError: null
	at junit.framework.Assert.fail(Assert.java:47)
	at io.cloudboost.CloudQueueTest$8.done(CloudQueueTest.java:223)
	at io.cloudboost.CloudQueue.push(CloudQueue.java:549)
	at io.cloudboost.CloudQueueTest.shouldGetMessageById(CloudQueueTest.java:218)
	at sun.reflect.NativeMethodAccessorImpl.invoke0(Native Method)
	at sun.reflect.NativeMethodAccessorImpl.invoke(NativeMethodAccessorImpl.java:62)
	at sun.reflect.DelegatingMethodAccessorImpl.invoke(DelegatingMethodAccessorImpl.java:43)
	at java.lang.reflect.Method.invoke(Method.java:483)
	at org.junit.runners.model.FrameworkMethod$1.runReflectiveCall(FrameworkMethod.java:44)
	at org.junit.internal.runners.model.ReflectiveCallable.run(ReflectiveCallable.java:15)
	at org.junit.runners.model.FrameworkMethod.invokeExplosively(FrameworkMethod.java:41)
	at org.junit.internal.runners.statements.InvokeMethod.evaluate(InvokeMethod.java:20)
	at org.junit.internal.runners.statements.FailOnTimeout$1.run(FailOnTimeout.java:28)

