<?xml version="1.0" encoding="UTF-8" ?>
<testsuite tests="1" failures="1" name="io.cloudboost.CloudRoleTest" time="2.023" errors="0" skipped="0">
  <properties>
[...]
</properties>
  <testcase classname="io.cloudboost.CloudRoleTest" name="createRole" time="2.022">
    <failure message="No Table found." type="junit.framework.AssertionFailedError">junit.framework.AssertionFailedError: No Table found.
	at junit.framework.Assert.fail(Assert.java:47)
	at io.cloudboost.CloudRoleTest$1.done(CloudRoleTest.java:25)
	at io.cloudboost.CloudRole.save(CloudRole.java:85)
	at io.cloudboost.CloudRoleTest.createRole(CloudRoleTest.java:20)
	at sun.reflect.NativeMethodAccessorImpl.invoke0(Native Method)
	at sun.reflect.NativeMethodAccessorImpl.invoke(NativeMethodAccessorImpl.java:62)
	at sun.reflect.DelegatingMethodAccessorImpl.invoke(DelegatingMethodAccessorImpl.java:43)
	at java.lang.reflect.Method.invoke(Method.java:497)
	at org.junit.runners.model.FrameworkMethod$1.runReflectiveCall(FrameworkMethod.java:44)
	at org.junit.internal.runners.model.ReflectiveCallable.run(ReflectiveCallable.java:15)
	at org.junit.runners.model.FrameworkMethod.invokeExplosively(FrameworkMethod.java:41)
	at org.junit.internal.runners.statements.InvokeMethod.evaluate(InvokeMethod.java:20)
	at org.junit.internal.runners.statements.FailOnTimeout$1.run(FailOnTimeout.java:28)
</failure>
    <system-out>SQL Lite is Up
Driver name: SQLiteJDBC
Driver version: native
Product name: SQLite
Product version: 3.8.11
Table Created
Socket Initializaed
{&quot;document&quot;:{&quot;expires&quot;:null,&quot;_isModified&quot;:true,&quot;_type&quot;:&quot;role&quot;,&quot;name&quot;:&quot;vjofhosg&quot;,&quot;ACL&quot;:{&quot;read&quot;:{&quot;allow&quot;:{&quot;role&quot;:[],&quot;user&quot;:[&quot;all&quot;]},&quot;deny&quot;:{&quot;role&quot;:[],&quot;user&quot;:[]}},&quot;write&quot;:{&quot;allow&quot;:{&quot;role&quot;:[],&quot;user&quot;:[&quot;all&quot;]},&quot;deny&quot;:{&quot;role&quot;:[],&quot;user&quot;:[]}}},&quot;_tableName&quot;:&quot;Role&quot;,&quot;_modifiedColumns&quot;:[&quot;createdAt&quot;,&quot;updatedAt&quot;,&quot;ACL&quot;,&quot;expires&quot;,&quot;name&quot;]},&quot;key&quot;:&quot;9SPxp6D3OPWvxj0asw5ryA==&quot;}
400
No Table found.
</system-out>
  </testcase>
</testsuite>