<?xml version="1.0" encoding="UTF-8" ?>
<testsuite tests="54" failures="12" name="io.cloudboost.CloudQueryTest" time="421.505" errors="2" skipped="0">
  <properties>
[...]
</properties>
  <testcase classname="io.cloudboost.CloudQueryTest" name="startsWith" time="9.998">
    <failure type="junit.framework.AssertionFailedError:">junit.framework.AssertionFailedError: null
	at junit.framework.Assert.fail(Assert.java:47)
	at io.cloudboost.CloudQueryTest$22.done(CloudQueryTest.java:627)
	at io.cloudboost.CloudObject.saveAll(CloudObject.java:984)
	at io.cloudboost.CloudQueryTest.startsWith(CloudQueryTest.java:622)
	at sun.reflect.NativeMethodAccessorImpl.invoke0(Native Method)
	at sun.reflect.NativeMethodAccessorImpl.invoke(NativeMethodAccessorImpl.java:62)
	at sun.reflect.DelegatingMethodAccessorImpl.invoke(DelegatingMethodAccessorImpl.java:43)
	at java.lang.reflect.Method.invoke(Method.java:483)
	at org.junit.runners.model.FrameworkMethod$1.runReflectiveCall(FrameworkMethod.java:44)
	at org.junit.internal.runners.model.ReflectiveCallable.run(ReflectiveCallable.java:15)
	at org.junit.runners.model.FrameworkMethod.invokeExplosively(FrameworkMethod.java:41)
	at org.junit.internal.runners.statements.InvokeMethod.evaluate(InvokeMethod.java:20)
	at org.junit.internal.runners.statements.FailOnTimeout$1.run(FailOnTimeout.java:28)
</failure>
  </testcase>
  <testcase classname="io.cloudboost.CloudQueryTest" name="containsAll" time="8.618"/>
  <testcase classname="io.cloudboost.CloudQueryTest" name="exists" time="21.446"/>
  <testcase classname="io.cloudboost.CloudQueryTest" name="shouldIncludeRelationObjectWhenIncludeIsRequestedInQuery" time="2.758"/>
  <testcase classname="io.cloudboost.CloudQueryTest" name="getEncryptedPassword" time="22.943">
    <failure type="junit.framework.AssertionFailedError:">junit.framework.AssertionFailedError: null
	at junit.framework.Assert.fail(Assert.java:47)
	at io.cloudboost.CloudQueryTest$38$1.done(CloudQueryTest.java:1135)
	at io.cloudboost.CloudQuery.find(CloudQuery.java:1426)
	at io.cloudboost.CloudQueryTest$38.done(CloudQueryTest.java:1131)
	at io.cloudboost.CloudObject.save(CloudObject.java:888)
	at io.cloudboost.CloudQueryTest.getEncryptedPassword(CloudQueryTest.java:1125)
	at sun.reflect.NativeMethodAccessorImpl.invoke0(Native Method)
	at sun.reflect.NativeMethodAccessorImpl.invoke(NativeMethodAccessorImpl.java:62)
	at sun.reflect.DelegatingMethodAccessorImpl.invoke(DelegatingMethodAccessorImpl.java:43)
	at java.lang.reflect.Method.invoke(Method.java:483)
	at org.junit.runners.model.FrameworkMethod$1.runReflectiveCall(FrameworkMethod.java:44)
	at org.junit.internal.runners.model.ReflectiveCallable.run(ReflectiveCallable.java:15)
	at org.junit.runners.model.FrameworkMethod.invokeExplosively(FrameworkMethod.java:41)
	at org.junit.internal.runners.statements.InvokeMethod.evaluate(InvokeMethod.java:20)
	at org.junit.internal.runners.statements.FailOnTimeout$1.run(FailOnTimeout.java:28)
</failure>
  </testcase>
  <testcase classname="io.cloudboost.CloudQueryTest" name="saveListwithInColumn" time="11.739">
    <failure type="junit.framework.AssertionFailedError:">junit.framework.AssertionFailedError: null
	at junit.framework.Assert.fail(Assert.java:47)
	at junit.framework.Assert.fail(Assert.java:53)
	at io.cloudboost.CloudQueryTest$10.done(CloudQueryTest.java:265)
	at io.cloudboost.CloudObject.save(CloudObject.java:888)
	at io.cloudboost.CloudQueryTest.saveListwithInColumn(CloudQueryTest.java:260)
	at sun.reflect.NativeMethodAccessorImpl.invoke0(Native Method)
	at sun.reflect.NativeMethodAccessorImpl.invoke(NativeMethodAccessorImpl.java:62)
	at sun.reflect.DelegatingMethodAccessorImpl.invoke(DelegatingMethodAccessorImpl.java:43)
	at java.lang.reflect.Method.invoke(Method.java:483)
	at org.junit.runners.model.FrameworkMethod$1.runReflectiveCall(FrameworkMethod.java:44)
	at org.junit.internal.runners.model.ReflectiveCallable.run(ReflectiveCallable.java:15)
	at org.junit.runners.model.FrameworkMethod.invokeExplosively(FrameworkMethod.java:41)
	at org.junit.internal.runners.statements.InvokeMethod.evaluate(InvokeMethod.java:20)
	at org.junit.internal.runners.statements.FailOnTimeout$1.run(FailOnTimeout.java:28)
</failure>
  </testcase>
  <testcase classname="io.cloudboost.CloudQueryTest" name="notEqualToWithNull" time="7.83"/>
  <testcase classname="io.cloudboost.CloudQueryTest" name="selectColumnDistinct" time="21.686">
    <error type="java.lang.NullPointerException">java.lang.NullPointerException
	at io.cloudboost.CloudQueryTest$12.done(CloudQueryTest.java:313)
	at io.cloudboost.CloudObject.save(CloudObject.java:893)
	at io.cloudboost.CloudQueryTest.selectColumnDistinct(CloudQueryTest.java:309)
	at sun.reflect.NativeMethodAccessorImpl.invoke0(Native Method)
	at sun.reflect.NativeMethodAccessorImpl.invoke(NativeMethodAccessorImpl.java:62)
	at sun.reflect.DelegatingMethodAccessorImpl.invoke(DelegatingMethodAccessorImpl.java:43)
	at java.lang.reflect.Method.invoke(Method.java:483)
	at org.junit.runners.model.FrameworkMethod$1.runReflectiveCall(FrameworkMethod.java:44)
	at org.junit.internal.runners.model.ReflectiveCallable.run(ReflectiveCallable.java:15)
	at org.junit.runners.model.FrameworkMethod.invokeExplosively(FrameworkMethod.java:41)
	at org.junit.internal.runners.statements.InvokeMethod.evaluate(InvokeMethod.java:20)
	at org.junit.internal.runners.statements.FailOnTimeout$1.run(FailOnTimeout.java:28)
</error>
    <system-err>java.lang.NullPointerException
	at io.cloudboost.CloudQueryTest$12.done(CloudQueryTest.java:313)
	at io.cloudboost.CloudObject.save(CloudObject.java:888)
	at io.cloudboost.CloudQueryTest.selectColumnDistinct(CloudQueryTest.java:309)
	at sun.reflect.NativeMethodAccessorImpl.invoke0(Native Method)
	at sun.reflect.NativeMethodAccessorImpl.invoke(NativeMethodAccessorImpl.java:62)
	at sun.reflect.DelegatingMethodAccessorImpl.invoke(DelegatingMethodAccessorImpl.java:43)
	at java.lang.reflect.Method.invoke(Method.java:483)
	at org.junit.runners.model.FrameworkMethod$1.runReflectiveCall(FrameworkMethod.java:44)
	at org.junit.internal.runners.model.ReflectiveCallable.run(ReflectiveCallable.java:15)
	at org.junit.runners.model.FrameworkMethod.invokeExplosively(FrameworkMethod.java:41)
	at org.junit.internal.runners.statements.InvokeMethod.evaluate(InvokeMethod.java:20)
	at org.junit.internal.runners.statements.FailOnTimeout$1.run(FailOnTimeout.java:28)
</system-err>
  </testcase>
  <testcase classname="io.cloudboost.CloudQueryTest" name="greaterThanEqualTo" time="0"/>
  <testcase classname="io.cloudboost.CloudQueryTest" name="saveListWithinColumn" time="0.976"/>
  <testcase classname="io.cloudboost.CloudQueryTest" name="saveDataWithGivenValue" time="1.02"/>
  <testcase classname="io.cloudboost.CloudQueryTest" name="shouldNotRetrieveDataWithAparticularValue" time="10.004">
    <failure type="junit.framework.AssertionFailedError:">junit.framework.AssertionFailedError: null
	at junit.framework.Assert.fail(Assert.java:47)
	at io.cloudboost.CloudQueryTest$42.done(CloudQueryTest.java:1282)
	at io.cloudboost.CloudQuery.find(CloudQuery.java:1426)
	at io.cloudboost.CloudQueryTest.shouldNotRetrieveDataWithAparticularValue(CloudQueryTest.java:1276)
	at sun.reflect.NativeMethodAccessorImpl.invoke0(Native Method)
	at sun.reflect.NativeMethodAccessorImpl.invoke(NativeMethodAccessorImpl.java:62)
	at sun.reflect.DelegatingMethodAccessorImpl.invoke(DelegatingMethodAccessorImpl.java:43)
	at java.lang.reflect.Method.invoke(Method.java:483)
	at org.junit.runners.model.FrameworkMethod$1.runReflectiveCall(FrameworkMethod.java:44)
	at org.junit.internal.runners.model.ReflectiveCallable.run(ReflectiveCallable.java:15)
	at org.junit.runners.model.FrameworkMethod.invokeExplosively(FrameworkMethod.java:41)
	at org.junit.internal.runners.statements.InvokeMethod.evaluate(InvokeMethod.java:20)
	at org.junit.internal.runners.statements.FailOnTimeout$1.run(FailOnTimeout.java:28)
</failure>
  </testcase>
  <testcase classname="io.cloudboost.CloudQueryTest" name="findOne" time="3.956"/>
  <testcase classname="io.cloudboost.CloudQueryTest" name="findById" time="2.018"/>
  <testcase classname="io.cloudboost.CloudQueryTest" name="findData" time="10.002">
    <failure type="junit.framework.AssertionFailedError:">junit.framework.AssertionFailedError: null
	at junit.framework.Assert.fail(Assert.java:47)
	at io.cloudboost.CloudQueryTest$19.done(CloudQueryTest.java:508)
	at io.cloudboost.CloudQuery.find(CloudQuery.java:1426)
	at io.cloudboost.CloudQueryTest.findData(CloudQueryTest.java:504)
	at sun.reflect.NativeMethodAccessorImpl.invoke0(Native Method)
	at sun.reflect.NativeMethodAccessorImpl.invoke(NativeMethodAccessorImpl.java:62)
	at sun.reflect.DelegatingMethodAccessorImpl.invoke(DelegatingMethodAccessorImpl.java:43)
	at java.lang.reflect.Method.invoke(Method.java:483)
	at org.junit.runners.model.FrameworkMethod$1.runReflectiveCall(FrameworkMethod.java:44)
	at org.junit.internal.runners.model.ReflectiveCallable.run(ReflectiveCallable.java:15)
	at org.junit.runners.model.FrameworkMethod.invokeExplosively(FrameworkMethod.java:41)
	at org.junit.internal.runners.statements.InvokeMethod.evaluate(InvokeMethod.java:20)
	at org.junit.internal.runners.statements.FailOnTimeout$1.run(FailOnTimeout.java:28)
</failure>
  </testcase>
  <testcase classname="io.cloudboost.CloudQueryTest" name="lessThan" time="9.492"/>
  <testcase classname="io.cloudboost.CloudQueryTest" name="selectColumnShouldWorkOnDistinct" time="1.868"/>
  <testcase classname="io.cloudboost.CloudQueryTest" name="selectColumnShouldWorkOnFind" time="10.003">
    <failure type="junit.framework.AssertionFailedError:">junit.framework.AssertionFailedError: null
	at junit.framework.Assert.fail(Assert.java:47)
	at io.cloudboost.CloudQueryTest$5.done(CloudQueryTest.java:155)
	at io.cloudboost.CloudObject.save(CloudObject.java:888)
	at io.cloudboost.CloudQueryTest.selectColumnShouldWorkOnFind(CloudQueryTest.java:150)
	at sun.reflect.NativeMethodAccessorImpl.invoke0(Native Method)
	at sun.reflect.NativeMethodAccessorImpl.invoke(NativeMethodAccessorImpl.java:62)
	at sun.reflect.DelegatingMethodAccessorImpl.invoke(DelegatingMethodAccessorImpl.java:43)
	at java.lang.reflect.Method.invoke(Method.java:483)
	at org.junit.runners.model.FrameworkMethod$1.runReflectiveCall(FrameworkMethod.java:44)
	at org.junit.internal.runners.model.ReflectiveCallable.run(ReflectiveCallable.java:15)
	at org.junit.runners.model.FrameworkMethod.invokeExplosively(FrameworkMethod.java:41)
	at org.junit.internal.runners.statements.InvokeMethod.evaluate(InvokeMethod.java:20)
	at org.junit.internal.runners.statements.FailOnTimeout$1.run(FailOnTimeout.java:28)
</failure>
  </testcase>
  <testcase classname="io.cloudboost.CloudQueryTest" name="retrieveDataWithParticularValue" time="3.522"/>
  <testcase classname="io.cloudboost.CloudQueryTest" name="getEncryptedPasswordOverOr" time="10.002">
    <failure type="junit.framework.AssertionFailedError:">junit.framework.AssertionFailedError: null
	at junit.framework.Assert.fail(Assert.java:47)
	at io.cloudboost.CloudQueryTest$36.done(CloudQueryTest.java:1050)
	at io.cloudboost.CloudObject.save(CloudObject.java:888)
	at io.cloudboost.CloudQueryTest.getEncryptedPasswordOverOr(CloudQueryTest.java:1045)
	at sun.reflect.NativeMethodAccessorImpl.invoke0(Native Method)
	at sun.reflect.NativeMethodAccessorImpl.invoke(NativeMethodAccessorImpl.java:62)
	at sun.reflect.DelegatingMethodAccessorImpl.invoke(DelegatingMethodAccessorImpl.java:43)
	at java.lang.reflect.Method.invoke(Method.java:483)
	at org.junit.runners.model.FrameworkMethod$1.runReflectiveCall(FrameworkMethod.java:44)
	at org.junit.internal.runners.model.ReflectiveCallable.run(ReflectiveCallable.java:15)
	at org.junit.runners.model.FrameworkMethod.invokeExplosively(FrameworkMethod.java:41)
	at org.junit.internal.runners.statements.InvokeMethod.evaluate(InvokeMethod.java:20)
	at org.junit.internal.runners.statements.FailOnTimeout$1.run(FailOnTimeout.java:28)
</failure>
  </testcase>
  <testcase classname="io.cloudboost.CloudQueryTest" name="queryOverLinkedColumnWithEqualTo" time="11.554"/>
  <testcase classname="io.cloudboost.CloudQueryTest" name="containedInShouldWorkOnId" time="12.011">
    <failure type="junit.framework.AssertionFailedError:">junit.framework.AssertionFailedError: null
	at junit.framework.Assert.fail(Assert.java:47)
	at io.cloudboost.CloudQueryTest$40$1$1.done(CloudQueryTest.java:1214)
	at io.cloudboost.CloudObject.save(CloudObject.java:888)
	at io.cloudboost.CloudQueryTest$40$1.done(CloudQueryTest.java:1209)
	at io.cloudboost.CloudObject.save(CloudObject.java:884)
	at io.cloudboost.CloudQueryTest$40.done(CloudQueryTest.java:1200)
	at io.cloudboost.CloudObject.save(CloudObject.java:884)
	at io.cloudboost.CloudQueryTest.containedInShouldWorkOnId(CloudQueryTest.java:1191)
	at sun.reflect.NativeMethodAccessorImpl.invoke0(Native Method)
	at sun.reflect.NativeMethodAccessorImpl.invoke(NativeMethodAccessorImpl.java:62)
	at sun.reflect.DelegatingMethodAccessorImpl.invoke(DelegatingMethodAccessorImpl.java:43)
	at java.lang.reflect.Method.invoke(Method.java:483)
	at org.junit.runners.model.FrameworkMethod$1.runReflectiveCall(FrameworkMethod.java:44)
	at org.junit.internal.runners.model.ReflectiveCallable.run(ReflectiveCallable.java:15)
	at org.junit.runners.model.FrameworkMethod.invokeExplosively(FrameworkMethod.java:41)
	at org.junit.internal.runners.statements.InvokeMethod.evaluate(InvokeMethod.java:20)
	at org.junit.internal.runners.statements.FailOnTimeout$1.run(FailOnTimeout.java:28)
</failure>
  </testcase>
  <testcase classname="io.cloudboost.CloudQueryTest" name="shouldReturnCountAsInteger" time="3.525"/>
  <testcase classname="io.cloudboost.CloudQueryTest" name="shouldRetrieveWhenNotNullColumn" time="10.002">
    <failure type="junit.framework.AssertionFailedError:">junit.framework.AssertionFailedError: null
	at junit.framework.Assert.fail(Assert.java:47)
	at io.cloudboost.CloudQueryTest$1.done(CloudQueryTest.java:27)
	at io.cloudboost.CloudObject.save(CloudObject.java:888)
	at io.cloudboost.CloudQueryTest.shouldRetrieveWhenNotNullColumn(CloudQueryTest.java:22)
	at sun.reflect.NativeMethodAccessorImpl.invoke0(Native Method)
	at sun.reflect.NativeMethodAccessorImpl.invoke(NativeMethodAccessorImpl.java:62)
	at sun.reflect.DelegatingMethodAccessorImpl.invoke(DelegatingMethodAccessorImpl.java:43)
	at java.lang.reflect.Method.invoke(Method.java:483)
	at org.junit.runners.model.FrameworkMethod$1.runReflectiveCall(FrameworkMethod.java:44)
	at org.junit.internal.runners.model.ReflectiveCallable.run(ReflectiveCallable.java:15)
	at org.junit.runners.model.FrameworkMethod.invokeExplosively(FrameworkMethod.java:41)
	at org.junit.internal.runners.statements.InvokeMethod.evaluate(InvokeMethod.java:20)
	at org.junit.internal.runners.statements.FailOnTimeout$1.run(FailOnTimeout.java:28)
</failure>
  </testcase>
  <testcase classname="io.cloudboost.CloudQueryTest" name="shouldRetrieveWhenNullColumn" time="9.363"/>
  <testcase classname="io.cloudboost.CloudQueryTest" name="saveDataWithParticularValue" time="10.003">
    <error type="java.lang.NullPointerException">java.lang.NullPointerException
	at io.cloudboost.CloudQueryTest$7.done(CloudQueryTest.java:203)
	at io.cloudboost.CloudObject.save(CloudObject.java:893)
	at io.cloudboost.CloudQueryTest.saveDataWithParticularValue(CloudQueryTest.java:199)
	at sun.reflect.NativeMethodAccessorImpl.invoke0(Native Method)
	at sun.reflect.NativeMethodAccessorImpl.invoke(NativeMethodAccessorImpl.java:62)
	at sun.reflect.DelegatingMethodAccessorImpl.invoke(DelegatingMethodAccessorImpl.java:43)
	at java.lang.reflect.Method.invoke(Method.java:483)
	at org.junit.runners.model.FrameworkMethod$1.runReflectiveCall(FrameworkMethod.java:44)
	at org.junit.internal.runners.model.ReflectiveCallable.run(ReflectiveCallable.java:15)
	at org.junit.runners.model.FrameworkMethod.invokeExplosively(FrameworkMethod.java:41)
	at org.junit.internal.runners.statements.InvokeMethod.evaluate(InvokeMethod.java:20)
	at org.junit.internal.runners.statements.FailOnTimeout$1.run(FailOnTimeout.java:28)
</error>
    <system-err>java.lang.NullPointerException
	at io.cloudboost.CloudQueryTest$7.done(CloudQueryTest.java:203)
	at io.cloudboost.CloudObject.save(CloudObject.java:888)
	at io.cloudboost.CloudQueryTest.saveDataWithParticularValue(CloudQueryTest.java:199)
	at sun.reflect.NativeMethodAccessorImpl.invoke0(Native Method)
	at sun.reflect.NativeMethodAccessorImpl.invoke(NativeMethodAccessorImpl.java:62)
	at sun.reflect.DelegatingMethodAccessorImpl.invoke(DelegatingMethodAccessorImpl.java:43)
	at java.lang.reflect.Method.invoke(Method.java:483)
	at org.junit.runners.model.FrameworkMethod$1.runReflectiveCall(FrameworkMethod.java:44)
	at org.junit.internal.runners.model.ReflectiveCallable.run(ReflectiveCallable.java:15)
	at org.junit.runners.model.FrameworkMethod.invokeExplosively(FrameworkMethod.java:41)
	at org.junit.internal.runners.statements.InvokeMethod.evaluate(InvokeMethod.java:20)
	at org.junit.internal.runners.statements.FailOnTimeout$1.run(FailOnTimeout.java:28)
</system-err>
  </testcase>
  <testcase classname="io.cloudboost.CloudQueryTest" name="saveDataWithAParticularValue" time="8.606"/>
  <testcase classname="io.cloudboost.CloudQueryTest" name="getEncryptedPasswordOverQuery" time="3.8"/>
  <testcase classname="io.cloudboost.CloudQueryTest" name="retrieveElementWithGivenId" time="10.002">
    <failure type="junit.framework.AssertionFailedError:">junit.framework.AssertionFailedError: null
	at junit.framework.Assert.fail(Assert.java:47)
	at io.cloudboost.CloudQueryTest$53.done(CloudQueryTest.java:1685)
	at io.cloudboost.CloudObject.save(CloudObject.java:888)
	at io.cloudboost.CloudQueryTest.retrieveElementWithGivenId(CloudQueryTest.java:1680)
	at sun.reflect.NativeMethodAccessorImpl.invoke0(Native Method)
	at sun.reflect.NativeMethodAccessorImpl.invoke(NativeMethodAccessorImpl.java:62)
	at sun.reflect.DelegatingMethodAccessorImpl.invoke(DelegatingMethodAccessorImpl.java:43)
	at java.lang.reflect.Method.invoke(Method.java:483)
	at org.junit.runners.model.FrameworkMethod$1.runReflectiveCall(FrameworkMethod.java:44)
	at org.junit.internal.runners.model.ReflectiveCallable.run(ReflectiveCallable.java:15)
	at org.junit.runners.model.FrameworkMethod.invokeExplosively(FrameworkMethod.java:41)
	at org.junit.internal.runners.statements.InvokeMethod.evaluate(InvokeMethod.java:20)
	at org.junit.internal.runners.statements.FailOnTimeout$1.run(FailOnTimeout.java:28)
</failure>
  </testcase>
  <testcase classname="io.cloudboost.CloudQueryTest" name="shouldQueryOverBooleanType" time="15.308">
    <failure type="junit.framework.AssertionFailedError:">junit.framework.AssertionFailedError: null
	at junit.framework.Assert.fail(Assert.java:47)
	at io.cloudboost.CloudQueryTest$47.done(CloudQueryTest.java:1419)
	at io.cloudboost.CloudObject.save(CloudObject.java:888)
	at io.cloudboost.CloudQueryTest.shouldQueryOverBooleanType(CloudQueryTest.java:1414)
	at sun.reflect.NativeMethodAccessorImpl.invoke0(Native Method)
	at sun.reflect.NativeMethodAccessorImpl.invoke(NativeMethodAccessorImpl.java:62)
	at sun.reflect.DelegatingMethodAccessorImpl.invoke(DelegatingMethodAccessorImpl.java:43)
	at java.lang.reflect.Method.invoke(Method.java:483)
	at org.junit.runners.model.FrameworkMethod$1.runReflectiveCall(FrameworkMethod.java:44)
	at org.junit.internal.runners.model.ReflectiveCallable.run(ReflectiveCallable.java:15)
	at org.junit.runners.model.FrameworkMethod.invokeExplosively(FrameworkMethod.java:41)
	at org.junit.internal.runners.statements.InvokeMethod.evaluate(InvokeMethod.java:20)
	at org.junit.internal.runners.statements.FailOnTimeout$1.run(FailOnTimeout.java:28)
</failure>
    <system-err>Exception in thread &quot;EventThread&quot; java.lang.NullPointerException
	at io.socket.client.Socket.onevent(Socket.java:316)
	at io.socket.client.Socket.onpacket(Socket.java:280)
	at io.socket.client.Socket.access$100(Socket.java:18)
	at io.socket.client.Socket$2$2.call(Socket.java:101)
	at io.socket.emitter.Emitter.emit(Emitter.java:117)
	at io.socket.client.Manager.ondecoded(Manager.java:381)
	at io.socket.client.Manager.access$1200(Manager.java:20)
	at io.socket.client.Manager$3.call(Manager.java:355)
	at io.socket.emitter.Emitter.emit(Emitter.java:117)
	at io.socket.parser.Parser$Decoder.add(Parser.java:156)
	at io.socket.client.Manager.ondata(Manager.java:373)
	at io.socket.client.Manager.access$1000(Manager.java:20)
	at io.socket.client.Manager$2.call(Manager.java:346)
	at io.socket.emitter.Emitter.emit(Emitter.java:117)
	at io.socket.engineio.client.Socket.onPacket(Socket.java:497)
	at io.socket.engineio.client.Socket.access$900(Socket.java:30)
	at io.socket.engineio.client.Socket$5.call(Socket.java:300)
	at io.socket.emitter.Emitter.emit(Emitter.java:117)
	at io.socket.engineio.client.Transport.onPacket(Transport.java:124)
	at io.socket.engineio.client.Transport.onData(Transport.java:116)
	at io.socket.engineio.client.transports.WebSocket.access$300(WebSocket.java:26)
	at io.socket.engineio.client.transports.WebSocket$1$3.run(WebSocket.java:102)
	at io.socket.thread.EventThread$2.run(EventThread.java:75)
	at java.util.concurrent.ThreadPoolExecutor.runWorker(ThreadPoolExecutor.java:1142)
	at java.util.concurrent.ThreadPoolExecutor$Worker.run(ThreadPoolExecutor.java:617)
	at java.lang.Thread.run(Thread.java:745)
</system-err>
  </testcase>
  <testcase classname="io.cloudboost.CloudQueryTest" name="shouldQueryOverLinkedColumn" time="31.67"/>
  <testcase classname="io.cloudboost.CloudQueryTest" name="shouldLimitNumberOfDataItems" time="32.311"/>
  <testcase classname="io.cloudboost.CloudQueryTest" name="shouldIncludeRelationOnDistinct" time="9.31"/>
  <testcase classname="io.cloudboost.CloudQueryTest" name="shouldIncludeWithFindById" time="9.25"/>
  <testcase classname="io.cloudboost.CloudQueryTest" name="containedInOverListOfCloudObject" time="5.669"/>
  <testcase classname="io.cloudboost.CloudQueryTest" name="doesNotExists" time="4.998"/>
  <testcase classname="io.cloudboost.CloudQueryTest" name="findItemById" time="10.003">
    <failure type="junit.framework.AssertionFailedError:">junit.framework.AssertionFailedError: null
	at junit.framework.Assert.fail(Assert.java:47)
	at io.cloudboost.CloudQueryTest$17.done(CloudQueryTest.java:441)
	at io.cloudboost.CloudObject.save(CloudObject.java:888)
	at io.cloudboost.CloudQueryTest.findItemById(CloudQueryTest.java:436)
	at sun.reflect.NativeMethodAccessorImpl.invoke0(Native Method)
	at sun.reflect.NativeMethodAccessorImpl.invoke(NativeMethodAccessorImpl.java:62)
	at sun.reflect.DelegatingMethodAccessorImpl.invoke(DelegatingMethodAccessorImpl.java:43)
	at java.lang.reflect.Method.invoke(Method.java:483)
	at org.junit.runners.model.FrameworkMethod$1.runReflectiveCall(FrameworkMethod.java:44)
	at org.junit.internal.runners.model.ReflectiveCallable.run(ReflectiveCallable.java:15)
	at org.junit.runners.model.FrameworkMethod.invokeExplosively(FrameworkMethod.java:41)
	at org.junit.internal.runners.statements.InvokeMethod.evaluate(InvokeMethod.java:20)
	at org.junit.internal.runners.statements.FailOnTimeout$1.run(FailOnTimeout.java:28)
</failure>
  </testcase>
  <testcase classname="io.cloudboost.CloudQueryTest" name="equalToWithNull" time="9.419"/>
  <testcase classname="io.cloudboost.CloudQueryTest" name="saveMultiJoin" time="2.159"/>
  <testcase classname="io.cloudboost.CloudQueryTest" name="saveListInColumn" time="1.769"/>
  <testcase classname="io.cloudboost.CloudQueryTest" name="includeFindById" time="3.621"/>
  <testcase classname="io.cloudboost.CloudQueryTest" name="ascendingOrder" time="2.071"/>
  <testcase classname="io.cloudboost.CloudQueryTest" name="selectColumn" time="1.988"/>
  <testcase classname="io.cloudboost.CloudQueryTest" name="findDataWithId" time="1.92"/>
  <testcase classname="io.cloudboost.CloudQueryTest" name="notContianedIn" time="2.392"/>
  <testcase classname="io.cloudboost.CloudQueryTest" name="greaterThan" time="2.029"/>
  <testcase classname="io.cloudboost.CloudQueryTest" name="lessThanEqualTo" time="2.141"/>
  <testcase classname="io.cloudboost.CloudQueryTest" name="descendingOrder" time="2.638"/>
  <testcase classname="io.cloudboost.CloudQueryTest" name="saveRelation" time="5.082"/>
  <testcase classname="io.cloudboost.CloudQueryTest" name="shouldRetrieveWhenNotNullColumnNotEqFunc" time="2.027"/>
  <testcase classname="io.cloudboost.CloudQueryTest" name="shouldLimitNumberOfDataItemsToOne" time="0.861"/>
  <testcase classname="io.cloudboost.CloudQueryTest" name="shouldGetElementNotHavingGivenColumnName" time="0.87"/>
  <testcase classname="io.cloudboost.CloudQueryTest" name="shouldNotGiveElementWithGivenRelation" time="8.812"/>
  <testcase classname="io.cloudboost.CloudQueryTest" name="shouldNotEncryptAlreadyEncryptedPassword" time="4.44"/>
</testsuite>