<?xml version="1.0" encoding="UTF-8" ?>
<testsuite tests="33" failures="0" name="io.cloudboost.notificationquery.NotificationQueryTest" time="152.163" errors="0" skipped="0">
  <properties>
[...]
</properties>
  <testcase classname="io.cloudboost.notificationquery.NotificationQueryTest" name="startsWith" time="4.453"/>
  <testcase classname="io.cloudboost.notificationquery.NotificationQueryTest" name="containsAll" time="4.448"/>
  <testcase classname="io.cloudboost.notificationquery.NotificationQueryTest" name="exists" time="4.452"/>
  <testcase classname="io.cloudboost.notificationquery.NotificationQueryTest" name="or" time="4.459"/>
  <testcase classname="io.cloudboost.notificationquery.NotificationQueryTest" name="queryGreaterThanOrEqTrick1" time="4.452"/>
  <testcase classname="io.cloudboost.notificationquery.NotificationQueryTest" name="queryGreaterThanOrEqTrick2" time="4.447"/>
  <testcase classname="io.cloudboost.notificationquery.NotificationQueryTest" name="or3" time="4.581"/>
  <testcase classname="io.cloudboost.notificationquery.NotificationQueryTest" name="or2" time="4.568"/>
  <testcase classname="io.cloudboost.notificationquery.NotificationQueryTest" name="or1" time="4.62"/>
  <testcase classname="io.cloudboost.notificationquery.NotificationQueryTest" name="notContainedInTrick" time="5.084"/>
  <testcase classname="io.cloudboost.notificationquery.NotificationQueryTest" name="queryLessThanEqTrick2" time="4.458"/>
  <testcase classname="io.cloudboost.notificationquery.NotificationQueryTest" name="queryLessThanEqTrick1" time="4.759"/>
  <testcase classname="io.cloudboost.notificationquery.NotificationQueryTest" name="queryGreaterThanTrick" time="4.524"/>
  <testcase classname="io.cloudboost.notificationquery.NotificationQueryTest" name="queryLessThanTrick1" time="4.419"/>
  <testcase classname="io.cloudboost.notificationquery.NotificationQueryTest" name="queryOnNotEqualTo" time="4.58"/>
  <testcase classname="io.cloudboost.notificationquery.NotificationQueryTest" name="queryLessThanTrick2" time="4.579"/>
  <testcase classname="io.cloudboost.notificationquery.NotificationQueryTest" name="queryGreaterThanOrEq" time="4.699"/>
  <testcase classname="io.cloudboost.notificationquery.NotificationQueryTest" name="queryOnNotEqualToTrick" time="4.558"/>
  <testcase classname="io.cloudboost.notificationquery.NotificationQueryTest" name="queryOnEqualToTrick" time="4.412"/>
  <testcase classname="io.cloudboost.notificationquery.NotificationQueryTest" name="existsNot" time="4.558"/>
  <testcase classname="io.cloudboost.notificationquery.NotificationQueryTest" name="containedIn" time="4.634"/>
  <testcase classname="io.cloudboost.notificationquery.NotificationQueryTest" name="queryLessThan" time="4.619"/>
  <testcase classname="io.cloudboost.notificationquery.NotificationQueryTest" name="existsTrick" time="4.411"/>
  <testcase classname="io.cloudboost.notificationquery.NotificationQueryTest" name="queryGreaterThan" time="4.417"/>
  <testcase classname="io.cloudboost.notificationquery.NotificationQueryTest" name="queryOnEqualTo" time="4.482"/>
  <testcase classname="io.cloudboost.notificationquery.NotificationQueryTest" name="querySkipOne" time="4.543"/>
  <testcase classname="io.cloudboost.notificationquery.NotificationQueryTest" name="queryLessThanEq" time="4.349"/>
  <testcase classname="io.cloudboost.notificationquery.NotificationQueryTest" name="queryLimitTwo" time="6.839"/>
  <testcase classname="io.cloudboost.notificationquery.NotificationQueryTest" name="containedInTrick" time="4.414"/>
  <testcase classname="io.cloudboost.notificationquery.NotificationQueryTest" name="existsNotTrick" time="4.758"/>
  <testcase classname="io.cloudboost.notificationquery.NotificationQueryTest" name="startsWith1" time="4.868"/>
  <testcase classname="io.cloudboost.notificationquery.NotificationQueryTest" name="notContainedIn" time="4.359"/>
  <testcase classname="io.cloudboost.notificationquery.NotificationQueryTest" name="containsAllTrick" time="4.36"/>
</testsuite>