<?xml version="1.0" encoding="UTF-8" ?>
<testsuite tests="44" failures="18" name="io.cloudboost.CloudObjectTest" time="254.588" errors="1" skipped="0">
  <properties>
[...]
</properties>
  <testcase classname="io.cloudboost.CloudObjectTest" name="shouldNotSaveRelationWhenSchemaOfRelationObjectIsWrong" time="10.002">
    <error message="test timed out after 10000 milliseconds" type="java.lang.Exception">java.lang.Exception: test timed out after 10000 milliseconds
	at java.net.SocketInputStream.socketRead0(Native Method)
	at java.net.SocketInputStream.read(SocketInputStream.java:150)
	at java.net.SocketInputStream.read(SocketInputStream.java:121)
	at sun.security.ssl.InputRecord.readFully(InputRecord.java:465)
	at sun.security.ssl.InputRecord.read(InputRecord.java:503)
	at sun.security.ssl.SSLSocketImpl.readRecord(SSLSocketImpl.java:954)
	at sun.security.ssl.SSLSocketImpl.readDataRecord(SSLSocketImpl.java:911)
	at sun.security.ssl.AppInputStream.read(AppInputStream.java:105)
	at java.io.BufferedInputStream.fill(BufferedInputStream.java:246)
	at java.io.BufferedInputStream.read1(BufferedInputStream.java:286)
	at java.io.BufferedInputStream.read(BufferedInputStream.java:345)
	at sun.net.www.http.HttpClient.parseHTTPHeader(HttpClient.java:701)
	at sun.net.www.http.HttpClient.parseHTTP(HttpClient.java:647)
	at sun.net.www.protocol.http.HttpURLConnection.getInputStream0(HttpURLConnection.java:1534)
	at sun.net.www.protocol.http.HttpURLConnection.getInputStream(HttpURLConnection.java:1439)
	at java.net.HttpURLConnection.getResponseCode(HttpURLConnection.java:480)
	at sun.net.www.protocol.https.HttpsURLConnectionImpl.getResponseCode(HttpsURLConnectionImpl.java:338)
	at io.cloudboost.util.CBParser.callJson(CBParser.java:70)
	at io.cloudboost.CloudObject.save(CloudObject.java:868)
	at io.cloudboost.CloudObjectTest.shouldNotSaveRelationWhenSchemaOfRelationObjectIsWrong(CloudObjectTest.java:1158)
	at sun.reflect.NativeMethodAccessorImpl.invoke0(Native Method)
	at sun.reflect.NativeMethodAccessorImpl.invoke(NativeMethodAccessorImpl.java:62)
	at sun.reflect.DelegatingMethodAccessorImpl.invoke(DelegatingMethodAccessorImpl.java:43)
	at java.lang.reflect.Method.invoke(Method.java:483)
	at org.junit.runners.model.FrameworkMethod$1.runReflectiveCall(FrameworkMethod.java:44)
	at org.junit.internal.runners.model.ReflectiveCallable.run(ReflectiveCallable.java:15)
	at org.junit.runners.model.FrameworkMethod.invokeExplosively(FrameworkMethod.java:41)
	at org.junit.internal.runners.statements.InvokeMethod.evaluate(InvokeMethod.java:20)
	at org.junit.internal.runners.statements.FailOnTimeout$1.run(FailOnTimeout.java:28)
</error>
    <system-out>ACL GOING INTO SAVE IS: {&quot;read&quot;:{&quot;allow&quot;:{&quot;role&quot;:[],&quot;user&quot;:[&quot;all&quot;]},&quot;deny&quot;:{&quot;role&quot;:[],&quot;user&quot;:[]}},&quot;write&quot;:{&quot;allow&quot;:{&quot;role&quot;:[],&quot;user&quot;:[&quot;all&quot;]},&quot;deny&quot;:{&quot;role&quot;:[],&quot;user&quot;:[]}}}
</system-out>
  </testcase>
  <testcase classname="io.cloudboost.CloudObjectTest" name="shouldUnsetField" time="7.787"/>
  <testcase classname="io.cloudboost.CloudObjectTest" name="updateAfterSave" time="11.078">
    <failure type="junit.framework.AssertionFailedError:">junit.framework.AssertionFailedError: null
	at junit.framework.Assert.fail(Assert.java:47)
	at io.cloudboost.CloudObjectTest$9$1.done(CloudObjectTest.java:227)
	at io.cloudboost.CloudObject.save(CloudObject.java:879)
	at io.cloudboost.CloudObjectTest$9.done(CloudObjectTest.java:223)
	at io.cloudboost.CloudObject.save(CloudObject.java:875)
	at io.cloudboost.CloudObjectTest.updateAfterSave(CloudObjectTest.java:216)
	at sun.reflect.NativeMethodAccessorImpl.invoke0(Native Method)
	at sun.reflect.NativeMethodAccessorImpl.invoke(NativeMethodAccessorImpl.java:62)
	at sun.reflect.DelegatingMethodAccessorImpl.invoke(DelegatingMethodAccessorImpl.java:43)
	at java.lang.reflect.Method.invoke(Method.java:483)
	at org.junit.runners.model.FrameworkMethod$1.runReflectiveCall(FrameworkMethod.java:44)
	at org.junit.internal.runners.model.ReflectiveCallable.run(ReflectiveCallable.java:15)
	at org.junit.runners.model.FrameworkMethod.invokeExplosively(FrameworkMethod.java:41)
	at org.junit.internal.runners.statements.InvokeMethod.evaluate(InvokeMethod.java:20)
	at org.junit.internal.runners.statements.FailOnTimeout$1.run(FailOnTimeout.java:28)
</failure>
    <system-out>ACL GOING INTO SAVE IS: {&quot;read&quot;:{&quot;allow&quot;:{&quot;role&quot;:[],&quot;user&quot;:[&quot;all&quot;]},&quot;deny&quot;:{&quot;role&quot;:[],&quot;user&quot;:[]}},&quot;write&quot;:{&quot;allow&quot;:{&quot;role&quot;:[],&quot;user&quot;:[&quot;all&quot;]},&quot;deny&quot;:{&quot;role&quot;:[],&quot;user&quot;:[]}}}
ACL GOING INTO SAVE IS: {&quot;read&quot;:{&quot;allow&quot;:{&quot;role&quot;:[],&quot;user&quot;:[&quot;all&quot;]},&quot;deny&quot;:{&quot;role&quot;:[],&quot;user&quot;:[]}},&quot;write&quot;:{&quot;allow&quot;:{&quot;role&quot;:[],&quot;user&quot;:[&quot;all&quot;]},&quot;deny&quot;:{&quot;role&quot;:[],&quot;user&quot;:[]}}}
</system-out>
  </testcase>
  <testcase classname="io.cloudboost.CloudObjectTest" name="saveRelation" time="11.502">
    <failure type="junit.framework.AssertionFailedError:">junit.framework.AssertionFailedError: null
	at junit.framework.Assert.fail(Assert.java:47)
	at io.cloudboost.CloudObjectTest$15.done(CloudObjectTest.java:348)
	at io.cloudboost.CloudObject.save(CloudObject.java:879)
	at io.cloudboost.CloudObjectTest.saveRelation(CloudObjectTest.java:344)
	at sun.reflect.NativeMethodAccessorImpl.invoke0(Native Method)
	at sun.reflect.NativeMethodAccessorImpl.invoke(NativeMethodAccessorImpl.java:62)
	at sun.reflect.DelegatingMethodAccessorImpl.invoke(DelegatingMethodAccessorImpl.java:43)
	at java.lang.reflect.Method.invoke(Method.java:483)
	at org.junit.runners.model.FrameworkMethod$1.runReflectiveCall(FrameworkMethod.java:44)
	at org.junit.internal.runners.model.ReflectiveCallable.run(ReflectiveCallable.java:15)
	at org.junit.runners.model.FrameworkMethod.invokeExplosively(FrameworkMethod.java:41)
	at org.junit.internal.runners.statements.InvokeMethod.evaluate(InvokeMethod.java:20)
	at org.junit.internal.runners.statements.FailOnTimeout$1.run(FailOnTimeout.java:28)
</failure>
    <system-out>ACL GOING INTO SAVE IS: {&quot;read&quot;:{&quot;allow&quot;:{&quot;role&quot;:[],&quot;user&quot;:[&quot;all&quot;]},&quot;deny&quot;:{&quot;role&quot;:[],&quot;user&quot;:[]}},&quot;write&quot;:{&quot;allow&quot;:{&quot;role&quot;:[],&quot;user&quot;:[&quot;all&quot;]},&quot;deny&quot;:{&quot;role&quot;:[],&quot;user&quot;:[]}}}
</system-out>
  </testcase>
  <testcase classname="io.cloudboost.CloudObjectTest" name="createNotice" time="6.741"/>
  <testcase classname="io.cloudboost.CloudObjectTest" name="shouldNotSetId" time="0"/>
  <testcase classname="io.cloudboost.CloudObjectTest" name="deleteAfterSave" time="11.092">
    <failure type="junit.framework.AssertionFailedError:">junit.framework.AssertionFailedError: null
	at junit.framework.Assert.fail(Assert.java:47)
	at io.cloudboost.CloudObjectTest$10$1.done(CloudObjectTest.java:250)
	at io.cloudboost.CloudObject.delete(CloudObject.java:1047)
	at io.cloudboost.CloudObjectTest$10.done(CloudObjectTest.java:246)
	at io.cloudboost.CloudObject.save(CloudObject.java:875)
	at io.cloudboost.CloudObjectTest.deleteAfterSave(CloudObjectTest.java:240)
	at sun.reflect.NativeMethodAccessorImpl.invoke0(Native Method)
	at sun.reflect.NativeMethodAccessorImpl.invoke(NativeMethodAccessorImpl.java:62)
	at sun.reflect.DelegatingMethodAccessorImpl.invoke(DelegatingMethodAccessorImpl.java:43)
	at java.lang.reflect.Method.invoke(Method.java:483)
	at org.junit.runners.model.FrameworkMethod$1.runReflectiveCall(FrameworkMethod.java:44)
	at org.junit.internal.runners.model.ReflectiveCallable.run(ReflectiveCallable.java:15)
	at org.junit.runners.model.FrameworkMethod.invokeExplosively(FrameworkMethod.java:41)
	at org.junit.internal.runners.statements.InvokeMethod.evaluate(InvokeMethod.java:20)
	at org.junit.internal.runners.statements.FailOnTimeout$1.run(FailOnTimeout.java:28)
</failure>
    <system-out>ACL GOING INTO SAVE IS: {&quot;read&quot;:{&quot;allow&quot;:{&quot;role&quot;:[],&quot;user&quot;:[&quot;all&quot;]},&quot;deny&quot;:{&quot;role&quot;:[],&quot;user&quot;:[]}},&quot;write&quot;:{&quot;allow&quot;:{&quot;role&quot;:[],&quot;user&quot;:[&quot;all&quot;]},&quot;deny&quot;:{&quot;role&quot;:[],&quot;user&quot;:[]}}}
</system-out>
  </testcase>
  <testcase classname="io.cloudboost.CloudObjectTest" name="saveArray" time="11.402">
    <failure type="junit.framework.AssertionFailedError:">junit.framework.AssertionFailedError: null
	at junit.framework.Assert.fail(Assert.java:47)
	at io.cloudboost.CloudObjectTest$11.done(CloudObjectTest.java:270)
	at io.cloudboost.CloudObject.save(CloudObject.java:879)
	at io.cloudboost.CloudObjectTest.saveArray(CloudObjectTest.java:266)
	at sun.reflect.NativeMethodAccessorImpl.invoke0(Native Method)
	at sun.reflect.NativeMethodAccessorImpl.invoke(NativeMethodAccessorImpl.java:62)
	at sun.reflect.DelegatingMethodAccessorImpl.invoke(DelegatingMethodAccessorImpl.java:43)
	at java.lang.reflect.Method.invoke(Method.java:483)
	at org.junit.runners.model.FrameworkMethod$1.runReflectiveCall(FrameworkMethod.java:44)
	at org.junit.internal.runners.model.ReflectiveCallable.run(ReflectiveCallable.java:15)
	at org.junit.runners.model.FrameworkMethod.invokeExplosively(FrameworkMethod.java:41)
	at org.junit.internal.runners.statements.InvokeMethod.evaluate(InvokeMethod.java:20)
	at org.junit.internal.runners.statements.FailOnTimeout$1.run(FailOnTimeout.java:28)
</failure>
    <system-out>ACL GOING INTO SAVE IS: {&quot;read&quot;:{&quot;allow&quot;:{&quot;role&quot;:[],&quot;user&quot;:[&quot;all&quot;]},&quot;deny&quot;:{&quot;role&quot;:[],&quot;user&quot;:[]}},&quot;write&quot;:{&quot;allow&quot;:{&quot;role&quot;:[],&quot;user&quot;:[&quot;all&quot;]},&quot;deny&quot;:{&quot;role&quot;:[],&quot;user&quot;:[]}}}
</system-out>
  </testcase>
  <testcase classname="io.cloudboost.CloudObjectTest" name="shouldGiveErrorWhenWrongDataIsPutInNumberField" time="7.293"/>
  <testcase classname="io.cloudboost.CloudObjectTest" name="ShouldNotSaveStringIntoDate" time="2.528"/>
  <testcase classname="io.cloudboost.CloudObjectTest" name="ShouldNotSaveWithWrongDataType" time="2.191"/>
  <testcase classname="io.cloudboost.CloudObjectTest" name="ShouldNotSaveDuplicateValue" time="3.161"/>
  <testcase classname="io.cloudboost.CloudObjectTest" name="shouldUpdateVersionOnUpdate" time="11.474">
    <failure type="junit.framework.AssertionFailedError:">junit.framework.AssertionFailedError: null
	at junit.framework.Assert.fail(Assert.java:47)
	at io.cloudboost.CloudObjectTest$8.done(CloudObjectTest.java:187)
	at io.cloudboost.CloudObject.save(CloudObject.java:879)
	at io.cloudboost.CloudObjectTest.shouldUpdateVersionOnUpdate(CloudObjectTest.java:183)
	at sun.reflect.NativeMethodAccessorImpl.invoke0(Native Method)
	at sun.reflect.NativeMethodAccessorImpl.invoke(NativeMethodAccessorImpl.java:62)
	at sun.reflect.DelegatingMethodAccessorImpl.invoke(DelegatingMethodAccessorImpl.java:43)
	at java.lang.reflect.Method.invoke(Method.java:483)
	at org.junit.runners.model.FrameworkMethod$1.runReflectiveCall(FrameworkMethod.java:44)
	at org.junit.internal.runners.model.ReflectiveCallable.run(ReflectiveCallable.java:15)
	at org.junit.runners.model.FrameworkMethod.invokeExplosively(FrameworkMethod.java:41)
	at org.junit.internal.runners.statements.InvokeMethod.evaluate(InvokeMethod.java:20)
	at org.junit.internal.runners.statements.FailOnTimeout$1.run(FailOnTimeout.java:28)
</failure>
    <system-out>ACL GOING INTO SAVE IS: {&quot;read&quot;:{&quot;allow&quot;:{&quot;role&quot;:[],&quot;user&quot;:[&quot;all&quot;]},&quot;deny&quot;:{&quot;role&quot;:[],&quot;user&quot;:[]}},&quot;write&quot;:{&quot;allow&quot;:{&quot;role&quot;:[],&quot;user&quot;:[&quot;all&quot;]},&quot;deny&quot;:{&quot;role&quot;:[],&quot;user&quot;:[]}}}
</system-out>
  </testcase>
  <testcase classname="io.cloudboost.CloudObjectTest" name="saveArrayWithWrongDataType" time="7.26"/>
  <testcase classname="io.cloudboost.CloudObjectTest" name="saveEmptyArrayOfCloudObject" time="3.319">
    <failure message="Bad Request" type="junit.framework.AssertionFailedError">junit.framework.AssertionFailedError: Bad Request
	at junit.framework.Assert.fail(Assert.java:47)
	at io.cloudboost.CloudObjectTest$19$1.done(CloudObjectTest.java:444)
	at io.cloudboost.CloudObject.save(CloudObject.java:879)
	at io.cloudboost.CloudObjectTest$19.done(CloudObjectTest.java:440)
	at io.cloudboost.CloudObject.save(CloudObject.java:875)
	at io.cloudboost.CloudObjectTest.saveEmptyArrayOfCloudObject(CloudObjectTest.java:434)
	at sun.reflect.NativeMethodAccessorImpl.invoke0(Native Method)
	at sun.reflect.NativeMethodAccessorImpl.invoke(NativeMethodAccessorImpl.java:62)
	at sun.reflect.DelegatingMethodAccessorImpl.invoke(DelegatingMethodAccessorImpl.java:43)
	at java.lang.reflect.Method.invoke(Method.java:483)
	at org.junit.runners.model.FrameworkMethod$1.runReflectiveCall(FrameworkMethod.java:44)
	at org.junit.internal.runners.model.ReflectiveCallable.run(ReflectiveCallable.java:15)
	at org.junit.runners.model.FrameworkMethod.invokeExplosively(FrameworkMethod.java:41)
	at org.junit.internal.runners.statements.InvokeMethod.evaluate(InvokeMethod.java:20)
	at org.junit.internal.runners.statements.FailOnTimeout$1.run(FailOnTimeout.java:28)
</failure>
    <system-out>ACL GOING INTO SAVE IS: {&quot;read&quot;:{&quot;allow&quot;:{&quot;role&quot;:[],&quot;user&quot;:[&quot;all&quot;]},&quot;deny&quot;:{&quot;role&quot;:[],&quot;user&quot;:[]}},&quot;write&quot;:{&quot;allow&quot;:{&quot;role&quot;:[],&quot;user&quot;:[&quot;all&quot;]},&quot;deny&quot;:{&quot;role&quot;:[],&quot;user&quot;:[]}}}
ACL GOING INTO SAVE IS: {&quot;read&quot;:{&quot;allow&quot;:{&quot;role&quot;:[],&quot;user&quot;:[&quot;all&quot;]},&quot;deny&quot;:{&quot;role&quot;:[],&quot;user&quot;:[]}},&quot;write&quot;:{&quot;allow&quot;:{&quot;role&quot;:[],&quot;user&quot;:[&quot;all&quot;]},&quot;deny&quot;:{&quot;role&quot;:[],&quot;user&quot;:[]}}}
</system-out>
  </testcase>
  <testcase classname="io.cloudboost.CloudObjectTest" name="saveAndDeleteArrayOfCloudObject" time="11.331">
    <failure type="junit.framework.AssertionFailedError:">junit.framework.AssertionFailedError: null
	at junit.framework.Assert.fail(Assert.java:47)
	at io.cloudboost.CloudObjectTest$30.done(CloudObjectTest.java:753)
	at io.cloudboost.CloudObject.saveAll(CloudObject.java:965)
	at io.cloudboost.CloudObjectTest.saveAndDeleteArrayOfCloudObject(CloudObjectTest.java:749)
	at sun.reflect.NativeMethodAccessorImpl.invoke0(Native Method)
	at sun.reflect.NativeMethodAccessorImpl.invoke(NativeMethodAccessorImpl.java:62)
	at sun.reflect.DelegatingMethodAccessorImpl.invoke(DelegatingMethodAccessorImpl.java:43)
	at java.lang.reflect.Method.invoke(Method.java:483)
	at org.junit.runners.model.FrameworkMethod$1.runReflectiveCall(FrameworkMethod.java:44)
	at org.junit.internal.runners.model.ReflectiveCallable.run(ReflectiveCallable.java:15)
	at org.junit.runners.model.FrameworkMethod.invokeExplosively(FrameworkMethod.java:41)
	at org.junit.internal.runners.statements.InvokeMethod.evaluate(InvokeMethod.java:20)
	at org.junit.internal.runners.statements.FailOnTimeout$1.run(FailOnTimeout.java:28)
</failure>
  </testcase>
  <testcase classname="io.cloudboost.CloudObjectTest" name="shouldSaveRequiredNumberAs0" time="13.427">
    <failure type="junit.framework.AssertionFailedError:">junit.framework.AssertionFailedError: null
	at junit.framework.Assert.fail(Assert.java:47)
	at junit.framework.Assert.assertTrue(Assert.java:20)
	at junit.framework.Assert.assertTrue(Assert.java:27)
	at io.cloudboost.CloudObjectTest$37.done(CloudObjectTest.java:935)
	at io.cloudboost.CloudObject.save(CloudObject.java:879)
	at io.cloudboost.CloudObjectTest.shouldSaveRequiredNumberAs0(CloudObjectTest.java:931)
	at sun.reflect.NativeMethodAccessorImpl.invoke0(Native Method)
	at sun.reflect.NativeMethodAccessorImpl.invoke(NativeMethodAccessorImpl.java:62)
	at sun.reflect.DelegatingMethodAccessorImpl.invoke(DelegatingMethodAccessorImpl.java:43)
	at java.lang.reflect.Method.invoke(Method.java:483)
	at org.junit.runners.model.FrameworkMethod$1.runReflectiveCall(FrameworkMethod.java:44)
	at org.junit.internal.runners.model.ReflectiveCallable.run(ReflectiveCallable.java:15)
	at org.junit.runners.model.FrameworkMethod.invokeExplosively(FrameworkMethod.java:41)
	at org.junit.internal.runners.statements.InvokeMethod.evaluate(InvokeMethod.java:20)
	at org.junit.internal.runners.statements.FailOnTimeout$1.run(FailOnTimeout.java:28)
</failure>
    <system-out>ACL GOING INTO SAVE IS: {&quot;read&quot;:{&quot;allow&quot;:{&quot;role&quot;:[],&quot;user&quot;:[&quot;all&quot;]},&quot;deny&quot;:{&quot;role&quot;:[],&quot;user&quot;:[]}},&quot;write&quot;:{&quot;allow&quot;:{&quot;role&quot;:[],&quot;user&quot;:[&quot;all&quot;]},&quot;deny&quot;:{&quot;role&quot;:[],&quot;user&quot;:[]}}}
</system-out>
  </testcase>
  <testcase classname="io.cloudboost.CloudObjectTest" name="shouldNotUpdateCreatedAtOnUpdate" time="3.471"/>
  <testcase classname="io.cloudboost.CloudObjectTest" name="shouldAlertOnMultipleEvents" time="7.86"/>
  <testcase classname="io.cloudboost.CloudObjectTest" name="shouldRejectWrongEventType" time="0"/>
  <testcase classname="io.cloudboost.CloudObjectTest" name="shouldAlertOnAllThreeEvents" time="17.368"/>
  <testcase classname="io.cloudboost.CloudObjectTest" name="SaveData" time="0.971"/>
  <testcase classname="io.cloudboost.CloudObjectTest" name="saveJSON" time="0.004"/>
  <testcase classname="io.cloudboost.CloudObjectTest" name="saveRelationWithRelate" time="1.677">
    <failure message="Bad Request" type="junit.framework.AssertionFailedError">junit.framework.AssertionFailedError: Bad Request
	at junit.framework.Assert.fail(Assert.java:47)
	at io.cloudboost.CloudObjectTest$16$1.done(CloudObjectTest.java:372)
	at io.cloudboost.CloudObject.save(CloudObject.java:879)
	at io.cloudboost.CloudObjectTest$16.done(CloudObjectTest.java:368)
	at io.cloudboost.CloudObject.save(CloudObject.java:875)
	at io.cloudboost.CloudObjectTest.saveRelationWithRelate(CloudObjectTest.java:361)
	at sun.reflect.NativeMethodAccessorImpl.invoke0(Native Method)
	at sun.reflect.NativeMethodAccessorImpl.invoke(NativeMethodAccessorImpl.java:62)
	at sun.reflect.DelegatingMethodAccessorImpl.invoke(DelegatingMethodAccessorImpl.java:43)
	at java.lang.reflect.Method.invoke(Method.java:483)
	at org.junit.runners.model.FrameworkMethod$1.runReflectiveCall(FrameworkMethod.java:44)
	at org.junit.internal.runners.model.ReflectiveCallable.run(ReflectiveCallable.java:15)
	at org.junit.runners.model.FrameworkMethod.invokeExplosively(FrameworkMethod.java:41)
	at org.junit.internal.runners.statements.InvokeMethod.evaluate(InvokeMethod.java:20)
	at org.junit.internal.runners.statements.FailOnTimeout$1.run(FailOnTimeout.java:28)
</failure>
    <system-out>ACL GOING INTO SAVE IS: {&quot;read&quot;:{&quot;allow&quot;:{&quot;role&quot;:[],&quot;user&quot;:[&quot;all&quot;]},&quot;deny&quot;:{&quot;role&quot;:[],&quot;user&quot;:[]}},&quot;write&quot;:{&quot;allow&quot;:{&quot;role&quot;:[],&quot;user&quot;:[&quot;all&quot;]},&quot;deny&quot;:{&quot;role&quot;:[],&quot;user&quot;:[]}}}
ACL GOING INTO SAVE IS: {&quot;read&quot;:{&quot;allow&quot;:{&quot;role&quot;:[],&quot;user&quot;:[&quot;all&quot;]},&quot;deny&quot;:{&quot;role&quot;:[],&quot;user&quot;:[]}},&quot;write&quot;:{&quot;allow&quot;:{&quot;role&quot;:[],&quot;user&quot;:[&quot;all&quot;]},&quot;deny&quot;:{&quot;role&quot;:[],&quot;user&quot;:[]}}}
</system-out>
  </testcase>
  <testcase classname="io.cloudboost.CloudObjectTest" name="keepRelationIntact" time="11.334">
    <failure type="junit.framework.AssertionFailedError:">junit.framework.AssertionFailedError: null
	at junit.framework.Assert.fail(Assert.java:47)
	at io.cloudboost.CloudObjectTest$17.done(CloudObjectTest.java:392)
	at io.cloudboost.CloudObject.save(CloudObject.java:879)
	at io.cloudboost.CloudObjectTest.keepRelationIntact(CloudObjectTest.java:388)
	at sun.reflect.NativeMethodAccessorImpl.invoke0(Native Method)
	at sun.reflect.NativeMethodAccessorImpl.invoke(NativeMethodAccessorImpl.java:62)
	at sun.reflect.DelegatingMethodAccessorImpl.invoke(DelegatingMethodAccessorImpl.java:43)
	at java.lang.reflect.Method.invoke(Method.java:483)
	at org.junit.runners.model.FrameworkMethod$1.runReflectiveCall(FrameworkMethod.java:44)
	at org.junit.internal.runners.model.ReflectiveCallable.run(ReflectiveCallable.java:15)
	at org.junit.runners.model.FrameworkMethod.invokeExplosively(FrameworkMethod.java:41)
	at org.junit.internal.runners.statements.InvokeMethod.evaluate(InvokeMethod.java:20)
	at org.junit.internal.runners.statements.FailOnTimeout$1.run(FailOnTimeout.java:28)
</failure>
    <system-out>ACL GOING INTO SAVE IS: {&quot;read&quot;:{&quot;allow&quot;:{&quot;role&quot;:[],&quot;user&quot;:[&quot;all&quot;]},&quot;deny&quot;:{&quot;role&quot;:[],&quot;user&quot;:[]}},&quot;write&quot;:{&quot;allow&quot;:{&quot;role&quot;:[],&quot;user&quot;:[&quot;all&quot;]},&quot;deny&quot;:{&quot;role&quot;:[],&quot;user&quot;:[]}}}
</system-out>
  </testcase>
  <testcase classname="io.cloudboost.CloudObjectTest" name="saveArrayOfGeoPoint" time="0"/>
  <testcase classname="io.cloudboost.CloudObjectTest" name="saveArrayOfCloudObject" time="7.041">
    <failure message="Bad Request" type="junit.framework.AssertionFailedError">junit.framework.AssertionFailedError: Bad Request
	at junit.framework.Assert.fail(Assert.java:47)
	at io.cloudboost.CloudObjectTest$20$1.done(CloudObjectTest.java:474)
	at io.cloudboost.CloudObject.save(CloudObject.java:879)
	at io.cloudboost.CloudObjectTest$20.done(CloudObjectTest.java:470)
	at io.cloudboost.CloudObject.save(CloudObject.java:875)
	at io.cloudboost.CloudObjectTest.saveArrayOfCloudObject(CloudObjectTest.java:463)
	at sun.reflect.NativeMethodAccessorImpl.invoke0(Native Method)
	at sun.reflect.NativeMethodAccessorImpl.invoke(NativeMethodAccessorImpl.java:62)
	at sun.reflect.DelegatingMethodAccessorImpl.invoke(DelegatingMethodAccessorImpl.java:43)
	at java.lang.reflect.Method.invoke(Method.java:483)
	at org.junit.runners.model.FrameworkMethod$1.runReflectiveCall(FrameworkMethod.java:44)
	at org.junit.internal.runners.model.ReflectiveCallable.run(ReflectiveCallable.java:15)
	at org.junit.runners.model.FrameworkMethod.invokeExplosively(FrameworkMethod.java:41)
	at org.junit.internal.runners.statements.InvokeMethod.evaluate(InvokeMethod.java:20)
	at org.junit.internal.runners.statements.FailOnTimeout$1.run(FailOnTimeout.java:28)
</failure>
    <system-out>ACL GOING INTO SAVE IS: {&quot;read&quot;:{&quot;allow&quot;:{&quot;role&quot;:[],&quot;user&quot;:[&quot;all&quot;]},&quot;deny&quot;:{&quot;role&quot;:[],&quot;user&quot;:[]}},&quot;write&quot;:{&quot;allow&quot;:{&quot;role&quot;:[],&quot;user&quot;:[&quot;all&quot;]},&quot;deny&quot;:{&quot;role&quot;:[],&quot;user&quot;:[]}}}
ACL GOING INTO SAVE IS: {&quot;read&quot;:{&quot;allow&quot;:{&quot;role&quot;:[],&quot;user&quot;:[&quot;all&quot;]},&quot;deny&quot;:{&quot;role&quot;:[],&quot;user&quot;:[]}},&quot;write&quot;:{&quot;allow&quot;:{&quot;role&quot;:[],&quot;user&quot;:[&quot;all&quot;]},&quot;deny&quot;:{&quot;role&quot;:[],&quot;user&quot;:[]}}}
</system-out>
  </testcase>
  <testcase classname="io.cloudboost.CloudObjectTest" name="saveWrongRelation" time="2.214"/>
  <testcase classname="io.cloudboost.CloudObjectTest" name="updateListAfterSave" time="3.512">
    <failure message="Bad Request" type="junit.framework.AssertionFailedError">junit.framework.AssertionFailedError: Bad Request
	at junit.framework.Assert.fail(Assert.java:47)
	at io.cloudboost.CloudObjectTest$21$1.done(CloudObjectTest.java:504)
	at io.cloudboost.CloudObject.save(CloudObject.java:879)
	at io.cloudboost.CloudObjectTest$21.done(CloudObjectTest.java:500)
	at io.cloudboost.CloudObject.save(CloudObject.java:875)
	at io.cloudboost.CloudObjectTest.updateListAfterSave(CloudObjectTest.java:493)
	at sun.reflect.NativeMethodAccessorImpl.invoke0(Native Method)
	at sun.reflect.NativeMethodAccessorImpl.invoke(NativeMethodAccessorImpl.java:62)
	at sun.reflect.DelegatingMethodAccessorImpl.invoke(DelegatingMethodAccessorImpl.java:43)
	at java.lang.reflect.Method.invoke(Method.java:483)
	at org.junit.runners.model.FrameworkMethod$1.runReflectiveCall(FrameworkMethod.java:44)
	at org.junit.internal.runners.model.ReflectiveCallable.run(ReflectiveCallable.java:15)
	at org.junit.runners.model.FrameworkMethod.invokeExplosively(FrameworkMethod.java:41)
	at org.junit.internal.runners.statements.InvokeMethod.evaluate(InvokeMethod.java:20)
	at org.junit.internal.runners.statements.FailOnTimeout$1.run(FailOnTimeout.java:28)
</failure>
    <system-out>ACL GOING INTO SAVE IS: {&quot;read&quot;:{&quot;allow&quot;:{&quot;role&quot;:[],&quot;user&quot;:[&quot;all&quot;]},&quot;deny&quot;:{&quot;role&quot;:[],&quot;user&quot;:[]}},&quot;write&quot;:{&quot;allow&quot;:{&quot;role&quot;:[],&quot;user&quot;:[&quot;all&quot;]},&quot;deny&quot;:{&quot;role&quot;:[],&quot;user&quot;:[]}}}
ACL GOING INTO SAVE IS: {&quot;read&quot;:{&quot;allow&quot;:{&quot;role&quot;:[],&quot;user&quot;:[&quot;all&quot;]},&quot;deny&quot;:{&quot;role&quot;:[],&quot;user&quot;:[]}},&quot;write&quot;:{&quot;allow&quot;:{&quot;role&quot;:[],&quot;user&quot;:[&quot;all&quot;]},&quot;deny&quot;:{&quot;role&quot;:[],&quot;user&quot;:[]}}}
</system-out>
  </testcase>
  <testcase classname="io.cloudboost.CloudObjectTest" name="saveArrayWithJSONObject" time="8.217">
    <failure message="Bad Request" type="junit.framework.AssertionFailedError">junit.framework.AssertionFailedError: Bad Request
	at junit.framework.Assert.fail(Assert.java:47)
	at io.cloudboost.CloudObjectTest$13.done(CloudObjectTest.java:313)
	at io.cloudboost.CloudObject.save(CloudObject.java:879)
	at io.cloudboost.CloudObjectTest.saveArrayWithJSONObject(CloudObjectTest.java:309)
	at sun.reflect.NativeMethodAccessorImpl.invoke0(Native Method)
	at sun.reflect.NativeMethodAccessorImpl.invoke(NativeMethodAccessorImpl.java:62)
	at sun.reflect.DelegatingMethodAccessorImpl.invoke(DelegatingMethodAccessorImpl.java:43)
	at java.lang.reflect.Method.invoke(Method.java:483)
	at org.junit.runners.model.FrameworkMethod$1.runReflectiveCall(FrameworkMethod.java:44)
	at org.junit.internal.runners.model.ReflectiveCallable.run(ReflectiveCallable.java:15)
	at org.junit.runners.model.FrameworkMethod.invokeExplosively(FrameworkMethod.java:41)
	at org.junit.internal.runners.statements.InvokeMethod.evaluate(InvokeMethod.java:20)
	at org.junit.internal.runners.statements.FailOnTimeout$1.run(FailOnTimeout.java:28)
</failure>
    <system-out>ACL GOING INTO SAVE IS: {&quot;read&quot;:{&quot;allow&quot;:{&quot;role&quot;:[],&quot;user&quot;:[&quot;all&quot;]},&quot;deny&quot;:{&quot;role&quot;:[],&quot;user&quot;:[]}},&quot;write&quot;:{&quot;allow&quot;:{&quot;role&quot;:[],&quot;user&quot;:[&quot;all&quot;]},&quot;deny&quot;:{&quot;role&quot;:[],&quot;user&quot;:[]}}}
</system-out>
  </testcase>
  <testcase classname="io.cloudboost.CloudObjectTest" name="createObjectNotice" time="1.926"/>
  <testcase classname="io.cloudboost.CloudObjectTest" name="updateObjectNotice" time="3.534"/>
  <testcase classname="io.cloudboost.CloudObjectTest" name="saveRelationWithVersion" time="0.901">
    <failure message="Bad Request" type="junit.framework.AssertionFailedError">junit.framework.AssertionFailedError: Bad Request
	at junit.framework.Assert.fail(Assert.java:47)
	at io.cloudboost.CloudObjectTest$14.done(CloudObjectTest.java:330)
	at io.cloudboost.CloudObject.save(CloudObject.java:879)
	at io.cloudboost.CloudObjectTest.saveRelationWithVersion(CloudObjectTest.java:326)
	at sun.reflect.NativeMethodAccessorImpl.invoke0(Native Method)
	at sun.reflect.NativeMethodAccessorImpl.invoke(NativeMethodAccessorImpl.java:62)
	at sun.reflect.DelegatingMethodAccessorImpl.invoke(DelegatingMethodAccessorImpl.java:43)
	at java.lang.reflect.Method.invoke(Method.java:483)
	at org.junit.runners.model.FrameworkMethod$1.runReflectiveCall(FrameworkMethod.java:44)
	at org.junit.internal.runners.model.ReflectiveCallable.run(ReflectiveCallable.java:15)
	at org.junit.runners.model.FrameworkMethod.invokeExplosively(FrameworkMethod.java:41)
	at org.junit.internal.runners.statements.InvokeMethod.evaluate(InvokeMethod.java:20)
	at org.junit.internal.runners.statements.FailOnTimeout$1.run(FailOnTimeout.java:28)
</failure>
    <system-out>ACL GOING INTO SAVE IS: {&quot;read&quot;:{&quot;allow&quot;:{&quot;role&quot;:[],&quot;user&quot;:[&quot;all&quot;]},&quot;deny&quot;:{&quot;role&quot;:[],&quot;user&quot;:[]}},&quot;write&quot;:{&quot;allow&quot;:{&quot;role&quot;:[],&quot;user&quot;:[&quot;all&quot;]},&quot;deny&quot;:{&quot;role&quot;:[],&quot;user&quot;:[]}}}
</system-out>
  </testcase>
  <testcase classname="io.cloudboost.CloudObjectTest" name="shouldSaveListNumberList" time="2.852"/>
  <testcase classname="io.cloudboost.CloudObjectTest" name="deleteObjectNotice" time="1.878"/>
  <testcase classname="io.cloudboost.CloudObjectTest" name="shouldStopListening" time="12.047"/>
  <testcase classname="io.cloudboost.CloudObjectTest" name="shouldSaveGeoPointList" time="2.461"/>
  <testcase classname="io.cloudboost.CloudObjectTest" name="shouldFetchCloudObject" time="2.721"/>
  <testcase classname="io.cloudboost.CloudObjectTest" name="shouldModifyListRelationOfSavedObject" time="0.928">
    <failure message="Bad Request" type="junit.framework.AssertionFailedError">junit.framework.AssertionFailedError: Bad Request
	at junit.framework.Assert.fail(Assert.java:47)
	at io.cloudboost.CloudObjectTest$44.done(CloudObjectTest.java:1091)
	at io.cloudboost.CloudObject.save(CloudObject.java:879)
	at io.cloudboost.CloudObjectTest.shouldModifyListRelationOfSavedObject(CloudObjectTest.java:1086)
	at sun.reflect.NativeMethodAccessorImpl.invoke0(Native Method)
	at sun.reflect.NativeMethodAccessorImpl.invoke(NativeMethodAccessorImpl.java:62)
	at sun.reflect.DelegatingMethodAccessorImpl.invoke(DelegatingMethodAccessorImpl.java:43)
	at java.lang.reflect.Method.invoke(Method.java:483)
	at org.junit.runners.model.FrameworkMethod$1.runReflectiveCall(FrameworkMethod.java:44)
	at org.junit.internal.runners.model.ReflectiveCallable.run(ReflectiveCallable.java:15)
	at org.junit.runners.model.FrameworkMethod.invokeExplosively(FrameworkMethod.java:41)
	at org.junit.internal.runners.statements.InvokeMethod.evaluate(InvokeMethod.java:20)
	at org.junit.internal.runners.statements.FailOnTimeout$1.run(FailOnTimeout.java:28)
</failure>
    <system-out>ACL GOING INTO SAVE IS: {&quot;read&quot;:{&quot;allow&quot;:{&quot;role&quot;:[],&quot;user&quot;:[&quot;all&quot;]},&quot;deny&quot;:{&quot;role&quot;:[],&quot;user&quot;:[]}},&quot;write&quot;:{&quot;allow&quot;:{&quot;role&quot;:[],&quot;user&quot;:[&quot;all&quot;]},&quot;deny&quot;:{&quot;role&quot;:[],&quot;user&quot;:[]}}}
</system-out>
  </testcase>
  <testcase classname="io.cloudboost.CloudObjectTest" name="shouldNotSaveDupRelationInUniqueFields" time="2.426">
    <failure message="Bad Request" type="junit.framework.AssertionFailedError">junit.framework.AssertionFailedError: Bad Request
	at junit.framework.Assert.fail(Assert.java:47)
	at io.cloudboost.CloudObjectTest$45.done(CloudObjectTest.java:1130)
	at io.cloudboost.CloudObject.save(CloudObject.java:879)
	at io.cloudboost.CloudObjectTest.shouldNotSaveDupRelationInUniqueFields(CloudObjectTest.java:1126)
	at sun.reflect.NativeMethodAccessorImpl.invoke0(Native Method)
	at sun.reflect.NativeMethodAccessorImpl.invoke(NativeMethodAccessorImpl.java:62)
	at sun.reflect.DelegatingMethodAccessorImpl.invoke(DelegatingMethodAccessorImpl.java:43)
	at java.lang.reflect.Method.invoke(Method.java:483)
	at org.junit.runners.model.FrameworkMethod$1.runReflectiveCall(FrameworkMethod.java:44)
	at org.junit.internal.runners.model.ReflectiveCallable.run(ReflectiveCallable.java:15)
	at org.junit.runners.model.FrameworkMethod.invokeExplosively(FrameworkMethod.java:41)
	at org.junit.internal.runners.statements.InvokeMethod.evaluate(InvokeMethod.java:20)
	at org.junit.internal.runners.statements.FailOnTimeout$1.run(FailOnTimeout.java:28)
</failure>
    <system-out>ACL GOING INTO SAVE IS: {&quot;read&quot;:{&quot;allow&quot;:{&quot;role&quot;:[],&quot;user&quot;:[&quot;all&quot;]},&quot;deny&quot;:{&quot;role&quot;:[],&quot;user&quot;:[]}},&quot;write&quot;:{&quot;allow&quot;:{&quot;role&quot;:[],&quot;user&quot;:[&quot;all&quot;]},&quot;deny&quot;:{&quot;role&quot;:[],&quot;user&quot;:[]}}}
</system-out>
  </testcase>
  <testcase classname="io.cloudboost.CloudObjectTest" name="shouldNotDupValuesInListAfterUpdate" time="11.344">
    <failure type="junit.framework.AssertionFailedError:">junit.framework.AssertionFailedError: null
	at junit.framework.Assert.fail(Assert.java:47)
	at io.cloudboost.CloudObjectTest$42.done(CloudObjectTest.java:1025)
	at io.cloudboost.CloudObject.save(CloudObject.java:879)
	at io.cloudboost.CloudObjectTest.shouldNotDupValuesInListAfterUpdate(CloudObjectTest.java:1020)
	at sun.reflect.NativeMethodAccessorImpl.invoke0(Native Method)
	at sun.reflect.NativeMethodAccessorImpl.invoke(NativeMethodAccessorImpl.java:62)
	at sun.reflect.DelegatingMethodAccessorImpl.invoke(DelegatingMethodAccessorImpl.java:43)
	at java.lang.reflect.Method.invoke(Method.java:483)
	at org.junit.runners.model.FrameworkMethod$1.runReflectiveCall(FrameworkMethod.java:44)
	at org.junit.internal.runners.model.ReflectiveCallable.run(ReflectiveCallable.java:15)
	at org.junit.runners.model.FrameworkMethod.invokeExplosively(FrameworkMethod.java:41)
	at org.junit.internal.runners.statements.InvokeMethod.evaluate(InvokeMethod.java:20)
	at org.junit.internal.runners.statements.FailOnTimeout$1.run(FailOnTimeout.java:28)
</failure>
    <system-out>ACL GOING INTO SAVE IS: {&quot;read&quot;:{&quot;allow&quot;:{&quot;role&quot;:[],&quot;user&quot;:[&quot;all&quot;]},&quot;deny&quot;:{&quot;role&quot;:[],&quot;user&quot;:[]}},&quot;write&quot;:{&quot;allow&quot;:{&quot;role&quot;:[],&quot;user&quot;:[&quot;all&quot;]},&quot;deny&quot;:{&quot;role&quot;:[],&quot;user&quot;:[]}}}
</system-out>
  </testcase>
  <testcase classname="io.cloudboost.CloudObjectTest" name="shouldNotSaveAnArrayOfDifferentObjects" time="10.887">
    <failure type="junit.framework.AssertionFailedError:">junit.framework.AssertionFailedError: null
	at junit.framework.Assert.fail(Assert.java:47)
	at io.cloudboost.CloudObjectTest$43.done(CloudObjectTest.java:1053)
	at io.cloudboost.CloudObject.save(CloudObject.java:879)
	at io.cloudboost.CloudObjectTest.shouldNotSaveAnArrayOfDifferentObjects(CloudObjectTest.java:1048)
	at sun.reflect.NativeMethodAccessorImpl.invoke0(Native Method)
	at sun.reflect.NativeMethodAccessorImpl.invoke(NativeMethodAccessorImpl.java:62)
	at sun.reflect.DelegatingMethodAccessorImpl.invoke(DelegatingMethodAccessorImpl.java:43)
	at java.lang.reflect.Method.invoke(Method.java:483)
	at org.junit.runners.model.FrameworkMethod$1.runReflectiveCall(FrameworkMethod.java:44)
	at org.junit.internal.runners.model.ReflectiveCallable.run(ReflectiveCallable.java:15)
	at org.junit.runners.model.FrameworkMethod.invokeExplosively(FrameworkMethod.java:41)
	at org.junit.internal.runners.statements.InvokeMethod.evaluate(InvokeMethod.java:20)
	at org.junit.internal.runners.statements.FailOnTimeout$1.run(FailOnTimeout.java:28)
</failure>
    <system-out>ACL GOING INTO SAVE IS: {&quot;read&quot;:{&quot;allow&quot;:{&quot;role&quot;:[],&quot;user&quot;:[&quot;all&quot;]},&quot;deny&quot;:{&quot;role&quot;:[],&quot;user&quot;:[]}},&quot;write&quot;:{&quot;allow&quot;:{&quot;role&quot;:[],&quot;user&quot;:[&quot;all&quot;]},&quot;deny&quot;:{&quot;role&quot;:[],&quot;user&quot;:[]}}}
</system-out>
  </testcase>
  <testcase classname="io.cloudboost.CloudObjectTest" name="shouldNotAllowMultipleDataTypesInArray" time="3.276"/>
  <testcase classname="io.cloudboost.CloudObjectTest" name="ShouldNotSaveWithoutRequiredColumn" time="2.15"/>
</testsuite>