<?xml version="1.0" encoding="UTF-8" ?>
<testsuite tests="45" failures="0" name="io.cloudboost.CloudObjectTest" time="134.973" errors="0" skipped="0">
  <properties>
[...]
</properties>
  <testcase classname="io.cloudboost.CloudObjectTest" name="shouldSaveRequiredNumberAs0" time="1.721"/>
  <testcase classname="io.cloudboost.CloudObjectTest" name="shouldUpdateVersionOnUpdate" time="2.789"/>
  <testcase classname="io.cloudboost.CloudObjectTest" name="saveEmptyArrayOfCloudObject" time="3.286"/>
  <testcase classname="io.cloudboost.CloudObjectTest" name="shouldAlertOnMultipleEvents" time="8.304"/>
  <testcase classname="io.cloudboost.CloudObjectTest" name="saveArrayWithWrongDataType" time="2.568"/>
  <testcase classname="io.cloudboost.CloudObjectTest" name="saveCloudObjectAsRelation" time="1.11"/>
  <testcase classname="io.cloudboost.CloudObjectTest" name="saveAnEmptyArrayOfCloudObject" time="2.063"/>
  <testcase classname="io.cloudboost.CloudObjectTest" name="shouldAlertOnAllThreeEvents" time="12.212"/>
  <testcase classname="io.cloudboost.CloudObjectTest" name="ShouldNotSaveWithWrongDataType" time="1.296"/>
  <testcase classname="io.cloudboost.CloudObjectTest" name="ShouldNotSaveDuplicateValue" time="2.03"/>
  <testcase classname="io.cloudboost.CloudObjectTest" name="saveAndDeleteArrayOfCloudObject" time="7.2"/>
  <testcase classname="io.cloudboost.CloudObjectTest" name="ShouldNotSaveStringIntoDate" time="0.83"/>
  <testcase classname="io.cloudboost.CloudObjectTest" name="shouldRejectWrongEventType" time="0.002"/>
  <testcase classname="io.cloudboost.CloudObjectTest" name="shouldNotUpdateCreatedAtOnUpdate" time="1.888"/>
  <testcase classname="io.cloudboost.CloudObjectTest" name="shouldNotSaveRelationWhenSchemaOfRelationObjectIsWrong" time="1.698"/>
  <testcase classname="io.cloudboost.CloudObjectTest" name="SaveData" time="0.97"/>
  <testcase classname="io.cloudboost.CloudObjectTest" name="saveJSON" time="0.001"/>
  <testcase classname="io.cloudboost.CloudObjectTest" name="shouldNotDupValuesInListAfterUpdate" time="2.791"/>
  <testcase classname="io.cloudboost.CloudObjectTest" name="shouldNotSaveAnArrayOfDifferentObjects" time="3.589"/>
  <testcase classname="io.cloudboost.CloudObjectTest" name="shouldNotAllowMultipleDataTypesInArray" time="0.99"/>
  <testcase classname="io.cloudboost.CloudObjectTest" name="ShouldNotSaveWithoutRequiredColumn" time="0.959"/>
  <testcase classname="io.cloudboost.CloudObjectTest" name="shouldNotSaveDupRelationInUniqueFields" time="2.321"/>
  <testcase classname="io.cloudboost.CloudObjectTest" name="saveRelationWithRelate" time="3.178"/>
  <testcase classname="io.cloudboost.CloudObjectTest" name="shouldGiveErrorWhenWrongDataIsPutInNumberField" time="0.839"/>
  <testcase classname="io.cloudboost.CloudObjectTest" name="shouldUnsetField" time="2.14"/>
  <testcase classname="io.cloudboost.CloudObjectTest" name="shouldNotSetId" time="0.002"/>
  <testcase classname="io.cloudboost.CloudObjectTest" name="updateAfterSave" time="2.327"/>
  <testcase classname="io.cloudboost.CloudObjectTest" name="deleteAfterSave" time="5.08"/>
  <testcase classname="io.cloudboost.CloudObjectTest" name="saveArray" time="1.051"/>
  <testcase classname="io.cloudboost.CloudObjectTest" name="createNotice" time="4.06"/>
  <testcase classname="io.cloudboost.CloudObjectTest" name="saveArrayWithJSONObject" time="2.005"/>
  <testcase classname="io.cloudboost.CloudObjectTest" name="saveRelationWithVersion" time="1.1"/>
  <testcase classname="io.cloudboost.CloudObjectTest" name="saveARelationWithRelate" time="2.288"/>
  <testcase classname="io.cloudboost.CloudObjectTest" name="shouldSaveGeoPointList" time="1.09"/>
  <testcase classname="io.cloudboost.CloudObjectTest" name="updateObjectNotice" time="10.126"/>
  <testcase classname="io.cloudboost.CloudObjectTest" name="saveArrayOfGeoPoint" time="0"/>
  <testcase classname="io.cloudboost.CloudObjectTest" name="shouldStopListening" time="10.234"/>
  <testcase classname="io.cloudboost.CloudObjectTest" name="saveWrongRelation" time="1.16"/>
  <testcase classname="io.cloudboost.CloudObjectTest" name="updateListAfterSave" time="7.356"/>
  <testcase classname="io.cloudboost.CloudObjectTest" name="saveArrayOfCloudObject" time="3.1"/>
  <testcase classname="io.cloudboost.CloudObjectTest" name="shouldSaveListNumberList" time="1.159"/>
  <testcase classname="io.cloudboost.CloudObjectTest" name="deleteObjectNotice" time="7.08"/>
  <testcase classname="io.cloudboost.CloudObjectTest" name="createObjectNotice" time="5.661"/>
  <testcase classname="io.cloudboost.CloudObjectTest" name="shouldFetchCloudObject" time="1.879"/>
  <testcase classname="io.cloudboost.CloudObjectTest" name="keepRelationIntact" time="1.44"/>
</testsuite>