<?xml version="1.0" encoding="UTF-8" ?>
<testsuite tests="34" failures="17" name="io.cloudboost.CreateTableTest" time="9.605" errors="0" skipped="0">
  <properties>
[...]
</properties>
  <testcase classname="io.cloudboost.CreateTableTest" name="deleteCompanyTable" time="0"/>
  <testcase classname="io.cloudboost.CreateTableTest" name="updateCompanySchema" time="0"/>
  <testcase classname="io.cloudboost.CreateTableTest" name="deleteAddressTable" time="0"/>
  <testcase classname="io.cloudboost.CreateTableTest" name="createCompanyTable" time="0"/>
  <testcase classname="io.cloudboost.CreateTableTest" name="deleteEmployeeTable" time="0"/>
  <testcase classname="io.cloudboost.CreateTableTest" name="createEmployeeTable" time="0"/>
  <testcase classname="io.cloudboost.CreateTableTest" name="createAddressTable" time="0"/>
  <testcase classname="io.cloudboost.CreateTableTest" name="updateEmployeeSchema" time="0"/>
  <testcase classname="io.cloudboost.CreateTableTest" name="createTableWith2UnderscoreColumns" time="0"/>
  <testcase classname="io.cloudboost.CreateTableTest" name="deleteEmptyTable" time="0.001"/>
  <testcase classname="io.cloudboost.CreateTableTest" name="createTableRole" time="0.335"/>
  <testcase classname="io.cloudboost.CreateTableTest" name="createTableUser" time="0.33"/>
  <testcase classname="io.cloudboost.CreateTableTest" name="createEmptyTable" time="0.001"/>
  <testcase classname="io.cloudboost.CreateTableTest" name="createEmpty" time="0.361">
    <failure type="junit.framework.AssertionFailedError:">junit.framework.AssertionFailedError: null
	at junit.framework.Assert.fail(Assert.java:47)
	at junit.framework.Assert.assertTrue(Assert.java:20)
	at junit.framework.Assert.assertTrue(Assert.java:27)
	at io.cloudboost.CreateTableTest$4.done(CreateTableTest.java:229)
	at io.cloudboost.CloudTable.save(CloudTable.java:371)
	at io.cloudboost.CreateTableTest.createEmpty(CreateTableTest.java:224)
	at sun.reflect.NativeMethodAccessorImpl.invoke0(Native Method)
	at sun.reflect.NativeMethodAccessorImpl.invoke(NativeMethodAccessorImpl.java:62)
	at sun.reflect.DelegatingMethodAccessorImpl.invoke(DelegatingMethodAccessorImpl.java:43)
	at java.lang.reflect.Method.invoke(Method.java:483)
	at org.junit.runners.model.FrameworkMethod$1.runReflectiveCall(FrameworkMethod.java:44)
	at org.junit.internal.runners.model.ReflectiveCallable.run(ReflectiveCallable.java:15)
	at org.junit.runners.model.FrameworkMethod.invokeExplosively(FrameworkMethod.java:41)
	at org.junit.internal.runners.statements.InvokeMethod.evaluate(InvokeMethod.java:20)
	at org.junit.internal.runners.statements.FailOnTimeout$1.run(FailOnTimeout.java:28)
</failure>
  </testcase>
  <testcase classname="io.cloudboost.CreateTableTest" name="updateCustomTable" time="0.368">
    <failure message="Cannot PUT /kisenyi/table/vygsxdpa" type="junit.framework.AssertionFailedError">junit.framework.AssertionFailedError: Cannot PUT /kisenyi/table/vygsxdpa
	at junit.framework.Assert.fail(Assert.java:47)
	at io.cloudboost.CreateTableTest$10.done(CreateTableTest.java:495)
	at io.cloudboost.CloudTable.save(CloudTable.java:371)
	at io.cloudboost.CreateTableTest.updateCustomTable(CreateTableTest.java:489)
	at sun.reflect.NativeMethodAccessorImpl.invoke0(Native Method)
	at sun.reflect.NativeMethodAccessorImpl.invoke(NativeMethodAccessorImpl.java:62)
	at sun.reflect.DelegatingMethodAccessorImpl.invoke(DelegatingMethodAccessorImpl.java:43)
	at java.lang.reflect.Method.invoke(Method.java:483)
	at org.junit.runners.model.FrameworkMethod$1.runReflectiveCall(FrameworkMethod.java:44)
	at org.junit.internal.runners.model.ReflectiveCallable.run(ReflectiveCallable.java:15)
	at org.junit.runners.model.FrameworkMethod.invokeExplosively(FrameworkMethod.java:41)
	at org.junit.internal.runners.statements.InvokeMethod.evaluate(InvokeMethod.java:20)
	at org.junit.internal.runners.statements.FailOnTimeout$1.run(FailOnTimeout.java:28)
</failure>
  </testcase>
  <testcase classname="io.cloudboost.CreateTableTest" name="createTableCustom14" time="0.473">
    <failure message="Cannot PUT /kisenyi/table/ckehzbxg" type="junit.framework.AssertionFailedError">junit.framework.AssertionFailedError: Cannot PUT /kisenyi/table/ckehzbxg
	at junit.framework.Assert.fail(Assert.java:47)
	at io.cloudboost.CreateTableTest$21.done(CreateTableTest.java:901)
	at io.cloudboost.CloudTable.save(CloudTable.java:371)
	at io.cloudboost.CreateTableTest.createTableCustom14(CreateTableTest.java:895)
	at sun.reflect.NativeMethodAccessorImpl.invoke0(Native Method)
	at sun.reflect.NativeMethodAccessorImpl.invoke(NativeMethodAccessorImpl.java:62)
	at sun.reflect.DelegatingMethodAccessorImpl.invoke(DelegatingMethodAccessorImpl.java:43)
	at java.lang.reflect.Method.invoke(Method.java:483)
	at org.junit.runners.model.FrameworkMethod$1.runReflectiveCall(FrameworkMethod.java:44)
	at org.junit.internal.runners.model.ReflectiveCallable.run(ReflectiveCallable.java:15)
	at org.junit.runners.model.FrameworkMethod.invokeExplosively(FrameworkMethod.java:41)
	at org.junit.internal.runners.statements.InvokeMethod.evaluate(InvokeMethod.java:20)
	at org.junit.internal.runners.statements.FailOnTimeout$1.run(FailOnTimeout.java:28)
</failure>
  </testcase>
  <testcase classname="io.cloudboost.CreateTableTest" name="createTableCustom1" time="0.358">
    <failure message="Cannot PUT /kisenyi/table/cdgqbbbq" type="junit.framework.AssertionFailedError">junit.framework.AssertionFailedError: Cannot PUT /kisenyi/table/cdgqbbbq
	at junit.framework.Assert.fail(Assert.java:47)
	at io.cloudboost.CreateTableTest$22.done(CreateTableTest.java:934)
	at io.cloudboost.CloudTable.save(CloudTable.java:371)
	at io.cloudboost.CreateTableTest.createTableCustom1(CreateTableTest.java:928)
	at sun.reflect.NativeMethodAccessorImpl.invoke0(Native Method)
	at sun.reflect.NativeMethodAccessorImpl.invoke(NativeMethodAccessorImpl.java:62)
	at sun.reflect.DelegatingMethodAccessorImpl.invoke(DelegatingMethodAccessorImpl.java:43)
	at java.lang.reflect.Method.invoke(Method.java:483)
	at org.junit.runners.model.FrameworkMethod$1.runReflectiveCall(FrameworkMethod.java:44)
	at org.junit.internal.runners.model.ReflectiveCallable.run(ReflectiveCallable.java:15)
	at org.junit.runners.model.FrameworkMethod.invokeExplosively(FrameworkMethod.java:41)
	at org.junit.internal.runners.statements.InvokeMethod.evaluate(InvokeMethod.java:20)
	at org.junit.internal.runners.statements.FailOnTimeout$1.run(FailOnTimeout.java:28)
</failure>
  </testcase>
  <testcase classname="io.cloudboost.CreateTableTest" name="createTableSample" time="0.746">
    <failure message="Cannot PUT /kisenyi/table/rkqycqiv" type="junit.framework.AssertionFailedError">junit.framework.AssertionFailedError: Cannot PUT /kisenyi/table/rkqycqiv
	at junit.framework.Assert.fail(Assert.java:47)
	at io.cloudboost.CreateTableTest$12.done(CreateTableTest.java:577)
	at io.cloudboost.CloudTable.save(CloudTable.java:371)
	at io.cloudboost.CreateTableTest.createTableSample(CreateTableTest.java:571)
	at sun.reflect.NativeMethodAccessorImpl.invoke0(Native Method)
	at sun.reflect.NativeMethodAccessorImpl.invoke(NativeMethodAccessorImpl.java:62)
	at sun.reflect.DelegatingMethodAccessorImpl.invoke(DelegatingMethodAccessorImpl.java:43)
	at java.lang.reflect.Method.invoke(Method.java:483)
	at org.junit.runners.model.FrameworkMethod$1.runReflectiveCall(FrameworkMethod.java:44)
	at org.junit.internal.runners.model.ReflectiveCallable.run(ReflectiveCallable.java:15)
	at org.junit.runners.model.FrameworkMethod.invokeExplosively(FrameworkMethod.java:41)
	at org.junit.internal.runners.statements.InvokeMethod.evaluate(InvokeMethod.java:20)
	at org.junit.internal.runners.statements.FailOnTimeout$1.run(FailOnTimeout.java:28)
</failure>
  </testcase>
  <testcase classname="io.cloudboost.CreateTableTest" name="createTableStudent4" time="0.001"/>
  <testcase classname="io.cloudboost.CreateTableTest" name="createTableCustom5" time="0.352">
    <failure message="Cannot PUT /kisenyi/table/lzvdfbbk" type="junit.framework.AssertionFailedError">junit.framework.AssertionFailedError: Cannot PUT /kisenyi/table/lzvdfbbk
	at junit.framework.Assert.fail(Assert.java:47)
	at io.cloudboost.CreateTableTest$11.done(CreateTableTest.java:533)
	at io.cloudboost.CloudTable.save(CloudTable.java:371)
	at io.cloudboost.CreateTableTest.createTableCustom5(CreateTableTest.java:527)
	at sun.reflect.NativeMethodAccessorImpl.invoke0(Native Method)
	at sun.reflect.NativeMethodAccessorImpl.invoke(NativeMethodAccessorImpl.java:62)
	at sun.reflect.DelegatingMethodAccessorImpl.invoke(DelegatingMethodAccessorImpl.java:43)
	at java.lang.reflect.Method.invoke(Method.java:483)
	at org.junit.runners.model.FrameworkMethod$1.runReflectiveCall(FrameworkMethod.java:44)
	at org.junit.internal.runners.model.ReflectiveCallable.run(ReflectiveCallable.java:15)
	at org.junit.runners.model.FrameworkMethod.invokeExplosively(FrameworkMethod.java:41)
	at org.junit.internal.runners.statements.InvokeMethod.evaluate(InvokeMethod.java:20)
	at org.junit.internal.runners.statements.FailOnTimeout$1.run(FailOnTimeout.java:28)
</failure>
  </testcase>
  <testcase classname="io.cloudboost.CreateTableTest" name="createTableStudent" time="0.37">
    <failure message="Cannot PUT /kisenyi/table/nlxjkbjz" type="junit.framework.AssertionFailedError">junit.framework.AssertionFailedError: Cannot PUT /kisenyi/table/nlxjkbjz
	at junit.framework.Assert.fail(Assert.java:47)
	at io.cloudboost.CreateTableTest$15.done(CreateTableTest.java:682)
	at io.cloudboost.CloudTable.save(CloudTable.java:371)
	at io.cloudboost.CreateTableTest.createTableStudent(CreateTableTest.java:676)
	at sun.reflect.NativeMethodAccessorImpl.invoke0(Native Method)
	at sun.reflect.NativeMethodAccessorImpl.invoke(NativeMethodAccessorImpl.java:62)
	at sun.reflect.DelegatingMethodAccessorImpl.invoke(DelegatingMethodAccessorImpl.java:43)
	at java.lang.reflect.Method.invoke(Method.java:483)
	at org.junit.runners.model.FrameworkMethod$1.runReflectiveCall(FrameworkMethod.java:44)
	at org.junit.internal.runners.model.ReflectiveCallable.run(ReflectiveCallable.java:15)
	at org.junit.runners.model.FrameworkMethod.invokeExplosively(FrameworkMethod.java:41)
	at org.junit.internal.runners.statements.InvokeMethod.evaluate(InvokeMethod.java:20)
	at org.junit.internal.runners.statements.FailOnTimeout$1.run(FailOnTimeout.java:28)
</failure>
  </testcase>
  <testcase classname="io.cloudboost.CreateTableTest" name="createTableCustom18" time="0.339">
    <failure message="Cannot PUT /kisenyi/table/hhdhggmh" type="junit.framework.AssertionFailedError">junit.framework.AssertionFailedError: Cannot PUT /kisenyi/table/hhdhggmh
	at junit.framework.Assert.fail(Assert.java:47)
	at io.cloudboost.CreateTableTest$16.done(CreateTableTest.java:711)
	at io.cloudboost.CloudTable.save(CloudTable.java:371)
	at io.cloudboost.CreateTableTest.createTableCustom18(CreateTableTest.java:705)
	at sun.reflect.NativeMethodAccessorImpl.invoke0(Native Method)
	at sun.reflect.NativeMethodAccessorImpl.invoke(NativeMethodAccessorImpl.java:62)
	at sun.reflect.DelegatingMethodAccessorImpl.invoke(DelegatingMethodAccessorImpl.java:43)
	at java.lang.reflect.Method.invoke(Method.java:483)
	at org.junit.runners.model.FrameworkMethod$1.runReflectiveCall(FrameworkMethod.java:44)
	at org.junit.internal.runners.model.ReflectiveCallable.run(ReflectiveCallable.java:15)
	at org.junit.runners.model.FrameworkMethod.invokeExplosively(FrameworkMethod.java:41)
	at org.junit.internal.runners.statements.InvokeMethod.evaluate(InvokeMethod.java:20)
	at org.junit.internal.runners.statements.FailOnTimeout$1.run(FailOnTimeout.java:28)
</failure>
  </testcase>
  <testcase classname="io.cloudboost.CreateTableTest" name="createTableCustom2" time="1.109">
    <failure message="Cannot PUT /kisenyi/table/glehvoof" type="junit.framework.AssertionFailedError">junit.framework.AssertionFailedError: Cannot PUT /kisenyi/table/glehvoof
	at junit.framework.Assert.fail(Assert.java:47)
	at io.cloudboost.CreateTableTest$19$1$1.done(CreateTableTest.java:818)
	at io.cloudboost.CloudTable.save(CloudTable.java:371)
	at io.cloudboost.CreateTableTest$19$1.done(CreateTableTest.java:812)
	at io.cloudboost.CloudTable.save(CloudTable.java:371)
	at io.cloudboost.CreateTableTest$19.done(CreateTableTest.java:799)
	at io.cloudboost.CloudTable.save(CloudTable.java:371)
	at io.cloudboost.CreateTableTest.createTableCustom2(CreateTableTest.java:795)
	at sun.reflect.NativeMethodAccessorImpl.invoke0(Native Method)
	at sun.reflect.NativeMethodAccessorImpl.invoke(NativeMethodAccessorImpl.java:62)
	at sun.reflect.DelegatingMethodAccessorImpl.invoke(DelegatingMethodAccessorImpl.java:43)
	at java.lang.reflect.Method.invoke(Method.java:483)
	at org.junit.runners.model.FrameworkMethod$1.runReflectiveCall(FrameworkMethod.java:44)
	at org.junit.internal.runners.model.ReflectiveCallable.run(ReflectiveCallable.java:15)
	at org.junit.runners.model.FrameworkMethod.invokeExplosively(FrameworkMethod.java:41)
	at org.junit.internal.runners.statements.InvokeMethod.evaluate(InvokeMethod.java:20)
	at org.junit.internal.runners.statements.FailOnTimeout$1.run(FailOnTimeout.java:28)
</failure>
  </testcase>
  <testcase classname="io.cloudboost.CreateTableTest" name="updateTableSample" time="0.001"/>
  <testcase classname="io.cloudboost.CreateTableTest" name="createTableCustom4" time="0.779">
    <failure message="Cannot PUT /kisenyi/table/dadblzzs" type="junit.framework.AssertionFailedError">junit.framework.AssertionFailedError: Cannot PUT /kisenyi/table/dadblzzs
	at junit.framework.Assert.fail(Assert.java:47)
	at io.cloudboost.CreateTableTest$20$1.done(CreateTableTest.java:863)
	at io.cloudboost.CloudTable.save(CloudTable.java:371)
	at io.cloudboost.CreateTableTest$20.done(CreateTableTest.java:857)
	at io.cloudboost.CloudTable.save(CloudTable.java:371)
	at io.cloudboost.CreateTableTest.createTableCustom4(CreateTableTest.java:847)
	at sun.reflect.NativeMethodAccessorImpl.invoke0(Native Method)
	at sun.reflect.NativeMethodAccessorImpl.invoke(NativeMethodAccessorImpl.java:62)
	at sun.reflect.DelegatingMethodAccessorImpl.invoke(DelegatingMethodAccessorImpl.java:43)
	at java.lang.reflect.Method.invoke(Method.java:483)
	at org.junit.runners.model.FrameworkMethod$1.runReflectiveCall(FrameworkMethod.java:44)
	at org.junit.internal.runners.model.ReflectiveCallable.run(ReflectiveCallable.java:15)
	at org.junit.runners.model.FrameworkMethod.invokeExplosively(FrameworkMethod.java:41)
	at org.junit.internal.runners.statements.InvokeMethod.evaluate(InvokeMethod.java:20)
	at org.junit.internal.runners.statements.FailOnTimeout$1.run(FailOnTimeout.java:28)
</failure>
  </testcase>
  <testcase classname="io.cloudboost.CreateTableTest" name="createTablestudent1" time="1.15">
    <failure message="Cannot PUT /kisenyi/table/mkdwchix" type="junit.framework.AssertionFailedError">junit.framework.AssertionFailedError: Cannot PUT /kisenyi/table/mkdwchix
	at junit.framework.Assert.fail(Assert.java:47)
	at io.cloudboost.CreateTableTest$14$1.done(CreateTableTest.java:644)
	at io.cloudboost.CloudTable.save(CloudTable.java:371)
	at io.cloudboost.CreateTableTest$14.done(CreateTableTest.java:638)
	at io.cloudboost.CloudTable.save(CloudTable.java:371)
	at io.cloudboost.CreateTableTest.createTablestudent1(CreateTableTest.java:627)
	at sun.reflect.NativeMethodAccessorImpl.invoke0(Native Method)
	at sun.reflect.NativeMethodAccessorImpl.invoke(NativeMethodAccessorImpl.java:62)
	at sun.reflect.DelegatingMethodAccessorImpl.invoke(DelegatingMethodAccessorImpl.java:43)
	at java.lang.reflect.Method.invoke(Method.java:483)
	at org.junit.runners.model.FrameworkMethod$1.runReflectiveCall(FrameworkMethod.java:44)
	at org.junit.internal.runners.model.ReflectiveCallable.run(ReflectiveCallable.java:15)
	at org.junit.runners.model.FrameworkMethod.invokeExplosively(FrameworkMethod.java:41)
	at org.junit.internal.runners.statements.InvokeMethod.evaluate(InvokeMethod.java:20)
	at org.junit.internal.runners.statements.FailOnTimeout$1.run(FailOnTimeout.java:28)
</failure>
  </testcase>
  <testcase classname="io.cloudboost.CreateTableTest" name="createTableHostel" time="0.351">
    <failure message="Cannot PUT /kisenyi/table/shkybsut" type="junit.framework.AssertionFailedError">junit.framework.AssertionFailedError: Cannot PUT /kisenyi/table/shkybsut
	at junit.framework.Assert.fail(Assert.java:47)
	at io.cloudboost.CreateTableTest$13.done(CreateTableTest.java:605)
	at io.cloudboost.CloudTable.save(CloudTable.java:371)
	at io.cloudboost.CreateTableTest.createTableHostel(CreateTableTest.java:599)
	at sun.reflect.NativeMethodAccessorImpl.invoke0(Native Method)
	at sun.reflect.NativeMethodAccessorImpl.invoke(NativeMethodAccessorImpl.java:62)
	at sun.reflect.DelegatingMethodAccessorImpl.invoke(DelegatingMethodAccessorImpl.java:43)
	at java.lang.reflect.Method.invoke(Method.java:483)
	at org.junit.runners.model.FrameworkMethod$1.runReflectiveCall(FrameworkMethod.java:44)
	at org.junit.internal.runners.model.ReflectiveCallable.run(ReflectiveCallable.java:15)
	at org.junit.runners.model.FrameworkMethod.invokeExplosively(FrameworkMethod.java:41)
	at org.junit.internal.runners.statements.InvokeMethod.evaluate(InvokeMethod.java:20)
	at org.junit.internal.runners.statements.FailOnTimeout$1.run(FailOnTimeout.java:28)
</failure>
  </testcase>
  <testcase classname="io.cloudboost.CreateTableTest" name="createTableCustom7" time="0.369">
    <failure message="Cannot PUT /kisenyi/table/cazudhjx" type="junit.framework.AssertionFailedError">junit.framework.AssertionFailedError: Cannot PUT /kisenyi/table/cazudhjx
	at junit.framework.Assert.fail(Assert.java:47)
	at io.cloudboost.CreateTableTest$18.done(CreateTableTest.java:770)
	at io.cloudboost.CloudTable.save(CloudTable.java:371)
	at io.cloudboost.CreateTableTest.createTableCustom7(CreateTableTest.java:764)
	at sun.reflect.NativeMethodAccessorImpl.invoke0(Native Method)
	at sun.reflect.NativeMethodAccessorImpl.invoke(NativeMethodAccessorImpl.java:62)
	at sun.reflect.DelegatingMethodAccessorImpl.invoke(DelegatingMethodAccessorImpl.java:43)
	at java.lang.reflect.Method.invoke(Method.java:483)
	at org.junit.runners.model.FrameworkMethod$1.runReflectiveCall(FrameworkMethod.java:44)
	at org.junit.internal.runners.model.ReflectiveCallable.run(ReflectiveCallable.java:15)
	at org.junit.runners.model.FrameworkMethod.invokeExplosively(FrameworkMethod.java:41)
	at org.junit.internal.runners.statements.InvokeMethod.evaluate(InvokeMethod.java:20)
	at org.junit.internal.runners.statements.FailOnTimeout$1.run(FailOnTimeout.java:28)
</failure>
  </testcase>
  <testcase classname="io.cloudboost.CreateTableTest" name="deleteUnderscoreTable" time="0.001"/>
  <testcase classname="io.cloudboost.CreateTableTest" name="createTableCustom" time="0.388">
    <failure message="Cannot PUT /kisenyi/table/zpfbymbd" type="junit.framework.AssertionFailedError">junit.framework.AssertionFailedError: Cannot PUT /kisenyi/table/zpfbymbd
	at junit.framework.Assert.fail(Assert.java:47)
	at io.cloudboost.CreateTableTest$9.done(CreateTableTest.java:454)
	at io.cloudboost.CloudTable.save(CloudTable.java:371)
	at io.cloudboost.CreateTableTest.createTableCustom(CreateTableTest.java:448)
	at sun.reflect.NativeMethodAccessorImpl.invoke0(Native Method)
	at sun.reflect.NativeMethodAccessorImpl.invoke(NativeMethodAccessorImpl.java:62)
	at sun.reflect.DelegatingMethodAccessorImpl.invoke(DelegatingMethodAccessorImpl.java:43)
	at java.lang.reflect.Method.invoke(Method.java:483)
	at org.junit.runners.model.FrameworkMethod$1.runReflectiveCall(FrameworkMethod.java:44)
	at org.junit.internal.runners.model.ReflectiveCallable.run(ReflectiveCallable.java:15)
	at org.junit.runners.model.FrameworkMethod.invokeExplosively(FrameworkMethod.java:41)
	at org.junit.internal.runners.statements.InvokeMethod.evaluate(InvokeMethod.java:20)
	at org.junit.internal.runners.statements.FailOnTimeout$1.run(FailOnTimeout.java:28)
</failure>
  </testcase>
  <testcase classname="io.cloudboost.CreateTableTest" name="deleteCreatestudent_4" time="0.351"/>
  <testcase classname="io.cloudboost.CreateTableTest" name="createTableCustom3" time="0.369">
    <failure message="Cannot PUT /kisenyi/table/cewwpcxx" type="junit.framework.AssertionFailedError">junit.framework.AssertionFailedError: Cannot PUT /kisenyi/table/cewwpcxx
	at junit.framework.Assert.fail(Assert.java:47)
	at io.cloudboost.CreateTableTest$17.done(CreateTableTest.java:740)
	at io.cloudboost.CloudTable.save(CloudTable.java:371)
	at io.cloudboost.CreateTableTest.createTableCustom3(CreateTableTest.java:734)
	at sun.reflect.NativeMethodAccessorImpl.invoke0(Native Method)
	at sun.reflect.NativeMethodAccessorImpl.invoke(NativeMethodAccessorImpl.java:62)
	at sun.reflect.DelegatingMethodAccessorImpl.invoke(DelegatingMethodAccessorImpl.java:43)
	at java.lang.reflect.Method.invoke(Method.java:483)
	at org.junit.runners.model.FrameworkMethod$1.runReflectiveCall(FrameworkMethod.java:44)
	at org.junit.internal.runners.model.ReflectiveCallable.run(ReflectiveCallable.java:15)
	at org.junit.runners.model.FrameworkMethod.invokeExplosively(FrameworkMethod.java:41)
	at org.junit.internal.runners.statements.InvokeMethod.evaluate(InvokeMethod.java:20)
	at org.junit.internal.runners.statements.FailOnTimeout$1.run(FailOnTimeout.java:28)
</failure>
  </testcase>
  <testcase classname="io.cloudboost.CreateTableTest" name="sequentialTests_0" time="0.361">
    <failure message="Cannot PUT /kisenyi/table/cifrnjxq" type="junit.framework.AssertionFailedError">junit.framework.AssertionFailedError: Cannot PUT /kisenyi/table/cifrnjxq
	at junit.framework.Assert.fail(Assert.java:47)
	at io.cloudboost.CreateTableTest$1.done(CreateTableTest.java:31)
	at io.cloudboost.CloudTable.save(CloudTable.java:371)
	at io.cloudboost.CreateTableTest.sequentialTests_0(CreateTableTest.java:25)
	at sun.reflect.NativeMethodAccessorImpl.invoke0(Native Method)
	at sun.reflect.NativeMethodAccessorImpl.invoke(NativeMethodAccessorImpl.java:62)
	at sun.reflect.DelegatingMethodAccessorImpl.invoke(DelegatingMethodAccessorImpl.java:43)
	at java.lang.reflect.Method.invoke(Method.java:483)
	at org.junit.runners.model.FrameworkMethod$1.runReflectiveCall(FrameworkMethod.java:44)
	at org.junit.internal.runners.model.ReflectiveCallable.run(ReflectiveCallable.java:15)
	at org.junit.runners.model.FrameworkMethod.invokeExplosively(FrameworkMethod.java:41)
	at org.junit.internal.runners.statements.InvokeMethod.evaluate(InvokeMethod.java:20)
	at org.junit.internal.runners.statements.FailOnTimeout$1.run(FailOnTimeout.java:28)
</failure>
  </testcase>
  <testcase classname="io.cloudboost.CreateTableTest" name="deleteCreateUnderscore" time="0.341">
    <failure type="junit.framework.AssertionFailedError:">junit.framework.AssertionFailedError: null
	at junit.framework.Assert.fail(Assert.java:47)
	at junit.framework.Assert.assertTrue(Assert.java:20)
	at junit.framework.Assert.assertTrue(Assert.java:27)
	at io.cloudboost.CreateTableTest$5.done(CreateTableTest.java:249)
	at io.cloudboost.CloudTable.save(CloudTable.java:371)
	at io.cloudboost.CreateTableTest.deleteCreateUnderscore(CreateTableTest.java:244)
	at sun.reflect.NativeMethodAccessorImpl.invoke0(Native Method)
	at sun.reflect.NativeMethodAccessorImpl.invoke(NativeMethodAccessorImpl.java:62)
	at sun.reflect.DelegatingMethodAccessorImpl.invoke(DelegatingMethodAccessorImpl.java:43)
	at java.lang.reflect.Method.invoke(Method.java:483)
	at org.junit.runners.model.FrameworkMethod$1.runReflectiveCall(FrameworkMethod.java:44)
	at org.junit.internal.runners.model.ReflectiveCallable.run(ReflectiveCallable.java:15)
	at org.junit.runners.model.FrameworkMethod.invokeExplosively(FrameworkMethod.java:41)
	at org.junit.internal.runners.statements.InvokeMethod.evaluate(InvokeMethod.java:20)
	at org.junit.internal.runners.statements.FailOnTimeout$1.run(FailOnTimeout.java:28)
</failure>
  </testcase>
</testsuite>