<?xml version="1.0" encoding="UTF-8" ?>
<testsuite tests="40" failures="3" name="io.cloudboost.CloudQueueTest" time="170.077" errors="0" skipped="0">
  <properties>
[...]
</properties>
  <testcase classname="io.cloudboost.CloudQueueTest" name="push" time="0.94"/>
  <testcase classname="io.cloudboost.CloudQueueTest" name="getMessagesInFIFO" time="3.32"/>
  <testcase classname="io.cloudboost.CloudQueueTest" name="shouldDeleteSubscriber" time="1.73"/>
  <testcase classname="io.cloudboost.CloudQueueTest" name="shouldDeleteQueueByName" time="10.003">
    <failure type="junit.framework.AssertionFailedError:">junit.framework.AssertionFailedError: null
	at junit.framework.Assert.fail(Assert.java:47)
	at io.cloudboost.CloudQueueTest$27.done(CloudQueueTest.java:968)
	at io.cloudboost.CloudQueue.push(CloudQueue.java:547)
	at io.cloudboost.CloudQueueTest.shouldDeleteQueueByName(CloudQueueTest.java:963)
	at sun.reflect.NativeMethodAccessorImpl.invoke0(Native Method)
	at sun.reflect.NativeMethodAccessorImpl.invoke(NativeMethodAccessorImpl.java:62)
	at sun.reflect.DelegatingMethodAccessorImpl.invoke(DelegatingMethodAccessorImpl.java:43)
	at java.lang.reflect.Method.invoke(Method.java:483)
	at org.junit.runners.model.FrameworkMethod$1.runReflectiveCall(FrameworkMethod.java:44)
	at org.junit.internal.runners.model.ReflectiveCallable.run(ReflectiveCallable.java:15)
	at org.junit.runners.model.FrameworkMethod.invokeExplosively(FrameworkMethod.java:41)
	at org.junit.internal.runners.statements.InvokeMethod.evaluate(InvokeMethod.java:20)
	at org.junit.internal.runners.statements.FailOnTimeout$1.run(FailOnTimeout.java:28)
</failure>
  </testcase>
  <testcase classname="io.cloudboost.CloudQueueTest" name="shouldDeleteTheQueue" time="5.723"/>
  <testcase classname="io.cloudboost.CloudQueueTest" name="pushDuplicateMessages" time="1.963"/>
  <testcase classname="io.cloudboost.CloudQueueTest" name="shouldGetMessageById" time="9.348"/>
  <testcase classname="io.cloudboost.CloudQueueTest" name="pullMessageAfterDelay" time="4.46"/>
  <testcase classname="io.cloudboost.CloudQueueTest" name="shouldUpdateQueue" time="7.193"/>
  <testcase classname="io.cloudboost.CloudQueueTest" name="shouldGetQueueByName" time="6.699"/>
  <testcase classname="io.cloudboost.CloudQueueTest" name="dontAllowEmptyQueueName" time="0.001"/>
  <testcase classname="io.cloudboost.CloudQueueTest" name="pullMessageAfterTimeout" time="17.133"/>
  <testcase classname="io.cloudboost.CloudQueueTest" name="pushAndPullSameMessage" time="1.728"/>
  <testcase classname="io.cloudboost.CloudQueueTest" name="shouldPeekTwoMessages" time="10.653"/>
  <testcase classname="io.cloudboost.CloudQueueTest" name="deleteByMessageObject" time="1.671"/>
  <testcase classname="io.cloudboost.CloudQueueTest" name="shouldNotGetAfterDelete" time="2.359"/>
  <testcase classname="io.cloudboost.CloudQueueTest" name="shouldNotPullFromInexistentQueue" time="1.149"/>
  <testcase classname="io.cloudboost.CloudQueueTest" name="shoulNotPullSameMessageTwice" time="2.5"/>
  <testcase classname="io.cloudboost.CloudQueueTest" name="shouldNotSubscribeInvalidUrl" time="0.73"/>
  <testcase classname="io.cloudboost.CloudQueueTest" name="shouldNotGetTheQueueWithNullName" time="2.047"/>
  <testcase classname="io.cloudboost.CloudQueueTest" name="shouldNotGetInexistentQueue" time="6.034"/>
  <testcase classname="io.cloudboost.CloudQueueTest" name="shouldAddandRemoveSubscriber" time="1.826"/>
  <testcase classname="io.cloudboost.CloudQueueTest" name="shouldNotPullMessageWithDelay" time="1.899"/>
  <testcase classname="io.cloudboost.CloudQueueTest" name="shouldGetNullForWrongMessageById" time="6.966"/>
  <testcase classname="io.cloudboost.CloudQueueTest" name="shouldAddSubscriberToQueue" time="0.828"/>
  <testcase classname="io.cloudboost.CloudQueueTest" name="shouldDeleteMultipleSubscribers" time="1.862"/>
  <testcase classname="io.cloudboost.CloudQueueTest" name="shouldAddMultiplerSubscribers" time="1.14"/>
  <testcase classname="io.cloudboost.CloudQueueTest" name="refreshMessageTimeoutUnSpecifiedTimeout" time="1.96"/>
  <testcase classname="io.cloudboost.CloudQueueTest" name="refreshMessageTimeoutSpecifiedTimeout" time="2.177"/>
  <testcase classname="io.cloudboost.CloudQueueTest" name="shouldPullTwo" time="3.013"/>
  <testcase classname="io.cloudboost.CloudQueueTest" name="shouldPeekTwo" time="11.038">
    <failure type="junit.framework.AssertionFailedError:">junit.framework.AssertionFailedError: null
	at junit.framework.Assert.fail(Assert.java:47)
	at io.cloudboost.CloudQueueTest$11$1.done(CloudQueueTest.java:383)
	at io.cloudboost.CloudQueue.push(CloudQueue.java:547)
	at io.cloudboost.CloudQueueTest$11.done(CloudQueueTest.java:377)
	at io.cloudboost.CloudQueue.push(CloudQueue.java:545)
	at io.cloudboost.CloudQueueTest.shouldPeekTwo(CloudQueueTest.java:368)
	at sun.reflect.NativeMethodAccessorImpl.invoke0(Native Method)
	at sun.reflect.NativeMethodAccessorImpl.invoke(NativeMethodAccessorImpl.java:62)
	at sun.reflect.DelegatingMethodAccessorImpl.invoke(DelegatingMethodAccessorImpl.java:43)
	at java.lang.reflect.Method.invoke(Method.java:483)
	at org.junit.runners.model.FrameworkMethod$1.runReflectiveCall(FrameworkMethod.java:44)
	at org.junit.internal.runners.model.ReflectiveCallable.run(ReflectiveCallable.java:15)
	at org.junit.runners.model.FrameworkMethod.invokeExplosively(FrameworkMethod.java:41)
	at org.junit.internal.runners.statements.InvokeMethod.evaluate(InvokeMethod.java:20)
	at org.junit.internal.runners.statements.FailOnTimeout$1.run(FailOnTimeout.java:28)
</failure>
  </testcase>
  <testcase classname="io.cloudboost.CloudQueueTest" name="pushArray" time="3.601"/>
  <testcase classname="io.cloudboost.CloudQueueTest" name="shouldPeek" time="2.001"/>
  <testcase classname="io.cloudboost.CloudQueueTest" name="pushMessageArray" time="3.319"/>
  <testcase classname="io.cloudboost.CloudQueueTest" name="shouldGetQueue" time="2.118"/>
  <testcase classname="io.cloudboost.CloudQueueTest" name="shouldClearQueue" time="11.706">
    <failure type="junit.framework.AssertionFailedError:">junit.framework.AssertionFailedError: null
	at junit.framework.Assert.fail(Assert.java:47)
	at io.cloudboost.CloudQueueTest$29$1.done(CloudQueueTest.java:1054)
	at io.cloudboost.CloudQueue.clear(CloudQueue.java:659)
	at io.cloudboost.CloudQueueTest$29.done(CloudQueueTest.java:1049)
	at io.cloudboost.CloudQueue.push(CloudQueue.java:545)
	at io.cloudboost.CloudQueueTest.shouldClearQueue(CloudQueueTest.java:1040)
	at sun.reflect.NativeMethodAccessorImpl.invoke0(Native Method)
	at sun.reflect.NativeMethodAccessorImpl.invoke(NativeMethodAccessorImpl.java:62)
	at sun.reflect.DelegatingMethodAccessorImpl.invoke(DelegatingMethodAccessorImpl.java:43)
	at java.lang.reflect.Method.invoke(Method.java:483)
	at org.junit.runners.model.FrameworkMethod$1.runReflectiveCall(FrameworkMethod.java:44)
	at org.junit.internal.runners.model.ReflectiveCallable.run(ReflectiveCallable.java:15)
	at org.junit.runners.model.FrameworkMethod.invokeExplosively(FrameworkMethod.java:41)
	at org.junit.internal.runners.statements.InvokeMethod.evaluate(InvokeMethod.java:20)
	at org.junit.internal.runners.statements.FailOnTimeout$1.run(FailOnTimeout.java:28)
</failure>
  </testcase>
  <testcase classname="io.cloudboost.CloudQueueTest" name="deleteById" time="4.706"/>
  <testcase classname="io.cloudboost.CloudQueueTest" name="noPushNull" time="0.001"/>
  <testcase classname="io.cloudboost.CloudQueueTest" name="shoulGetAll" time="2.213"/>
  <testcase classname="io.cloudboost.CloudQueueTest" name="refreshMessageTimeoutPulledMessage" time="10.319"/>
</testsuite>